<?xml version="1.0" encoding="UTF-8"?>
<!-- Generated by org.testng.reporters.JUnitXMLReporter -->
<testsuite ignored="0" hostname="DESKTOP-5G1UN2J" failures="7" tests="226" name="Test" time="328.772" errors="0" timestamp="2023-05-09T10:00:26 IST">
  <testcase classname="testpages.TreasuryReceiptTest" name="loginWithCashier" time="1.003"/>
  <testcase classname="testpages.TreasuryReceiptTest" name="FinancialWorkIsClickable" time="1.088"/>
  <testcase classname="testpages.TreasuryReceiptTest" name="namuna13Entryisclicakbale" time="1.388"/>
  <testcase classname="testpages.TreasuryReceiptTest" name="FYYearisselectable" time="1.199"/>
  <testcase classname="testpages.TreasuryReceiptTest" name="entrytypeselectable" time="1.24"/>
  <testcase classname="testpages.TreasuryReceiptTest" name="groupcashbookisselectable" time="1.359"/>
  <testcase classname="testpages.TreasuryReceiptTest" name="cashbookisselectable" time="1.178"/>
  <testcase classname="testpages.TreasuryReceiptTest" name="chllandatecanenter" time="1.605"/>
  <testcase classname="testpages.TreasuryReceiptTest" name="chllannumbercanenter" time="1.681"/>
  <testcase classname="testpages.TreasuryReceiptTest" name="RTGSDDnumbercanenter" time="1.61"/>
  <testcase classname="testpages.TreasuryReceiptTest" name="DepartmentcanSelect" time="1.238"/>
  <testcase classname="testpages.TreasuryReceiptTest" name="HeadcodecanSelect" time="1.102"/>
  <testcase classname="testpages.TreasuryReceiptTest" name="HeadcodecanSelectbyscrolling" time="7.123"/>
  <testcase classname="testpages.TreasuryReceiptTest" name="HeadcodecanSelectbyselect" time="1.098"/>
  <testcase classname="testpages.TreasuryReceiptTest" name="Reeiptamountcanenter" time="1.602"/>
  <testcase classname="testpages.TreasuryReceiptTest" name="canselectapprovedby" time="1.839"/>
  <testcase classname="testpages.TreasuryReceiptTest" name="enterdetailsforReceipt" time="1.144"/>
  <testcase classname="testpages.TreasuryReceiptTest" name="SaveButtonisClickable" time="1.077"/>
  <testcase classname="testpages.TreasuryReceiptTest" name="YesButtonisClickable" time="1.22"/>
  <testcase classname="testpages.TreasuryReceiptTest" name="OKButtonisClickable" time="1.09"/>
  <testcase classname="testpages.TreasuryReceiptTest" name="backButtonisClickable" time="1.092"/>
  <testcase classname="testpages.TreasuryReceiptTest" name="logoutButtonisClickable" time="1.1"/>
  <testcase classname="testpages.TreasuryReceiptTest" name="yesforlogoutButtonisClickable" time="1.295"/>
  <testcase classname="testpages.TreasuryReceiptTest" name="loginWithDycafo" time="0.841"/>
  <testcase classname="testpages.TreasuryReceiptTest" name="mastermenutabisClickable" time="1.067"/>
  <testcase classname="testpages.TreasuryReceiptTest" name="treasuryapprovalsubmenuisClickable" time="1.209"/>
  <testcase classname="testpages.TreasuryReceiptTest" name="Checkboxisclickable" time="1.087"/>
  <testcase classname="testpages.TreasuryReceiptTest" name="Approvebuttonisclickable" time="1.188"/>
  <testcase classname="testpages.TreasuryReceiptTest" name="yesbuttonisclickable" time="1.181"/>
  <testcase classname="testpages.TreasuryReceiptTest" name="okbuttonisclickable" time="1.088"/>
  <testcase classname="testpages.TreasuryReceiptTest" name="backButtonisClickable1" time="1.193"/>
  <testcase classname="testpages.TreasuryReceiptTest" name="logoutButtonisClickable1" time="1.094"/>
  <testcase classname="testpages.TreasuryReceiptTest" name="yesforlogoutButtonisClickable1" time="1.229"/>
  <testcase classname="testpages.AdministrativeApprovalTest" name="loginWithMaker" time="0.598"/>
  <testcase classname="testpages.AdministrativeApprovalTest" name="AdministrativeWorkIsClickable" time="1.061"/>
  <testcase classname="testpages.AdministrativeApprovalTest" name="AdministrativeDeatilsIsHovering" time="1.171"/>
  <testcase classname="testpages.AdministrativeApprovalTest" name="AdministrativeApprovalCreationIsClickable" time="1.261"/>
  <testcase classname="testpages.AdministrativeApprovalTest" name="rokhvahigatIsSelectable" time="1.24"/>
  <testcase classname="testpages.AdministrativeApprovalTest" name="rokhvahiIsSelectable" time="1.206"/>
  <testcase classname="testpages.AdministrativeApprovalTest" name="Enterheadcode" time="1.194"/>
  <testcase classname="testpages.AdministrativeApprovalTest" name="HeadcodeisSelectable" time="1.135"/>
  <testcase classname="testpages.AdministrativeApprovalTest" name="AAYearisSelectable" time="1.235"/>
  <testcase classname="testpages.AdministrativeApprovalTest" name="TalukaIsSelectable" time="1.312"/>
  <testcase classname="testpages.AdministrativeApprovalTest" name="VillageIsSelectable" time="1.189"/>
  <testcase classname="testpages.AdministrativeApprovalTest" name="CanEnterConstiuency" time="1.118"/>
  <testcase classname="testpages.AdministrativeApprovalTest" name="canEnterpramanumber" time="0.161"/>
  <testcase classname="testpages.AdministrativeApprovalTest" name="PrmaDatefieldIsSelectable" time="1.155"/>
  <testcase classname="testpages.AdministrativeApprovalTest" name="PrmaDateIsSelectable" time="1.138"/>
  <testcase classname="testpages.AdministrativeApprovalTest" name="canEnterpramaamount" time="1.183"/>
  <testcase classname="testpages.AdministrativeApprovalTest" name="fileuploadispossible" time="1.506"/>
  <testcase classname="testpages.AdministrativeApprovalTest" name="fileuploadbuttonisclicakble" time="1.153"/>
  <testcase classname="testpages.AdministrativeApprovalTest" name="aasavebuttonisclickable" time="1.134"/>
  <testcase classname="testpages.AdministrativeApprovalTest" name="aayesbuttonisclickable" time="1.096"/>
  <testcase classname="testpages.AdministrativeApprovalTest" name="aaokbuttonisclickable" time="1.192"/>
  <testcase classname="testpages.AdministrativeApprovalTest" name="Backbuttonisclickable" time="1.094"/>
  <testcase classname="testpages.AdministrativeApprovalTest" name="AdministrativeWorkIsClickable1" time="1.094"/>
  <testcase classname="testpages.AdministrativeApprovalTest" name="MovetoAADetails" time="1.186"/>
  <testcase classname="testpages.AdministrativeApprovalTest" name="ClickonAAoutbox" time="1.331"/>
  <testcase classname="testpages.AdministrativeApprovalTest" name="StatusIsSelectable" time="1.377"/>
  <testcase classname="testpages.AdministrativeApprovalTest" name="SearchTextboxacceptcharacters" time="1.164"/>
  <testcase classname="testpages.AdministrativeApprovalTest" name="aaslipdisplay" time="1.097"/>
  <testcase classname="testpages.AdministrativeApprovalTest" name="Backbuttonisclickable1" time="1.156"/>
  <testcase classname="testpages.AdministrativeApprovalTest" name="AAOutboxBackButtonisclickable" time="1.637"/>
  <testcase classname="testpages.AdministrativeApprovalTest" name="Logoutbuttonisclickable" time="1.082"/>
  <testcase classname="testpages.AdministrativeApprovalTest" name="yesbuttonisclickableforlogout" time="1.327"/>
  <testcase classname="testpages.AdministrativeApprovalTest" name="loginWithHOD" time="0.461"/>
  <testcase classname="testpages.AdministrativeApprovalTest" name="AdministrativeWorkIsClickable2" time="1.069"/>
  <testcase classname="testpages.AdministrativeApprovalTest" name="MovetoAdministrativeApprovalDetails" time="1.167"/>
  <testcase classname="testpages.AdministrativeApprovalTest" name="AAInboxIsclickable" time="1.195"/>
  <testcase classname="testpages.AdministrativeApprovalTest" name="SearchPramaforHODApproval" time="1.208"/>
  <testcase classname="testpages.AdministrativeApprovalTest" name="ViewAASlipforApproval" time="1.09"/>
  <testcase classname="testpages.AdministrativeApprovalTest" name="ApproveButtonisclickable" time="1.094"/>
  <testcase classname="testpages.AdministrativeApprovalTest" name="yesbuttonisclickableforaaapproval" time="1.188"/>
  <testcase classname="testpages.AdministrativeApprovalTest" name="BackbuttonisclickableforaainboxHOD" time="10.029">
    <failure type="org.openqa.selenium.NoSuchElementException" message="no such element: Unable to locate element: {&amp;quot;method&amp;quot;:&amp;quot;css selector&amp;quot;,&amp;quot;selector&amp;quot;:&amp;quot;#\/\/input\[\@id\=\&amp;apos;body_Button1\&amp;apos;\]&amp;quot;}
  (Session info: chrome=112.0.5615.138)
For documentation on this error, please visit: https://selenium.dev/exceptions/#no_such_element
Build info: version: &amp;apos;4.4.0&amp;apos;, revision: &amp;apos;e5c75ed026a&amp;apos;
System info: host: &amp;apos;DESKTOP-5G1UN2J&amp;apos;, ip: &amp;apos;192.168.0.113&amp;apos;, os.name: &amp;apos;Windows 11&amp;apos;, os.arch: &amp;apos;amd64&amp;apos;, os.version: &amp;apos;10.0&amp;apos;, java.version: &amp;apos;19.0.1&amp;apos;
Driver info: org.openqa.selenium.chrome.ChromeDriver
Command: [2bc0c1ebd6f8498ea2667c4693566db3, findElement {using=id, value=//input[@id=&amp;apos;body_Button1&amp;apos;]}]
Capabilities {acceptInsecureCerts: false, browserName: chrome, browserVersion: 112.0.5615.138, chrome: {chromedriverVersion: 112.0.5615.49 (bd2a7bcb881c..., userDataDir: C:\Users\YOGESH~1.CHA\AppDa...}, goog:chromeOptions: {debuggerAddress: localhost:58300}, networkConnectionEnabled: false, pageLoadStrategy: normal, platformName: WINDOWS, proxy: Proxy(), se:cdp: ws://localhost:58300/devtoo..., se:cdpVersion: 112.0.5615.138, setWindowRect: true, strictFileInteractability: false, timeouts: {implicit: 0, pageLoad: 300000, script: 30000}, unhandledPromptBehavior: dismiss and notify, webauthn:extension:credBlob: true, webauthn:extension:largeBlob: true, webauthn:extension:minPinLength: true, webauthn:extension:prf: true, webauthn:virtualAuthenticators: true}
Session ID: 2bc0c1ebd6f8498ea2667c4693566db3">
      <![CDATA[org.openqa.selenium.NoSuchElementException: no such element: Unable to locate element: {"method":"css selector","selector":"#\/\/input\[\@id\=\'body_Button1\'\]"}
  (Session info: chrome=112.0.5615.138)
For documentation on this error, please visit: https://selenium.dev/exceptions/#no_such_element
Build info: version: '4.4.0', revision: 'e5c75ed026a'
System info: host: 'DESKTOP-5G1UN2J', ip: '192.168.0.113', os.name: 'Windows 11', os.arch: 'amd64', os.version: '10.0', java.version: '19.0.1'
Driver info: org.openqa.selenium.chrome.ChromeDriver
Command: [2bc0c1ebd6f8498ea2667c4693566db3, findElement {using=id, value=//input[@id='body_Button1']}]
Capabilities {acceptInsecureCerts: false, browserName: chrome, browserVersion: 112.0.5615.138, chrome: {chromedriverVersion: 112.0.5615.49 (bd2a7bcb881c..., userDataDir: C:\Users\YOGESH~1.CHA\AppDa...}, goog:chromeOptions: {debuggerAddress: localhost:58300}, networkConnectionEnabled: false, pageLoadStrategy: normal, platformName: WINDOWS, proxy: Proxy(), se:cdp: ws://localhost:58300/devtoo..., se:cdpVersion: 112.0.5615.138, setWindowRect: true, strictFileInteractability: false, timeouts: {implicit: 0, pageLoad: 300000, script: 30000}, unhandledPromptBehavior: dismiss and notify, webauthn:extension:credBlob: true, webauthn:extension:largeBlob: true, webauthn:extension:minPinLength: true, webauthn:extension:prf: true, webauthn:virtualAuthenticators: true}
Session ID: 2bc0c1ebd6f8498ea2667c4693566db3
at org.openqa.selenium.remote.codec.w3c.W3CHttpResponseCodec.createException(W3CHttpResponseCodec.java:200)
at org.openqa.selenium.remote.codec.w3c.W3CHttpResponseCodec.decode(W3CHttpResponseCodec.java:133)
at org.openqa.selenium.remote.codec.w3c.W3CHttpResponseCodec.decode(W3CHttpResponseCodec.java:53)
at org.openqa.selenium.remote.HttpCommandExecutor.execute(HttpCommandExecutor.java:184)
at org.openqa.selenium.remote.service.DriverCommandExecutor.invokeExecute(DriverCommandExecutor.java:167)
at org.openqa.selenium.remote.service.DriverCommandExecutor.execute(DriverCommandExecutor.java:142)
at org.openqa.selenium.remote.RemoteWebDriver.execute(RemoteWebDriver.java:547)
at org.openqa.selenium.remote.ElementLocation$ElementFinder$2.findElement(ElementLocation.java:162)
at org.openqa.selenium.remote.ElementLocation.findElement(ElementLocation.java:60)
at org.openqa.selenium.remote.RemoteWebDriver.findElement(RemoteWebDriver.java:365)
at org.openqa.selenium.remote.RemoteWebDriver.findElement(RemoteWebDriver.java:357)
at org.openqa.selenium.support.pagefactory.DefaultElementLocator.findElement(DefaultElementLocator.java:70)
at org.openqa.selenium.support.pagefactory.internal.LocatingElementHandler.invoke(LocatingElementHandler.java:39)
at jdk.proxy2/jdk.proxy2.$Proxy13.click(Unknown Source)
at pom.AdministrativeApproval.clickforBackafterAAApproval(AdministrativeApproval.java:332)
at testpages.AdministrativeApprovalTest.BackbuttonisclickableforaainboxHOD(AdministrativeApprovalTest.java:248)
at java.base/java.util.ArrayList.forEach(ArrayList.java:1511)
... Removed 28 stack frames]]>
    </failure>
  </testcase> <!-- BackbuttonisclickableforaainboxHOD -->
  <testcase classname="testpages.AdministrativeApprovalTest" name="LogoutbuttonisclickableforHOD" time="1.074"/>
  <testcase classname="testpages.AdministrativeApprovalTest" name="yesbuttonisclickableforlogoutasHOD" time="1.237"/>
  <testcase classname="testpages.AdministrativeApprovalTest" name="loginWithDYCAFO" time="0.489"/>
  <testcase classname="testpages.AdministrativeApprovalTest" name="AdministrativeWorkIsClickable3" time="1.059"/>
  <testcase classname="testpages.AdministrativeApprovalTest" name="MovetoAdministrativeApprovalDetailsDYCAFO" time="1.182"/>
  <testcase classname="testpages.AdministrativeApprovalTest" name="AAInboxIsclickableforDYCAFO" time="1.183"/>
  <testcase classname="testpages.AdministrativeApprovalTest" name="SearchPramaforDYCAFOApproval" time="1.155"/>
  <testcase classname="testpages.AdministrativeApprovalTest" name="ViewAASlipforDYCAFOApproval" time="1.192"/>
  <testcase classname="testpages.AdministrativeApprovalTest" name="ApproveButtonisclickableDYCAFO" time="1.096"/>
  <testcase classname="testpages.AdministrativeApprovalTest" name="yesbuttonisclickableforaaapprovalDYCAFO" time="1.211"/>
  <testcase classname="testpages.AdministrativeApprovalTest" name="BackbuttonisclickableforaainboxDYCAFO" time="10.04">
    <failure type="org.openqa.selenium.NoSuchElementException" message="no such element: Unable to locate element: {&amp;quot;method&amp;quot;:&amp;quot;css selector&amp;quot;,&amp;quot;selector&amp;quot;:&amp;quot;#\/\/input\[\@id\=\&amp;apos;body_Button1\&amp;apos;\]&amp;quot;}
  (Session info: chrome=112.0.5615.138)
For documentation on this error, please visit: https://selenium.dev/exceptions/#no_such_element
Build info: version: &amp;apos;4.4.0&amp;apos;, revision: &amp;apos;e5c75ed026a&amp;apos;
System info: host: &amp;apos;DESKTOP-5G1UN2J&amp;apos;, ip: &amp;apos;192.168.0.113&amp;apos;, os.name: &amp;apos;Windows 11&amp;apos;, os.arch: &amp;apos;amd64&amp;apos;, os.version: &amp;apos;10.0&amp;apos;, java.version: &amp;apos;19.0.1&amp;apos;
Driver info: org.openqa.selenium.chrome.ChromeDriver
Command: [2bc0c1ebd6f8498ea2667c4693566db3, findElement {using=id, value=//input[@id=&amp;apos;body_Button1&amp;apos;]}]
Capabilities {acceptInsecureCerts: false, browserName: chrome, browserVersion: 112.0.5615.138, chrome: {chromedriverVersion: 112.0.5615.49 (bd2a7bcb881c..., userDataDir: C:\Users\YOGESH~1.CHA\AppDa...}, goog:chromeOptions: {debuggerAddress: localhost:58300}, networkConnectionEnabled: false, pageLoadStrategy: normal, platformName: WINDOWS, proxy: Proxy(), se:cdp: ws://localhost:58300/devtoo..., se:cdpVersion: 112.0.5615.138, setWindowRect: true, strictFileInteractability: false, timeouts: {implicit: 0, pageLoad: 300000, script: 30000}, unhandledPromptBehavior: dismiss and notify, webauthn:extension:credBlob: true, webauthn:extension:largeBlob: true, webauthn:extension:minPinLength: true, webauthn:extension:prf: true, webauthn:virtualAuthenticators: true}
Session ID: 2bc0c1ebd6f8498ea2667c4693566db3">
      <![CDATA[org.openqa.selenium.NoSuchElementException: no such element: Unable to locate element: {"method":"css selector","selector":"#\/\/input\[\@id\=\'body_Button1\'\]"}
  (Session info: chrome=112.0.5615.138)
For documentation on this error, please visit: https://selenium.dev/exceptions/#no_such_element
Build info: version: '4.4.0', revision: 'e5c75ed026a'
System info: host: 'DESKTOP-5G1UN2J', ip: '192.168.0.113', os.name: 'Windows 11', os.arch: 'amd64', os.version: '10.0', java.version: '19.0.1'
Driver info: org.openqa.selenium.chrome.ChromeDriver
Command: [2bc0c1ebd6f8498ea2667c4693566db3, findElement {using=id, value=//input[@id='body_Button1']}]
Capabilities {acceptInsecureCerts: false, browserName: chrome, browserVersion: 112.0.5615.138, chrome: {chromedriverVersion: 112.0.5615.49 (bd2a7bcb881c..., userDataDir: C:\Users\YOGESH~1.CHA\AppDa...}, goog:chromeOptions: {debuggerAddress: localhost:58300}, networkConnectionEnabled: false, pageLoadStrategy: normal, platformName: WINDOWS, proxy: Proxy(), se:cdp: ws://localhost:58300/devtoo..., se:cdpVersion: 112.0.5615.138, setWindowRect: true, strictFileInteractability: false, timeouts: {implicit: 0, pageLoad: 300000, script: 30000}, unhandledPromptBehavior: dismiss and notify, webauthn:extension:credBlob: true, webauthn:extension:largeBlob: true, webauthn:extension:minPinLength: true, webauthn:extension:prf: true, webauthn:virtualAuthenticators: true}
Session ID: 2bc0c1ebd6f8498ea2667c4693566db3
at org.openqa.selenium.remote.codec.w3c.W3CHttpResponseCodec.createException(W3CHttpResponseCodec.java:200)
at org.openqa.selenium.remote.codec.w3c.W3CHttpResponseCodec.decode(W3CHttpResponseCodec.java:133)
at org.openqa.selenium.remote.codec.w3c.W3CHttpResponseCodec.decode(W3CHttpResponseCodec.java:53)
at org.openqa.selenium.remote.HttpCommandExecutor.execute(HttpCommandExecutor.java:184)
at org.openqa.selenium.remote.service.DriverCommandExecutor.invokeExecute(DriverCommandExecutor.java:167)
at org.openqa.selenium.remote.service.DriverCommandExecutor.execute(DriverCommandExecutor.java:142)
at org.openqa.selenium.remote.RemoteWebDriver.execute(RemoteWebDriver.java:547)
at org.openqa.selenium.remote.ElementLocation$ElementFinder$2.findElement(ElementLocation.java:162)
at org.openqa.selenium.remote.ElementLocation.findElement(ElementLocation.java:60)
at org.openqa.selenium.remote.RemoteWebDriver.findElement(RemoteWebDriver.java:365)
at org.openqa.selenium.remote.RemoteWebDriver.findElement(RemoteWebDriver.java:357)
at org.openqa.selenium.support.pagefactory.DefaultElementLocator.findElement(DefaultElementLocator.java:70)
at org.openqa.selenium.support.pagefactory.internal.LocatingElementHandler.invoke(LocatingElementHandler.java:39)
at jdk.proxy2/jdk.proxy2.$Proxy13.click(Unknown Source)
at pom.AdministrativeApproval.clickforBackafterAAApproval(AdministrativeApproval.java:332)
at testpages.AdministrativeApprovalTest.BackbuttonisclickableforaainboxDYCAFO(AdministrativeApprovalTest.java:306)
at java.base/java.util.ArrayList.forEach(ArrayList.java:1511)
... Removed 28 stack frames]]>
    </failure>
  </testcase> <!-- BackbuttonisclickableforaainboxDYCAFO -->
  <testcase classname="testpages.AdministrativeApprovalTest" name="LogoutbuttonisclickableforDYCAFO" time="1.079"/>
  <testcase classname="testpages.AdministrativeApprovalTest" name="yesbuttonisclickableforlogoutasDYCAFO" time="1.219"/>
  <testcase classname="testpages.AdministrativeApprovalTest" name="loginWithCAFO" time="0.527"/>
  <testcase classname="testpages.AdministrativeApprovalTest" name="AdministrativeWorkIsClickable4" time="1.108"/>
  <testcase classname="testpages.AdministrativeApprovalTest" name="MovetoAdministrativeApprovalDetailsCAFO" time="1.17"/>
  <testcase classname="testpages.AdministrativeApprovalTest" name="AAInboxIsclickableforCAFO" time="1.16"/>
  <testcase classname="testpages.AdministrativeApprovalTest" name="SearchPramaforCAFOApproval" time="1.147"/>
  <testcase classname="testpages.AdministrativeApprovalTest" name="ViewAASlipforCAFOApproval" time="1.083"/>
  <testcase classname="testpages.AdministrativeApprovalTest" name="ApproveButtonisclickableCAFO" time="1.096"/>
  <testcase classname="testpages.AdministrativeApprovalTest" name="yesbuttonisclickableforaaapprovalCAFO" time="1.199"/>
  <testcase classname="testpages.AdministrativeApprovalTest" name="BackbuttonisclickableforaainboxCAFO" time="10.064">
    <failure type="org.openqa.selenium.NoSuchElementException" message="no such element: Unable to locate element: {&amp;quot;method&amp;quot;:&amp;quot;css selector&amp;quot;,&amp;quot;selector&amp;quot;:&amp;quot;#\/\/input\[\@id\=\&amp;apos;body_Button1\&amp;apos;\]&amp;quot;}
  (Session info: chrome=112.0.5615.138)
For documentation on this error, please visit: https://selenium.dev/exceptions/#no_such_element
Build info: version: &amp;apos;4.4.0&amp;apos;, revision: &amp;apos;e5c75ed026a&amp;apos;
System info: host: &amp;apos;DESKTOP-5G1UN2J&amp;apos;, ip: &amp;apos;192.168.0.113&amp;apos;, os.name: &amp;apos;Windows 11&amp;apos;, os.arch: &amp;apos;amd64&amp;apos;, os.version: &amp;apos;10.0&amp;apos;, java.version: &amp;apos;19.0.1&amp;apos;
Driver info: org.openqa.selenium.chrome.ChromeDriver
Command: [2bc0c1ebd6f8498ea2667c4693566db3, findElement {using=id, value=//input[@id=&amp;apos;body_Button1&amp;apos;]}]
Capabilities {acceptInsecureCerts: false, browserName: chrome, browserVersion: 112.0.5615.138, chrome: {chromedriverVersion: 112.0.5615.49 (bd2a7bcb881c..., userDataDir: C:\Users\YOGESH~1.CHA\AppDa...}, goog:chromeOptions: {debuggerAddress: localhost:58300}, networkConnectionEnabled: false, pageLoadStrategy: normal, platformName: WINDOWS, proxy: Proxy(), se:cdp: ws://localhost:58300/devtoo..., se:cdpVersion: 112.0.5615.138, setWindowRect: true, strictFileInteractability: false, timeouts: {implicit: 0, pageLoad: 300000, script: 30000}, unhandledPromptBehavior: dismiss and notify, webauthn:extension:credBlob: true, webauthn:extension:largeBlob: true, webauthn:extension:minPinLength: true, webauthn:extension:prf: true, webauthn:virtualAuthenticators: true}
Session ID: 2bc0c1ebd6f8498ea2667c4693566db3">
      <![CDATA[org.openqa.selenium.NoSuchElementException: no such element: Unable to locate element: {"method":"css selector","selector":"#\/\/input\[\@id\=\'body_Button1\'\]"}
  (Session info: chrome=112.0.5615.138)
For documentation on this error, please visit: https://selenium.dev/exceptions/#no_such_element
Build info: version: '4.4.0', revision: 'e5c75ed026a'
System info: host: 'DESKTOP-5G1UN2J', ip: '192.168.0.113', os.name: 'Windows 11', os.arch: 'amd64', os.version: '10.0', java.version: '19.0.1'
Driver info: org.openqa.selenium.chrome.ChromeDriver
Command: [2bc0c1ebd6f8498ea2667c4693566db3, findElement {using=id, value=//input[@id='body_Button1']}]
Capabilities {acceptInsecureCerts: false, browserName: chrome, browserVersion: 112.0.5615.138, chrome: {chromedriverVersion: 112.0.5615.49 (bd2a7bcb881c..., userDataDir: C:\Users\YOGESH~1.CHA\AppDa...}, goog:chromeOptions: {debuggerAddress: localhost:58300}, networkConnectionEnabled: false, pageLoadStrategy: normal, platformName: WINDOWS, proxy: Proxy(), se:cdp: ws://localhost:58300/devtoo..., se:cdpVersion: 112.0.5615.138, setWindowRect: true, strictFileInteractability: false, timeouts: {implicit: 0, pageLoad: 300000, script: 30000}, unhandledPromptBehavior: dismiss and notify, webauthn:extension:credBlob: true, webauthn:extension:largeBlob: true, webauthn:extension:minPinLength: true, webauthn:extension:prf: true, webauthn:virtualAuthenticators: true}
Session ID: 2bc0c1ebd6f8498ea2667c4693566db3
at org.openqa.selenium.remote.codec.w3c.W3CHttpResponseCodec.createException(W3CHttpResponseCodec.java:200)
at org.openqa.selenium.remote.codec.w3c.W3CHttpResponseCodec.decode(W3CHttpResponseCodec.java:133)
at org.openqa.selenium.remote.codec.w3c.W3CHttpResponseCodec.decode(W3CHttpResponseCodec.java:53)
at org.openqa.selenium.remote.HttpCommandExecutor.execute(HttpCommandExecutor.java:184)
at org.openqa.selenium.remote.service.DriverCommandExecutor.invokeExecute(DriverCommandExecutor.java:167)
at org.openqa.selenium.remote.service.DriverCommandExecutor.execute(DriverCommandExecutor.java:142)
at org.openqa.selenium.remote.RemoteWebDriver.execute(RemoteWebDriver.java:547)
at org.openqa.selenium.remote.ElementLocation$ElementFinder$2.findElement(ElementLocation.java:162)
at org.openqa.selenium.remote.ElementLocation.findElement(ElementLocation.java:60)
at org.openqa.selenium.remote.RemoteWebDriver.findElement(RemoteWebDriver.java:365)
at org.openqa.selenium.remote.RemoteWebDriver.findElement(RemoteWebDriver.java:357)
at org.openqa.selenium.support.pagefactory.DefaultElementLocator.findElement(DefaultElementLocator.java:70)
at org.openqa.selenium.support.pagefactory.internal.LocatingElementHandler.invoke(LocatingElementHandler.java:39)
at jdk.proxy2/jdk.proxy2.$Proxy13.click(Unknown Source)
at pom.AdministrativeApproval.clickforBackafterAAApproval(AdministrativeApproval.java:332)
at testpages.AdministrativeApprovalTest.BackbuttonisclickableforaainboxCAFO(AdministrativeApprovalTest.java:364)
at java.base/java.util.ArrayList.forEach(ArrayList.java:1511)
... Removed 28 stack frames]]>
    </failure>
  </testcase> <!-- BackbuttonisclickableforaainboxCAFO -->
  <testcase classname="testpages.AdministrativeApprovalTest" name="LogoutbuttonisclickableforCAFO" time="1.084"/>
  <testcase classname="testpages.AdministrativeApprovalTest" name="yesbuttonisclickableforlogoutasCAFO" time="1.217"/>
  <testcase classname="testpages.WorkDetailsTest" name="loginWithMaker" time="0.528"/>
  <testcase classname="testpages.WorkDetailsTest" name="AdministrativeWorkIsClickable" time="1.08"/>
  <testcase classname="testpages.WorkDetailsTest" name="WorkDetailsIsHovering" time="1.178"/>
  <testcase classname="testpages.WorkDetailsTest" name="WorkDetailCreationIsClickable" time="1.334"/>
  <testcase classname="testpages.WorkDetailsTest" name="rokhvahigatIsSelectable" time="1.164"/>
  <testcase classname="testpages.WorkDetailsTest" name="rokhvahiIsSelectable" time="1.138"/>
  <testcase classname="testpages.WorkDetailsTest" name="Enterheadcode" time="1.228"/>
  <testcase classname="testpages.WorkDetailsTest" name="HeadcodeisSelectable" time="1.076"/>
  <testcase classname="testpages.WorkDetailsTest" name="AdminApprovalNumbercanSelect" time="1.262"/>
  <testcase classname="testpages.WorkDetailsTest" name="PANNumbercanenter" time="2.291"/>
  <testcase classname="testpages.WorkDetailsTest" name="Worknametextboxshouldbeeditable" time="2.536"/>
  <testcase classname="testpages.WorkDetailsTest" name="Worknumbercanenter" time="1.651"/>
  <testcase classname="testpages.WorkDetailsTest" name="Workdateshouldbeeditable" time="1.61"/>
  <testcase classname="testpages.WorkDetailsTest" name="Workdateshouldbeselectable" time="1.584"/>
  <testcase classname="testpages.WorkDetailsTest" name="Workenddateshouldbeeditable" time="1.3"/>
  <testcase classname="testpages.WorkDetailsTest" name="Workenddateshouldbeselectable" time="1.482"/>
  <testcase classname="testpages.WorkDetailsTest" name="canEnterworktenderamount" time="1.399"/>
  <testcase classname="testpages.WorkDetailsTest" name="canEnterpramaamount" time="1.073"/>
  <testcase classname="testpages.WorkDetailsTest" name="fileuploadispossible" time="1.438"/>
  <testcase classname="testpages.WorkDetailsTest" name="fileuploadbuttonisclicakble" time="1.099"/>
  <testcase classname="testpages.WorkDetailsTest" name="Beneficiaryshouldbeclickable" time="2.073"/>
  <testcase classname="testpages.WorkDetailsTest" name="worksavebuttonisclickable" time="1.295"/>
  <testcase classname="testpages.WorkDetailsTest" name="workyesbuttonisclickable" time="1.319"/>
  <testcase classname="testpages.WorkDetailsTest" name="workokbuttonisclickable" time="0.199"/>
  <testcase classname="testpages.WorkDetailsTest" name="Backbuttonisclickable" time="1.175"/>
  <testcase classname="testpages.WorkDetailsTest" name="AdministrativeWorkIsClickable1" time="1.091"/>
  <testcase classname="testpages.WorkDetailsTest" name="WorkDetailsIsHovering1" time="1.161"/>
  <testcase classname="testpages.WorkDetailsTest" name="MakerWorkOutboxIsClickable" time="1.166"/>
  <testcase classname="testpages.WorkDetailsTest" name="workstatusdropdownIsClickable" time="1.227"/>
  <testcase classname="testpages.WorkDetailsTest" name="Workissearchable" time="1.515"/>
  <testcase classname="testpages.WorkDetailsTest" name="workslipisdisplay" time="1.182"/>
  <testcase classname="testpages.WorkDetailsTest" name="Backbuttonisclickable1" time="1.165"/>
  <testcase classname="testpages.WorkDetailsTest" name="Backbuttonisclickable2" time="1.2"/>
  <testcase classname="testpages.WorkDetailsTest" name="Logoutbuttonisclickable" time="1.098"/>
  <testcase classname="testpages.WorkDetailsTest" name="yesbuttonisclickableforlogout" time="1.249"/>
  <testcase classname="testpages.WorkDetailsTest" name="loginWithHOD" time="0.481"/>
  <testcase classname="testpages.WorkDetailsTest" name="AdministrativeWorkIsClickable2" time="1.064"/>
  <testcase classname="testpages.WorkDetailsTest" name="WorkDetailsIsHovering2" time="1.154"/>
  <testcase classname="testpages.WorkDetailsTest" name="WorkInboxIsclickable" time="1.212"/>
  <testcase classname="testpages.WorkDetailsTest" name="SearchWorkforHODApproval" time="1.471"/>
  <testcase classname="testpages.WorkDetailsTest" name="ViewWorkSlipforApproval" time="1.08"/>
  <testcase classname="testpages.WorkDetailsTest" name="ApproveButtonisclickable" time="1.096"/>
  <testcase classname="testpages.WorkDetailsTest" name="yesbuttonisclickableforworkapproval" time="1.179"/>
  <testcase classname="testpages.WorkDetailsTest" name="BackbuttonisclickableforworkinboxHOD" time="1.192"/>
  <testcase classname="testpages.WorkDetailsTest" name="LogoutbuttonisclickableforHOD" time="1.096"/>
  <testcase classname="testpages.WorkDetailsTest" name="yesbuttonisclickableforlogoutasHOD" time="1.23"/>
  <testcase classname="testpages.BillEntryGeneralTest" name="loginWithMaker" time="0.617"/>
  <testcase classname="testpages.BillEntryGeneralTest" name="FinancialWorkIsClickable" time="1.061"/>
  <testcase classname="testpages.BillEntryGeneralTest" name="CanMovetobillcrearion" time="1.165"/>
  <testcase classname="testpages.BillEntryGeneralTest" name="generaalbillIsClickable" time="1.414"/>
  <testcase classname="testpages.BillEntryGeneralTest" name="Billtypeisselectable" time="1.11"/>
  <testcase classname="testpages.BillEntryGeneralTest" name="Groupcashbookisselectable" time="1.092"/>
  <testcase classname="testpages.BillEntryGeneralTest" name="cashbookisselectable" time="1.089"/>
  <testcase classname="testpages.BillEntryGeneralTest" name="CanenterHeadcode" time="1.12"/>
  <testcase classname="testpages.BillEntryGeneralTest" name="Headcodeisselectable" time="1.087"/>
  <testcase classname="testpages.BillEntryGeneralTest" name="beneficiaryselectionbutonisclickable" time="1.094"/>
  <testcase classname="testpages.BillEntryGeneralTest" name="searchbydropdownisclickable" time="1.123"/>
  <testcase classname="testpages.BillEntryGeneralTest" name="canenterdocumentsdetail" time="1.186"/>
  <testcase classname="testpages.BillEntryGeneralTest" name="searchbuttonisclickale" time="1.093"/>
  <testcase classname="testpages.BillEntryGeneralTest" name="clickonbuttonforselectionofbeneficary" time="1.052"/>
  <testcase classname="testpages.BillEntryGeneralTest" name="clickonbuttonforselectionofprmaandwork" time="1.087"/>
  <testcase classname="testpages.BillEntryGeneralTest" name="newpramaisselectable" time="1.207"/>
  <testcase classname="testpages.BillEntryGeneralTest" name="clickonbuttonforsearchofwork" time="1.101"/>
  <testcase classname="testpages.BillEntryGeneralTest" name="clickonbuttonforselectionofbeneficary1" time="1.044"/>
  <testcase classname="testpages.BillEntryGeneralTest" name="CanenterBillamount" time="1.308"/>
  <testcase classname="testpages.BillEntryGeneralTest" name="Canenterpaymenttypeamount" time="1.142"/>
  <testcase classname="testpages.BillEntryGeneralTest" name="Canenterremark" time="1.159"/>
  <testcase classname="testpages.BillEntryGeneralTest" name="Canuploadcopy" time="4.425"/>
  <testcase classname="testpages.BillEntryGeneralTest" name="uploadfileOKButtonclickable" time="1.101"/>
  <testcase classname="testpages.BillEntryGeneralTest" name="canenterdeductionamt1" time="1.132"/>
  <testcase classname="testpages.BillEntryGeneralTest" name="canenterdeductionamt2" time="1.135"/>
  <testcase classname="testpages.BillEntryGeneralTest" name="canenterdeductionamt3" time="1.138"/>
  <testcase classname="testpages.BillEntryGeneralTest" name="canenterdeductionamt4" time="1.134"/>
  <testcase classname="testpages.BillEntryGeneralTest" name="BillsaveButtonclickable" time="1.105"/>
  <testcase classname="testpages.BillEntryGeneralTest" name="saveyesbuttonisclickable" time="1.117"/>
  <testcase classname="testpages.BillEntryGeneralTest" name="saveokbuttonisclickable" time="1.105"/>
  <testcase classname="testpages.BillEntryGeneralTest" name="billtypeisSelectable" time="1.206"/>
  <testcase classname="testpages.BillEntryGeneralTest" name="cansearchbillforapproval" time="1.263"/>
  <testcase classname="testpages.BillEntryGeneralTest" name="viewslipbuttonisclickable" time="1.09"/>
  <testcase classname="testpages.BillEntryGeneralTest" name="hardcopyyesbuttonisclickable" time="0.098"/>
  <testcase classname="testpages.BillEntryGeneralTest" name="massslipisclickable" time="0.271">
    <failure type="org.openqa.selenium.StaleElementReferenceException" message="stale element reference: element is not attached to the page document
  (Session info: chrome=112.0.5615.138)
For documentation on this error, please visit: https://selenium.dev/exceptions/#stale_element_reference
Build info: version: &amp;apos;4.4.0&amp;apos;, revision: &amp;apos;e5c75ed026a&amp;apos;
System info: host: &amp;apos;DESKTOP-5G1UN2J&amp;apos;, ip: &amp;apos;192.168.0.113&amp;apos;, os.name: &amp;apos;Windows 11&amp;apos;, os.arch: &amp;apos;amd64&amp;apos;, os.version: &amp;apos;10.0&amp;apos;, java.version: &amp;apos;19.0.1&amp;apos;
Driver info: org.openqa.selenium.chrome.ChromeDriver
Command: [e9805e8d5f78c354029a3cf823070470, clickElement {id=a56a500d-7932-432b-a9ac-eb530d790023}]
Capabilities {acceptInsecureCerts: false, browserName: chrome, browserVersion: 112.0.5615.138, chrome: {chromedriverVersion: 112.0.5615.49 (bd2a7bcb881c..., userDataDir: C:\Users\YOGESH~1.CHA\AppDa...}, goog:chromeOptions: {debuggerAddress: localhost:58529}, networkConnectionEnabled: false, pageLoadStrategy: normal, platformName: WINDOWS, proxy: Proxy(), se:cdp: ws://localhost:58529/devtoo..., se:cdpVersion: 112.0.5615.138, setWindowRect: true, strictFileInteractability: false, timeouts: {implicit: 0, pageLoad: 300000, script: 30000}, unhandledPromptBehavior: dismiss and notify, webauthn:extension:credBlob: true, webauthn:extension:largeBlob: true, webauthn:extension:minPinLength: true, webauthn:extension:prf: true, webauthn:virtualAuthenticators: true}
Element: [[ChromeDriver: chrome on WINDOWS (e9805e8d5f78c354029a3cf823070470)] -&amp;gt; xpath: //div[@class=&amp;apos;caption&amp;apos;]]
Session ID: e9805e8d5f78c354029a3cf823070470">
      <![CDATA[org.openqa.selenium.StaleElementReferenceException: stale element reference: element is not attached to the page document
  (Session info: chrome=112.0.5615.138)
For documentation on this error, please visit: https://selenium.dev/exceptions/#stale_element_reference
Build info: version: '4.4.0', revision: 'e5c75ed026a'
System info: host: 'DESKTOP-5G1UN2J', ip: '192.168.0.113', os.name: 'Windows 11', os.arch: 'amd64', os.version: '10.0', java.version: '19.0.1'
Driver info: org.openqa.selenium.chrome.ChromeDriver
Command: [e9805e8d5f78c354029a3cf823070470, clickElement {id=a56a500d-7932-432b-a9ac-eb530d790023}]
Capabilities {acceptInsecureCerts: false, browserName: chrome, browserVersion: 112.0.5615.138, chrome: {chromedriverVersion: 112.0.5615.49 (bd2a7bcb881c..., userDataDir: C:\Users\YOGESH~1.CHA\AppDa...}, goog:chromeOptions: {debuggerAddress: localhost:58529}, networkConnectionEnabled: false, pageLoadStrategy: normal, platformName: WINDOWS, proxy: Proxy(), se:cdp: ws://localhost:58529/devtoo..., se:cdpVersion: 112.0.5615.138, setWindowRect: true, strictFileInteractability: false, timeouts: {implicit: 0, pageLoad: 300000, script: 30000}, unhandledPromptBehavior: dismiss and notify, webauthn:extension:credBlob: true, webauthn:extension:largeBlob: true, webauthn:extension:minPinLength: true, webauthn:extension:prf: true, webauthn:virtualAuthenticators: true}
Element: [[ChromeDriver: chrome on WINDOWS (e9805e8d5f78c354029a3cf823070470)] -> xpath: //div[@class='caption']]
Session ID: e9805e8d5f78c354029a3cf823070470
at org.openqa.selenium.remote.codec.w3c.W3CHttpResponseCodec.createException(W3CHttpResponseCodec.java:200)
at org.openqa.selenium.remote.codec.w3c.W3CHttpResponseCodec.decode(W3CHttpResponseCodec.java:133)
at org.openqa.selenium.remote.codec.w3c.W3CHttpResponseCodec.decode(W3CHttpResponseCodec.java:53)
at org.openqa.selenium.remote.HttpCommandExecutor.execute(HttpCommandExecutor.java:184)
at org.openqa.selenium.remote.service.DriverCommandExecutor.invokeExecute(DriverCommandExecutor.java:167)
at org.openqa.selenium.remote.service.DriverCommandExecutor.execute(DriverCommandExecutor.java:142)
at org.openqa.selenium.remote.RemoteWebDriver.execute(RemoteWebDriver.java:547)
at org.openqa.selenium.remote.RemoteWebElement.execute(RemoteWebElement.java:257)
at org.openqa.selenium.remote.RemoteWebElement.click(RemoteWebElement.java:78)
at org.openqa.selenium.support.pagefactory.internal.LocatingElementHandler.invoke(LocatingElementHandler.java:52)
at jdk.proxy2/jdk.proxy2.$Proxy13.click(Unknown Source)
at pom.BillEntryGeneral.clickonmasslip(BillEntryGeneral.java:346)
at testpages.BillEntryGeneralTest.massslipisclickable(BillEntryGeneralTest.java:197)
at java.base/java.util.ArrayList.forEach(ArrayList.java:1511)
... Removed 30 stack frames]]>
    </failure>
  </testcase> <!-- massslipisclickable -->
  <testcase classname="testpages.BillEntryGeneralTest" name="approvebuttonisclickable" time="0.061"/>
  <testcase classname="testpages.BillEntryGeneralTest" name="approveyesbuttonisclickable" time="0.17"/>
  <testcase classname="testpages.BillEntryGeneralTest" name="backButtonisClickable" time="1.266"/>
  <testcase classname="testpages.BillEntryGeneralTest" name="logoutButtonisClickable" time="1.064"/>
  <testcase classname="testpages.BillEntryGeneralTest" name="yesforlogoutButtonisClickable" time="1.239"/>
  <testcase classname="testpages.BillEntryGeneralTest" name="loginWithHOD" time="0.394"/>
  <testcase classname="testpages.BillEntryGeneralTest" name="FinancialWorkIsClickableforHOD" time="1.063"/>
  <testcase classname="testpages.BillEntryGeneralTest" name="CanMovetobillacceptnace" time="1.176"/>
  <testcase classname="testpages.BillEntryGeneralTest" name="billinboxIsClickable" time="1.188"/>
  <testcase classname="testpages.BillEntryGeneralTest" name="billtypeisSelectableHOD" time="1.204"/>
  <testcase classname="testpages.BillEntryGeneralTest" name="cansearchbillforapprovalHOD" time="1.222"/>
  <testcase classname="testpages.BillEntryGeneralTest" name="viewslipbuttonisclickableHOD" time="1.097"/>
  <testcase classname="testpages.BillEntryGeneralTest" name="hardcopyyesbuttonisclickableHOD" time="0.082"/>
  <testcase classname="testpages.BillEntryGeneralTest" name="massslipisclickableHOD" time="5.278"/>
  <testcase classname="testpages.BillEntryGeneralTest" name="approvebuttonisclickableHOD" time="0.077"/>
  <testcase classname="testpages.BillEntryGeneralTest" name="approveyesbuttonisclickableHOD" time="0.131"/>
  <testcase classname="testpages.BillEntryGeneralTest" name="backButtonisClickableHOD" time="1.243"/>
  <testcase classname="testpages.BillEntryGeneralTest" name="logoutButtonisClickableHOD" time="1.094"/>
  <testcase classname="testpages.BillEntryGeneralTest" name="yesforlogoutButtonisClickableHOD" time="1.211"/>
  <testcase classname="testpages.BillEntryGeneralTest" name="loginWithdycafo" time="0.538"/>
  <testcase classname="testpages.BillEntryGeneralTest" name="FinancialWorkIsClickablefordycafo" time="1.048"/>
  <testcase classname="testpages.BillEntryGeneralTest" name="CanMovetobillacceptnacefordycafo" time="1.162"/>
  <testcase classname="testpages.BillEntryGeneralTest" name="billinboxIsClickablefordycafo" time="1.162"/>
  <testcase classname="testpages.BillEntryGeneralTest" name="billtypeisSelectablefordycafo" time="1.191"/>
  <testcase classname="testpages.BillEntryGeneralTest" name="cansearchbillforapprovalfordycafo" time="1.177"/>
  <testcase classname="testpages.BillEntryGeneralTest" name="viewslipbuttonisclickablefordycafo" time="1.069"/>
  <testcase classname="testpages.BillEntryGeneralTest" name="hardcopyyesbuttonisclickablefordycafo" time="0.098"/>
  <testcase classname="testpages.BillEntryGeneralTest" name="massslipisclickablefordycafo" time="5.277"/>
  <testcase classname="testpages.BillEntryGeneralTest" name="approvebuttonisclickablefordycafo" time="0.091"/>
  <testcase classname="testpages.BillEntryGeneralTest" name="approveyesbuttonisclickablefordycafo" time="0.171"/>
  <testcase classname="testpages.BillEntryGeneralTest" name="backButtonisClickablefordycafo" time="1.196"/>
  <testcase classname="testpages.BillEntryGeneralTest" name="logoutButtonisClickablefordycafo" time="1.086"/>
  <testcase classname="testpages.BillEntryGeneralTest" name="yesforlogoutButtonisClickablefordycafo" time="1.215"/>
  <testcase classname="testpages.BillEntryGeneralTest" name="loginWithcashier" time="0.457"/>
  <testcase classname="testpages.BillEntryGeneralTest" name="FinancialWorkIsClickableforcashier" time="1.068"/>
  <testcase classname="testpages.BillEntryGeneralTest" name="CanMovetobillacceptnaceforcashier" time="1.175"/>
  <testcase classname="testpages.BillEntryGeneralTest" name="billinboxIsClickableforcashier" time="1.177"/>
  <testcase classname="testpages.BillEntryGeneralTest" name="billtypeisSelectableforcashier" time="1.164"/>
  <testcase classname="testpages.BillEntryGeneralTest" name="cansearchbillforapprovalforcashier" time="1.155"/>
  <testcase classname="testpages.BillEntryGeneralTest" name="viewslipbuttonisclickableforcashier" time="1.086"/>
  <testcase classname="testpages.BillEntryGeneralTest" name="hardcopyyesbuttonisclickableforcashier" time="0.076"/>
  <testcase classname="testpages.BillEntryGeneralTest" name="massslipisclickableforcashier" time="0.213">
    <failure type="org.openqa.selenium.StaleElementReferenceException" message="stale element reference: element is not attached to the page document
  (Session info: chrome=112.0.5615.138)
For documentation on this error, please visit: https://selenium.dev/exceptions/#stale_element_reference
Build info: version: &amp;apos;4.4.0&amp;apos;, revision: &amp;apos;e5c75ed026a&amp;apos;
System info: host: &amp;apos;DESKTOP-5G1UN2J&amp;apos;, ip: &amp;apos;192.168.0.113&amp;apos;, os.name: &amp;apos;Windows 11&amp;apos;, os.arch: &amp;apos;amd64&amp;apos;, os.version: &amp;apos;10.0&amp;apos;, java.version: &amp;apos;19.0.1&amp;apos;
Driver info: org.openqa.selenium.chrome.ChromeDriver
Command: [e9805e8d5f78c354029a3cf823070470, clickElement {id=6b2fdadc-3856-484e-9437-0c7e9b8991a3}]
Capabilities {acceptInsecureCerts: false, browserName: chrome, browserVersion: 112.0.5615.138, chrome: {chromedriverVersion: 112.0.5615.49 (bd2a7bcb881c..., userDataDir: C:\Users\YOGESH~1.CHA\AppDa...}, goog:chromeOptions: {debuggerAddress: localhost:58529}, networkConnectionEnabled: false, pageLoadStrategy: normal, platformName: WINDOWS, proxy: Proxy(), se:cdp: ws://localhost:58529/devtoo..., se:cdpVersion: 112.0.5615.138, setWindowRect: true, strictFileInteractability: false, timeouts: {implicit: 0, pageLoad: 300000, script: 30000}, unhandledPromptBehavior: dismiss and notify, webauthn:extension:credBlob: true, webauthn:extension:largeBlob: true, webauthn:extension:minPinLength: true, webauthn:extension:prf: true, webauthn:virtualAuthenticators: true}
Element: [[ChromeDriver: chrome on WINDOWS (e9805e8d5f78c354029a3cf823070470)] -&amp;gt; xpath: //div[@class=&amp;apos;caption&amp;apos;]]
Session ID: e9805e8d5f78c354029a3cf823070470">
      <![CDATA[org.openqa.selenium.StaleElementReferenceException: stale element reference: element is not attached to the page document
  (Session info: chrome=112.0.5615.138)
For documentation on this error, please visit: https://selenium.dev/exceptions/#stale_element_reference
Build info: version: '4.4.0', revision: 'e5c75ed026a'
System info: host: 'DESKTOP-5G1UN2J', ip: '192.168.0.113', os.name: 'Windows 11', os.arch: 'amd64', os.version: '10.0', java.version: '19.0.1'
Driver info: org.openqa.selenium.chrome.ChromeDriver
Command: [e9805e8d5f78c354029a3cf823070470, clickElement {id=6b2fdadc-3856-484e-9437-0c7e9b8991a3}]
Capabilities {acceptInsecureCerts: false, browserName: chrome, browserVersion: 112.0.5615.138, chrome: {chromedriverVersion: 112.0.5615.49 (bd2a7bcb881c..., userDataDir: C:\Users\YOGESH~1.CHA\AppDa...}, goog:chromeOptions: {debuggerAddress: localhost:58529}, networkConnectionEnabled: false, pageLoadStrategy: normal, platformName: WINDOWS, proxy: Proxy(), se:cdp: ws://localhost:58529/devtoo..., se:cdpVersion: 112.0.5615.138, setWindowRect: true, strictFileInteractability: false, timeouts: {implicit: 0, pageLoad: 300000, script: 30000}, unhandledPromptBehavior: dismiss and notify, webauthn:extension:credBlob: true, webauthn:extension:largeBlob: true, webauthn:extension:minPinLength: true, webauthn:extension:prf: true, webauthn:virtualAuthenticators: true}
Element: [[ChromeDriver: chrome on WINDOWS (e9805e8d5f78c354029a3cf823070470)] -> xpath: //div[@class='caption']]
Session ID: e9805e8d5f78c354029a3cf823070470
at org.openqa.selenium.remote.codec.w3c.W3CHttpResponseCodec.createException(W3CHttpResponseCodec.java:200)
at org.openqa.selenium.remote.codec.w3c.W3CHttpResponseCodec.decode(W3CHttpResponseCodec.java:133)
at org.openqa.selenium.remote.codec.w3c.W3CHttpResponseCodec.decode(W3CHttpResponseCodec.java:53)
at org.openqa.selenium.remote.HttpCommandExecutor.execute(HttpCommandExecutor.java:184)
at org.openqa.selenium.remote.service.DriverCommandExecutor.invokeExecute(DriverCommandExecutor.java:167)
at org.openqa.selenium.remote.service.DriverCommandExecutor.execute(DriverCommandExecutor.java:142)
at org.openqa.selenium.remote.RemoteWebDriver.execute(RemoteWebDriver.java:547)
at org.openqa.selenium.remote.RemoteWebElement.execute(RemoteWebElement.java:257)
at org.openqa.selenium.remote.RemoteWebElement.click(RemoteWebElement.java:78)
at org.openqa.selenium.support.pagefactory.internal.LocatingElementHandler.invoke(LocatingElementHandler.java:52)
at jdk.proxy2/jdk.proxy2.$Proxy13.click(Unknown Source)
at pom.BillEntryGeneral.clickonmasslip(BillEntryGeneral.java:346)
at testpages.BillEntryGeneralTest.massslipisclickableforcashier(BillEntryGeneralTest.java:425)
at java.base/java.util.ArrayList.forEach(ArrayList.java:1511)
... Removed 30 stack frames]]>
    </failure>
  </testcase> <!-- massslipisclickableforcashier -->
  <testcase classname="testpages.BillEntryGeneralTest" name="approvebuttonisclickableforcashier" time="0.064"/>
  <testcase classname="testpages.BillEntryGeneralTest" name="approveyesbuttonisclickableforcashier" time="0.229"/>
  <testcase classname="testpages.BillEntryGeneralTest" name="backButtonisClickableforcashier" time="1.24"/>
  <testcase classname="testpages.BillEntryGeneralTest" name="InvoiceMenuButtonisClickableforcashier" time="10.049">
    <failure type="org.openqa.selenium.ElementNotInteractableException" message="element not interactable
  (Session info: chrome=112.0.5615.138)
Build info: version: &amp;apos;4.4.0&amp;apos;, revision: &amp;apos;e5c75ed026a&amp;apos;
System info: host: &amp;apos;DESKTOP-5G1UN2J&amp;apos;, ip: &amp;apos;192.168.0.113&amp;apos;, os.name: &amp;apos;Windows 11&amp;apos;, os.arch: &amp;apos;amd64&amp;apos;, os.version: &amp;apos;10.0&amp;apos;, java.version: &amp;apos;19.0.1&amp;apos;
Driver info: org.openqa.selenium.chrome.ChromeDriver
Command: [e9805e8d5f78c354029a3cf823070470, clickElement {id=c56c0484-d542-43cc-90bd-2b0f5a947f67}]
Capabilities {acceptInsecureCerts: false, browserName: chrome, browserVersion: 112.0.5615.138, chrome: {chromedriverVersion: 112.0.5615.49 (bd2a7bcb881c..., userDataDir: C:\Users\YOGESH~1.CHA\AppDa...}, goog:chromeOptions: {debuggerAddress: localhost:58529}, networkConnectionEnabled: false, pageLoadStrategy: normal, platformName: WINDOWS, proxy: Proxy(), se:cdp: ws://localhost:58529/devtoo..., se:cdpVersion: 112.0.5615.138, setWindowRect: true, strictFileInteractability: false, timeouts: {implicit: 0, pageLoad: 300000, script: 30000}, unhandledPromptBehavior: dismiss and notify, webauthn:extension:credBlob: true, webauthn:extension:largeBlob: true, webauthn:extension:minPinLength: true, webauthn:extension:prf: true, webauthn:virtualAuthenticators: true}
Element: [[ChromeDriver: chrome on WINDOWS (e9805e8d5f78c354029a3cf823070470)] -&amp;gt; xpath: //a[normalize-space()=&amp;apos;Invoice Generation&amp;apos;]]
Session ID: e9805e8d5f78c354029a3cf823070470">
      <![CDATA[org.openqa.selenium.ElementNotInteractableException: element not interactable
  (Session info: chrome=112.0.5615.138)
Build info: version: '4.4.0', revision: 'e5c75ed026a'
System info: host: 'DESKTOP-5G1UN2J', ip: '192.168.0.113', os.name: 'Windows 11', os.arch: 'amd64', os.version: '10.0', java.version: '19.0.1'
Driver info: org.openqa.selenium.chrome.ChromeDriver
Command: [e9805e8d5f78c354029a3cf823070470, clickElement {id=c56c0484-d542-43cc-90bd-2b0f5a947f67}]
Capabilities {acceptInsecureCerts: false, browserName: chrome, browserVersion: 112.0.5615.138, chrome: {chromedriverVersion: 112.0.5615.49 (bd2a7bcb881c..., userDataDir: C:\Users\YOGESH~1.CHA\AppDa...}, goog:chromeOptions: {debuggerAddress: localhost:58529}, networkConnectionEnabled: false, pageLoadStrategy: normal, platformName: WINDOWS, proxy: Proxy(), se:cdp: ws://localhost:58529/devtoo..., se:cdpVersion: 112.0.5615.138, setWindowRect: true, strictFileInteractability: false, timeouts: {implicit: 0, pageLoad: 300000, script: 30000}, unhandledPromptBehavior: dismiss and notify, webauthn:extension:credBlob: true, webauthn:extension:largeBlob: true, webauthn:extension:minPinLength: true, webauthn:extension:prf: true, webauthn:virtualAuthenticators: true}
Element: [[ChromeDriver: chrome on WINDOWS (e9805e8d5f78c354029a3cf823070470)] -> xpath: //a[normalize-space()='Invoice Generation']]
Session ID: e9805e8d5f78c354029a3cf823070470
at org.openqa.selenium.remote.codec.w3c.W3CHttpResponseCodec.createException(W3CHttpResponseCodec.java:200)
at org.openqa.selenium.remote.codec.w3c.W3CHttpResponseCodec.decode(W3CHttpResponseCodec.java:133)
at org.openqa.selenium.remote.codec.w3c.W3CHttpResponseCodec.decode(W3CHttpResponseCodec.java:53)
at org.openqa.selenium.remote.HttpCommandExecutor.execute(HttpCommandExecutor.java:184)
at org.openqa.selenium.remote.service.DriverCommandExecutor.invokeExecute(DriverCommandExecutor.java:167)
at org.openqa.selenium.remote.service.DriverCommandExecutor.execute(DriverCommandExecutor.java:142)
at org.openqa.selenium.remote.RemoteWebDriver.execute(RemoteWebDriver.java:547)
at org.openqa.selenium.remote.RemoteWebElement.execute(RemoteWebElement.java:257)
at org.openqa.selenium.remote.RemoteWebElement.click(RemoteWebElement.java:78)
at org.openqa.selenium.support.pagefactory.internal.LocatingElementHandler.invoke(LocatingElementHandler.java:52)
at jdk.proxy2/jdk.proxy2.$Proxy13.click(Unknown Source)
at pom.BillEntryGeneral.ClickforInvoicegeneration(BillEntryGeneral.java:417)
at testpages.BillEntryGeneralTest.InvoiceMenuButtonisClickableforcashier(BillEntryGeneralTest.java:446)
at java.base/java.util.ArrayList.forEach(ArrayList.java:1511)
... Removed 30 stack frames]]>
    </failure>
  </testcase> <!-- InvoiceMenuButtonisClickableforcashier -->
  <testcase classname="testpages.BillEntryGeneralTest" name="OkButtonisClickableforInvoice" time="10.063">
    <failure type="org.openqa.selenium.ElementNotInteractableException" message="element not interactable
  (Session info: chrome=112.0.5615.138)
Build info: version: &amp;apos;4.4.0&amp;apos;, revision: &amp;apos;e5c75ed026a&amp;apos;
System info: host: &amp;apos;DESKTOP-5G1UN2J&amp;apos;, ip: &amp;apos;192.168.0.113&amp;apos;, os.name: &amp;apos;Windows 11&amp;apos;, os.arch: &amp;apos;amd64&amp;apos;, os.version: &amp;apos;10.0&amp;apos;, java.version: &amp;apos;19.0.1&amp;apos;
Driver info: org.openqa.selenium.chrome.ChromeDriver
Command: [e9805e8d5f78c354029a3cf823070470, clickElement {id=988529d7-59c8-4d14-8077-1163b5b654cb}]
Capabilities {acceptInsecureCerts: false, browserName: chrome, browserVersion: 112.0.5615.138, chrome: {chromedriverVersion: 112.0.5615.49 (bd2a7bcb881c..., userDataDir: C:\Users\YOGESH~1.CHA\AppDa...}, goog:chromeOptions: {debuggerAddress: localhost:58529}, networkConnectionEnabled: false, pageLoadStrategy: normal, platformName: WINDOWS, proxy: Proxy(), se:cdp: ws://localhost:58529/devtoo..., se:cdpVersion: 112.0.5615.138, setWindowRect: true, strictFileInteractability: false, timeouts: {implicit: 0, pageLoad: 300000, script: 30000}, unhandledPromptBehavior: dismiss and notify, webauthn:extension:credBlob: true, webauthn:extension:largeBlob: true, webauthn:extension:minPinLength: true, webauthn:extension:prf: true, webauthn:virtualAuthenticators: true}
Element: [[ChromeDriver: chrome on WINDOWS (e9805e8d5f78c354029a3cf823070470)] -&amp;gt; xpath: //input[@id=&amp;apos;Button3&amp;apos;]]
Session ID: e9805e8d5f78c354029a3cf823070470">
      <![CDATA[org.openqa.selenium.ElementNotInteractableException: element not interactable
  (Session info: chrome=112.0.5615.138)
Build info: version: '4.4.0', revision: 'e5c75ed026a'
System info: host: 'DESKTOP-5G1UN2J', ip: '192.168.0.113', os.name: 'Windows 11', os.arch: 'amd64', os.version: '10.0', java.version: '19.0.1'
Driver info: org.openqa.selenium.chrome.ChromeDriver
Command: [e9805e8d5f78c354029a3cf823070470, clickElement {id=988529d7-59c8-4d14-8077-1163b5b654cb}]
Capabilities {acceptInsecureCerts: false, browserName: chrome, browserVersion: 112.0.5615.138, chrome: {chromedriverVersion: 112.0.5615.49 (bd2a7bcb881c..., userDataDir: C:\Users\YOGESH~1.CHA\AppDa...}, goog:chromeOptions: {debuggerAddress: localhost:58529}, networkConnectionEnabled: false, pageLoadStrategy: normal, platformName: WINDOWS, proxy: Proxy(), se:cdp: ws://localhost:58529/devtoo..., se:cdpVersion: 112.0.5615.138, setWindowRect: true, strictFileInteractability: false, timeouts: {implicit: 0, pageLoad: 300000, script: 30000}, unhandledPromptBehavior: dismiss and notify, webauthn:extension:credBlob: true, webauthn:extension:largeBlob: true, webauthn:extension:minPinLength: true, webauthn:extension:prf: true, webauthn:virtualAuthenticators: true}
Element: [[ChromeDriver: chrome on WINDOWS (e9805e8d5f78c354029a3cf823070470)] -> xpath: //input[@id='Button3']]
Session ID: e9805e8d5f78c354029a3cf823070470
at org.openqa.selenium.remote.codec.w3c.W3CHttpResponseCodec.createException(W3CHttpResponseCodec.java:200)
at org.openqa.selenium.remote.codec.w3c.W3CHttpResponseCodec.decode(W3CHttpResponseCodec.java:133)
at org.openqa.selenium.remote.codec.w3c.W3CHttpResponseCodec.decode(W3CHttpResponseCodec.java:53)
at org.openqa.selenium.remote.HttpCommandExecutor.execute(HttpCommandExecutor.java:184)
at org.openqa.selenium.remote.service.DriverCommandExecutor.invokeExecute(DriverCommandExecutor.java:167)
at org.openqa.selenium.remote.service.DriverCommandExecutor.execute(DriverCommandExecutor.java:142)
at org.openqa.selenium.remote.RemoteWebDriver.execute(RemoteWebDriver.java:547)
at org.openqa.selenium.remote.RemoteWebElement.execute(RemoteWebElement.java:257)
at org.openqa.selenium.remote.RemoteWebElement.click(RemoteWebElement.java:78)
at org.openqa.selenium.support.pagefactory.internal.LocatingElementHandler.invoke(LocatingElementHandler.java:52)
at jdk.proxy2/jdk.proxy2.$Proxy13.click(Unknown Source)
at pom.BillEntryGeneral.clickforokbutton(BillEntryGeneral.java:420)
at testpages.BillEntryGeneralTest.OkButtonisClickableforInvoice(BillEntryGeneralTest.java:452)
at java.base/java.util.ArrayList.forEach(ArrayList.java:1511)
... Removed 30 stack frames]]>
    </failure>
  </testcase> <!-- OkButtonisClickableforInvoice -->
</testsuite> <!-- Test -->
