<html>
<head>
<title>TestNG:  Test</title>
<link href="../testng.css" rel="stylesheet" type="text/css" />
<link href="../my-testng.css" rel="stylesheet" type="text/css" />

<style type="text/css">
.log { display: none;} 
.stack-trace { display: none;} 
</style>
<script type="text/javascript">
<!--
function flip(e) {
  current = e.style.display;
  if (current == 'block') {
    e.style.display = 'none';
    return 0;
  }
  else {
    e.style.display = 'block';
    return 1;
  }
}

function toggleBox(szDivId, elem, msg1, msg2)
{
  var res = -1;  if (document.getElementById) {
    res = flip(document.getElementById(szDivId));
  }
  else if (document.all) {
    // this is the way old msie versions work
    res = flip(document.all[szDivId]);
  }
  if(elem) {
    if(res == 0) elem.innerHTML = msg1; else elem.innerHTML = msg2;
  }

}

function toggleAllBoxes() {
  if (document.getElementsByTagName) {
    d = document.getElementsByTagName('div');
    for (i = 0; i < d.length; i++) {
      if (d[i].className == 'log') {
        flip(d[i]);
      }
    }
  }
}

// -->
</script>

</head>
<body>
<h2 align='center'>Test</h2><table border='1' align="center">
<tr>
<td>Tests passed/Failed/Skipped:</td><td>219/7/0</td>
</tr><tr>
<td>Started on:</td><td>Tue May 09 09:54:57 IST 2023</td>
</tr>
<tr><td>Total time:</td><td>328 seconds (328772 ms)</td>
</tr><tr>
<td>Included groups:</td><td></td>
</tr><tr>
<td>Excluded groups:</td><td></td>
</tr>
</table><p/>
<small><i>(Hover the method name to see the test class name)</i></small><p/>
<table width='100%' border='1' class='invocation-failed'>
<tr><td colspan='4' align='center'><b>FAILED TESTS</b></td></tr>
<tr><td><b>Test method</b></td>
<td width="30%"><b>Exception</b></td>
<td width="10%"><b>Time (seconds)</b></td>
<td><b>Instance</b></td>
</tr>
<tr>
<td title='testpages.BillEntryGeneralTest.massslipisclickable()'><b>massslipisclickable</b><br>Test class: testpages.BillEntryGeneralTest</td>
<td><div><pre>org.openqa.selenium.StaleElementReferenceException: stale element reference: element is not attached to the page document
  (Session info: chrome=112.0.5615.138)
For documentation on this error, please visit: https://selenium.dev/exceptions/#stale_element_reference
Build info: version: &apos;4.4.0&apos;, revision: &apos;e5c75ed026a&apos;
System info: host: &apos;DESKTOP-5G1UN2J&apos;, ip: &apos;192.168.0.113&apos;, os.name: &apos;Windows 11&apos;, os.arch: &apos;amd64&apos;, os.version: &apos;10.0&apos;, java.version: &apos;19.0.1&apos;
Driver info: org.openqa.selenium.chrome.ChromeDriver
Command: [e9805e8d5f78c354029a3cf823070470, clickElement {id=a56a500d-7932-432b-a9ac-eb530d790023}]
Capabilities {acceptInsecureCerts: false, browserName: chrome, browserVersion: 112.0.5615.138, chrome: {chromedriverVersion: 112.0.5615.49 (bd2a7bcb881c..., userDataDir: C:\Users\YOGESH~1.CHA\AppDa...}, goog:chromeOptions: {debuggerAddress: localhost:58529}, networkConnectionEnabled: false, pageLoadStrategy: normal, platformName: WINDOWS, proxy: Proxy(), se:cdp: ws://localhost:58529/devtoo..., se:cdpVersion: 112.0.5615.138, setWindowRect: true, strictFileInteractability: false, timeouts: {implicit: 0, pageLoad: 300000, script: 30000}, unhandledPromptBehavior: dismiss and notify, webauthn:extension:credBlob: true, webauthn:extension:largeBlob: true, webauthn:extension:minPinLength: true, webauthn:extension:prf: true, webauthn:virtualAuthenticators: true}
Element: [[ChromeDriver: chrome on WINDOWS (e9805e8d5f78c354029a3cf823070470)] -&gt; xpath: //div[@class=&apos;caption&apos;]]
Session ID: e9805e8d5f78c354029a3cf823070470
	at org.openqa.selenium.remote.codec.w3c.W3CHttpResponseCodec.createException(W3CHttpResponseCodec.java:200)
	at org.openqa.selenium.remote.codec.w3c.W3CHttpResponseCodec.decode(W3CHttpResponseCodec.java:133)
	at org.openqa.selenium.remote.codec.w3c.W3CHttpResponseCodec.decode(W3CHttpResponseCodec.java:53)
	at org.openqa.selenium.remote.HttpCommandExecutor.execute(HttpCommandExecutor.java:184)
	at org.openqa.selenium.remote.service.DriverCommandExecutor.invokeExecute(DriverCommandExecutor.java:167)
	at org.openqa.selenium.remote.service.DriverCommandExecutor.execute(DriverCommandExecutor.java:142)
	at org.openqa.selenium.remote.RemoteWebDriver.execute(RemoteWebDriver.java:547)
	at org.openqa.selenium.remote.RemoteWebElement.execute(RemoteWebElement.java:257)
	at org.openqa.selenium.remote.RemoteWebElement.click(RemoteWebElement.java:78)
	at org.openqa.selenium.support.pagefactory.internal.LocatingElementHandler.invoke(LocatingElementHandler.java:52)
	at jdk.proxy2/jdk.proxy2.$Proxy13.click(Unknown Source)
	at pom.BillEntryGeneral.clickonmasslip(BillEntryGeneral.java:346)
	at testpages.BillEntryGeneralTest.massslipisclickable(BillEntryGeneralTest.java:197)
	at java.base/java.util.ArrayList.forEach(ArrayList.java:1511)
... Removed 30 stack frames</pre></div><a href='#' onClick='toggleBox("stack-trace424573103", this, "Click to show all stack frames", "Click to hide stack frames")'>Click to show all stack frames</a>
<div class='stack-trace' id='stack-trace424573103'><pre>org.openqa.selenium.StaleElementReferenceException: stale element reference: element is not attached to the page document
  (Session info: chrome=112.0.5615.138)
For documentation on this error, please visit: https://selenium.dev/exceptions/#stale_element_reference
Build info: version: &apos;4.4.0&apos;, revision: &apos;e5c75ed026a&apos;
System info: host: &apos;DESKTOP-5G1UN2J&apos;, ip: &apos;192.168.0.113&apos;, os.name: &apos;Windows 11&apos;, os.arch: &apos;amd64&apos;, os.version: &apos;10.0&apos;, java.version: &apos;19.0.1&apos;
Driver info: org.openqa.selenium.chrome.ChromeDriver
Command: [e9805e8d5f78c354029a3cf823070470, clickElement {id=a56a500d-7932-432b-a9ac-eb530d790023}]
Capabilities {acceptInsecureCerts: false, browserName: chrome, browserVersion: 112.0.5615.138, chrome: {chromedriverVersion: 112.0.5615.49 (bd2a7bcb881c..., userDataDir: C:\Users\YOGESH~1.CHA\AppDa...}, goog:chromeOptions: {debuggerAddress: localhost:58529}, networkConnectionEnabled: false, pageLoadStrategy: normal, platformName: WINDOWS, proxy: Proxy(), se:cdp: ws://localhost:58529/devtoo..., se:cdpVersion: 112.0.5615.138, setWindowRect: true, strictFileInteractability: false, timeouts: {implicit: 0, pageLoad: 300000, script: 30000}, unhandledPromptBehavior: dismiss and notify, webauthn:extension:credBlob: true, webauthn:extension:largeBlob: true, webauthn:extension:minPinLength: true, webauthn:extension:prf: true, webauthn:virtualAuthenticators: true}
Element: [[ChromeDriver: chrome on WINDOWS (e9805e8d5f78c354029a3cf823070470)] -&gt; xpath: //div[@class=&apos;caption&apos;]]
Session ID: e9805e8d5f78c354029a3cf823070470
	at java.base/jdk.internal.reflect.DirectConstructorHandleAccessor.newInstance(DirectConstructorHandleAccessor.java:67)
	at java.base/java.lang.reflect.Constructor.newInstanceWithCaller(Constructor.java:500)
	at java.base/java.lang.reflect.Constructor.newInstance(Constructor.java:484)
	at org.openqa.selenium.remote.codec.w3c.W3CHttpResponseCodec.createException(W3CHttpResponseCodec.java:200)
	at org.openqa.selenium.remote.codec.w3c.W3CHttpResponseCodec.decode(W3CHttpResponseCodec.java:133)
	at org.openqa.selenium.remote.codec.w3c.W3CHttpResponseCodec.decode(W3CHttpResponseCodec.java:53)
	at org.openqa.selenium.remote.HttpCommandExecutor.execute(HttpCommandExecutor.java:184)
	at org.openqa.selenium.remote.service.DriverCommandExecutor.invokeExecute(DriverCommandExecutor.java:167)
	at org.openqa.selenium.remote.service.DriverCommandExecutor.execute(DriverCommandExecutor.java:142)
	at org.openqa.selenium.remote.RemoteWebDriver.execute(RemoteWebDriver.java:547)
	at org.openqa.selenium.remote.RemoteWebElement.execute(RemoteWebElement.java:257)
	at org.openqa.selenium.remote.RemoteWebElement.click(RemoteWebElement.java:78)
	at java.base/jdk.internal.reflect.DirectMethodHandleAccessor.invoke(DirectMethodHandleAccessor.java:104)
	at java.base/java.lang.reflect.Method.invoke(Method.java:578)
	at org.openqa.selenium.support.pagefactory.internal.LocatingElementHandler.invoke(LocatingElementHandler.java:52)
	at jdk.proxy2/jdk.proxy2.$Proxy13.click(Unknown Source)
	at pom.BillEntryGeneral.clickonmasslip(BillEntryGeneral.java:346)
	at testpages.BillEntryGeneralTest.massslipisclickable(BillEntryGeneralTest.java:197)
	at java.base/jdk.internal.reflect.DirectMethodHandleAccessor.invoke(DirectMethodHandleAccessor.java:104)
	at java.base/java.lang.reflect.Method.invoke(Method.java:578)
	at org.testng.internal.MethodInvocationHelper.invokeMethod(MethodInvocationHelper.java:133)
	at org.testng.internal.TestInvoker.invokeMethod(TestInvoker.java:598)
	at org.testng.internal.TestInvoker.invokeTestMethod(TestInvoker.java:173)
	at org.testng.internal.MethodRunner.runInSequence(MethodRunner.java:46)
	at org.testng.internal.TestInvoker$MethodInvocationAgent.invoke(TestInvoker.java:824)
	at org.testng.internal.TestInvoker.invokeTestMethods(TestInvoker.java:146)
	at org.testng.internal.TestMethodWorker.invokeTestMethods(TestMethodWorker.java:146)
	at org.testng.internal.TestMethodWorker.run(TestMethodWorker.java:128)
	at java.base/java.util.ArrayList.forEach(ArrayList.java:1511)
	at org.testng.TestRunner.privateRun(TestRunner.java:794)
	at org.testng.TestRunner.run(TestRunner.java:596)
	at org.testng.SuiteRunner.runTest(SuiteRunner.java:377)
	at org.testng.SuiteRunner.runSequentially(SuiteRunner.java:371)
	at org.testng.SuiteRunner.privateRun(SuiteRunner.java:332)
	at org.testng.SuiteRunner.run(SuiteRunner.java:276)
	at org.testng.SuiteRunnerWorker.runSuite(SuiteRunnerWorker.java:53)
	at org.testng.SuiteRunnerWorker.run(SuiteRunnerWorker.java:96)
	at org.testng.TestNG.runSuitesSequentially(TestNG.java:1212)
	at org.testng.TestNG.runSuitesLocally(TestNG.java:1134)
	at org.testng.TestNG.runSuites(TestNG.java:1063)
	at org.testng.TestNG.run(TestNG.java:1031)
	at org.testng.remote.AbstractRemoteTestNG.run(AbstractRemoteTestNG.java:115)
	at org.testng.remote.RemoteTestNG.initAndRun(RemoteTestNG.java:251)
	at org.testng.remote.RemoteTestNG.main(RemoteTestNG.java:77)
</pre></div></td>
<td>0</td>
<td>testpages.BillEntryGeneralTest@3bf7ca37</td></tr>
<tr>
<td title='testpages.BillEntryGeneralTest.OkButtonisClickableforInvoice()'><b>OkButtonisClickableforInvoice</b><br>Test class: testpages.BillEntryGeneralTest</td>
<td><div><pre>org.openqa.selenium.ElementNotInteractableException: element not interactable
  (Session info: chrome=112.0.5615.138)
Build info: version: &apos;4.4.0&apos;, revision: &apos;e5c75ed026a&apos;
System info: host: &apos;DESKTOP-5G1UN2J&apos;, ip: &apos;192.168.0.113&apos;, os.name: &apos;Windows 11&apos;, os.arch: &apos;amd64&apos;, os.version: &apos;10.0&apos;, java.version: &apos;19.0.1&apos;
Driver info: org.openqa.selenium.chrome.ChromeDriver
Command: [e9805e8d5f78c354029a3cf823070470, clickElement {id=988529d7-59c8-4d14-8077-1163b5b654cb}]
Capabilities {acceptInsecureCerts: false, browserName: chrome, browserVersion: 112.0.5615.138, chrome: {chromedriverVersion: 112.0.5615.49 (bd2a7bcb881c..., userDataDir: C:\Users\YOGESH~1.CHA\AppDa...}, goog:chromeOptions: {debuggerAddress: localhost:58529}, networkConnectionEnabled: false, pageLoadStrategy: normal, platformName: WINDOWS, proxy: Proxy(), se:cdp: ws://localhost:58529/devtoo..., se:cdpVersion: 112.0.5615.138, setWindowRect: true, strictFileInteractability: false, timeouts: {implicit: 0, pageLoad: 300000, script: 30000}, unhandledPromptBehavior: dismiss and notify, webauthn:extension:credBlob: true, webauthn:extension:largeBlob: true, webauthn:extension:minPinLength: true, webauthn:extension:prf: true, webauthn:virtualAuthenticators: true}
Element: [[ChromeDriver: chrome on WINDOWS (e9805e8d5f78c354029a3cf823070470)] -&gt; xpath: //input[@id=&apos;Button3&apos;]]
Session ID: e9805e8d5f78c354029a3cf823070470
	at org.openqa.selenium.remote.codec.w3c.W3CHttpResponseCodec.createException(W3CHttpResponseCodec.java:200)
	at org.openqa.selenium.remote.codec.w3c.W3CHttpResponseCodec.decode(W3CHttpResponseCodec.java:133)
	at org.openqa.selenium.remote.codec.w3c.W3CHttpResponseCodec.decode(W3CHttpResponseCodec.java:53)
	at org.openqa.selenium.remote.HttpCommandExecutor.execute(HttpCommandExecutor.java:184)
	at org.openqa.selenium.remote.service.DriverCommandExecutor.invokeExecute(DriverCommandExecutor.java:167)
	at org.openqa.selenium.remote.service.DriverCommandExecutor.execute(DriverCommandExecutor.java:142)
	at org.openqa.selenium.remote.RemoteWebDriver.execute(RemoteWebDriver.java:547)
	at org.openqa.selenium.remote.RemoteWebElement.execute(RemoteWebElement.java:257)
	at org.openqa.selenium.remote.RemoteWebElement.click(RemoteWebElement.java:78)
	at org.openqa.selenium.support.pagefactory.internal.LocatingElementHandler.invoke(LocatingElementHandler.java:52)
	at jdk.proxy2/jdk.proxy2.$Proxy13.click(Unknown Source)
	at pom.BillEntryGeneral.clickforokbutton(BillEntryGeneral.java:420)
	at testpages.BillEntryGeneralTest.OkButtonisClickableforInvoice(BillEntryGeneralTest.java:452)
	at java.base/java.util.ArrayList.forEach(ArrayList.java:1511)
... Removed 30 stack frames</pre></div><a href='#' onClick='toggleBox("stack-trace1933687459", this, "Click to show all stack frames", "Click to hide stack frames")'>Click to show all stack frames</a>
<div class='stack-trace' id='stack-trace1933687459'><pre>org.openqa.selenium.ElementNotInteractableException: element not interactable
  (Session info: chrome=112.0.5615.138)
Build info: version: &apos;4.4.0&apos;, revision: &apos;e5c75ed026a&apos;
System info: host: &apos;DESKTOP-5G1UN2J&apos;, ip: &apos;192.168.0.113&apos;, os.name: &apos;Windows 11&apos;, os.arch: &apos;amd64&apos;, os.version: &apos;10.0&apos;, java.version: &apos;19.0.1&apos;
Driver info: org.openqa.selenium.chrome.ChromeDriver
Command: [e9805e8d5f78c354029a3cf823070470, clickElement {id=988529d7-59c8-4d14-8077-1163b5b654cb}]
Capabilities {acceptInsecureCerts: false, browserName: chrome, browserVersion: 112.0.5615.138, chrome: {chromedriverVersion: 112.0.5615.49 (bd2a7bcb881c..., userDataDir: C:\Users\YOGESH~1.CHA\AppDa...}, goog:chromeOptions: {debuggerAddress: localhost:58529}, networkConnectionEnabled: false, pageLoadStrategy: normal, platformName: WINDOWS, proxy: Proxy(), se:cdp: ws://localhost:58529/devtoo..., se:cdpVersion: 112.0.5615.138, setWindowRect: true, strictFileInteractability: false, timeouts: {implicit: 0, pageLoad: 300000, script: 30000}, unhandledPromptBehavior: dismiss and notify, webauthn:extension:credBlob: true, webauthn:extension:largeBlob: true, webauthn:extension:minPinLength: true, webauthn:extension:prf: true, webauthn:virtualAuthenticators: true}
Element: [[ChromeDriver: chrome on WINDOWS (e9805e8d5f78c354029a3cf823070470)] -&gt; xpath: //input[@id=&apos;Button3&apos;]]
Session ID: e9805e8d5f78c354029a3cf823070470
	at java.base/jdk.internal.reflect.DirectConstructorHandleAccessor.newInstance(DirectConstructorHandleAccessor.java:67)
	at java.base/java.lang.reflect.Constructor.newInstanceWithCaller(Constructor.java:500)
	at java.base/java.lang.reflect.Constructor.newInstance(Constructor.java:484)
	at org.openqa.selenium.remote.codec.w3c.W3CHttpResponseCodec.createException(W3CHttpResponseCodec.java:200)
	at org.openqa.selenium.remote.codec.w3c.W3CHttpResponseCodec.decode(W3CHttpResponseCodec.java:133)
	at org.openqa.selenium.remote.codec.w3c.W3CHttpResponseCodec.decode(W3CHttpResponseCodec.java:53)
	at org.openqa.selenium.remote.HttpCommandExecutor.execute(HttpCommandExecutor.java:184)
	at org.openqa.selenium.remote.service.DriverCommandExecutor.invokeExecute(DriverCommandExecutor.java:167)
	at org.openqa.selenium.remote.service.DriverCommandExecutor.execute(DriverCommandExecutor.java:142)
	at org.openqa.selenium.remote.RemoteWebDriver.execute(RemoteWebDriver.java:547)
	at org.openqa.selenium.remote.RemoteWebElement.execute(RemoteWebElement.java:257)
	at org.openqa.selenium.remote.RemoteWebElement.click(RemoteWebElement.java:78)
	at java.base/jdk.internal.reflect.DirectMethodHandleAccessor.invoke(DirectMethodHandleAccessor.java:104)
	at java.base/java.lang.reflect.Method.invoke(Method.java:578)
	at org.openqa.selenium.support.pagefactory.internal.LocatingElementHandler.invoke(LocatingElementHandler.java:52)
	at jdk.proxy2/jdk.proxy2.$Proxy13.click(Unknown Source)
	at pom.BillEntryGeneral.clickforokbutton(BillEntryGeneral.java:420)
	at testpages.BillEntryGeneralTest.OkButtonisClickableforInvoice(BillEntryGeneralTest.java:452)
	at java.base/jdk.internal.reflect.DirectMethodHandleAccessor.invoke(DirectMethodHandleAccessor.java:104)
	at java.base/java.lang.reflect.Method.invoke(Method.java:578)
	at org.testng.internal.MethodInvocationHelper.invokeMethod(MethodInvocationHelper.java:133)
	at org.testng.internal.TestInvoker.invokeMethod(TestInvoker.java:598)
	at org.testng.internal.TestInvoker.invokeTestMethod(TestInvoker.java:173)
	at org.testng.internal.MethodRunner.runInSequence(MethodRunner.java:46)
	at org.testng.internal.TestInvoker$MethodInvocationAgent.invoke(TestInvoker.java:824)
	at org.testng.internal.TestInvoker.invokeTestMethods(TestInvoker.java:146)
	at org.testng.internal.TestMethodWorker.invokeTestMethods(TestMethodWorker.java:146)
	at org.testng.internal.TestMethodWorker.run(TestMethodWorker.java:128)
	at java.base/java.util.ArrayList.forEach(ArrayList.java:1511)
	at org.testng.TestRunner.privateRun(TestRunner.java:794)
	at org.testng.TestRunner.run(TestRunner.java:596)
	at org.testng.SuiteRunner.runTest(SuiteRunner.java:377)
	at org.testng.SuiteRunner.runSequentially(SuiteRunner.java:371)
	at org.testng.SuiteRunner.privateRun(SuiteRunner.java:332)
	at org.testng.SuiteRunner.run(SuiteRunner.java:276)
	at org.testng.SuiteRunnerWorker.runSuite(SuiteRunnerWorker.java:53)
	at org.testng.SuiteRunnerWorker.run(SuiteRunnerWorker.java:96)
	at org.testng.TestNG.runSuitesSequentially(TestNG.java:1212)
	at org.testng.TestNG.runSuitesLocally(TestNG.java:1134)
	at org.testng.TestNG.runSuites(TestNG.java:1063)
	at org.testng.TestNG.run(TestNG.java:1031)
	at org.testng.remote.AbstractRemoteTestNG.run(AbstractRemoteTestNG.java:115)
	at org.testng.remote.RemoteTestNG.initAndRun(RemoteTestNG.java:251)
	at org.testng.remote.RemoteTestNG.main(RemoteTestNG.java:77)
</pre></div></td>
<td>10</td>
<td>testpages.BillEntryGeneralTest@3bf7ca37</td></tr>
<tr>
<td title='testpages.AdministrativeApprovalTest.BackbuttonisclickableforaainboxHOD()'><b>BackbuttonisclickableforaainboxHOD</b><br>Test class: testpages.AdministrativeApprovalTest</td>
<td><div><pre>org.openqa.selenium.NoSuchElementException: no such element: Unable to locate element: {&quot;method&quot;:&quot;css selector&quot;,&quot;selector&quot;:&quot;#\/\/input\[\@id\=\&apos;body_Button1\&apos;\]&quot;}
  (Session info: chrome=112.0.5615.138)
For documentation on this error, please visit: https://selenium.dev/exceptions/#no_such_element
Build info: version: &apos;4.4.0&apos;, revision: &apos;e5c75ed026a&apos;
System info: host: &apos;DESKTOP-5G1UN2J&apos;, ip: &apos;192.168.0.113&apos;, os.name: &apos;Windows 11&apos;, os.arch: &apos;amd64&apos;, os.version: &apos;10.0&apos;, java.version: &apos;19.0.1&apos;
Driver info: org.openqa.selenium.chrome.ChromeDriver
Command: [2bc0c1ebd6f8498ea2667c4693566db3, findElement {using=id, value=//input[@id=&apos;body_Button1&apos;]}]
Capabilities {acceptInsecureCerts: false, browserName: chrome, browserVersion: 112.0.5615.138, chrome: {chromedriverVersion: 112.0.5615.49 (bd2a7bcb881c..., userDataDir: C:\Users\YOGESH~1.CHA\AppDa...}, goog:chromeOptions: {debuggerAddress: localhost:58300}, networkConnectionEnabled: false, pageLoadStrategy: normal, platformName: WINDOWS, proxy: Proxy(), se:cdp: ws://localhost:58300/devtoo..., se:cdpVersion: 112.0.5615.138, setWindowRect: true, strictFileInteractability: false, timeouts: {implicit: 0, pageLoad: 300000, script: 30000}, unhandledPromptBehavior: dismiss and notify, webauthn:extension:credBlob: true, webauthn:extension:largeBlob: true, webauthn:extension:minPinLength: true, webauthn:extension:prf: true, webauthn:virtualAuthenticators: true}
Session ID: 2bc0c1ebd6f8498ea2667c4693566db3
	at org.openqa.selenium.remote.codec.w3c.W3CHttpResponseCodec.createException(W3CHttpResponseCodec.java:200)
	at org.openqa.selenium.remote.codec.w3c.W3CHttpResponseCodec.decode(W3CHttpResponseCodec.java:133)
	at org.openqa.selenium.remote.codec.w3c.W3CHttpResponseCodec.decode(W3CHttpResponseCodec.java:53)
	at org.openqa.selenium.remote.HttpCommandExecutor.execute(HttpCommandExecutor.java:184)
	at org.openqa.selenium.remote.service.DriverCommandExecutor.invokeExecute(DriverCommandExecutor.java:167)
	at org.openqa.selenium.remote.service.DriverCommandExecutor.execute(DriverCommandExecutor.java:142)
	at org.openqa.selenium.remote.RemoteWebDriver.execute(RemoteWebDriver.java:547)
	at org.openqa.selenium.remote.ElementLocation$ElementFinder$2.findElement(ElementLocation.java:162)
	at org.openqa.selenium.remote.ElementLocation.findElement(ElementLocation.java:60)
	at org.openqa.selenium.remote.RemoteWebDriver.findElement(RemoteWebDriver.java:365)
	at org.openqa.selenium.remote.RemoteWebDriver.findElement(RemoteWebDriver.java:357)
	at org.openqa.selenium.support.pagefactory.DefaultElementLocator.findElement(DefaultElementLocator.java:70)
	at org.openqa.selenium.support.pagefactory.internal.LocatingElementHandler.invoke(LocatingElementHandler.java:39)
	at jdk.proxy2/jdk.proxy2.$Proxy13.click(Unknown Source)
	at pom.AdministrativeApproval.clickforBackafterAAApproval(AdministrativeApproval.java:332)
	at testpages.AdministrativeApprovalTest.BackbuttonisclickableforaainboxHOD(AdministrativeApprovalTest.java:248)
	at java.base/java.util.ArrayList.forEach(ArrayList.java:1511)
... Removed 28 stack frames</pre></div><a href='#' onClick='toggleBox("stack-trace905594127", this, "Click to show all stack frames", "Click to hide stack frames")'>Click to show all stack frames</a>
<div class='stack-trace' id='stack-trace905594127'><pre>org.openqa.selenium.NoSuchElementException: no such element: Unable to locate element: {&quot;method&quot;:&quot;css selector&quot;,&quot;selector&quot;:&quot;#\/\/input\[\@id\=\&apos;body_Button1\&apos;\]&quot;}
  (Session info: chrome=112.0.5615.138)
For documentation on this error, please visit: https://selenium.dev/exceptions/#no_such_element
Build info: version: &apos;4.4.0&apos;, revision: &apos;e5c75ed026a&apos;
System info: host: &apos;DESKTOP-5G1UN2J&apos;, ip: &apos;192.168.0.113&apos;, os.name: &apos;Windows 11&apos;, os.arch: &apos;amd64&apos;, os.version: &apos;10.0&apos;, java.version: &apos;19.0.1&apos;
Driver info: org.openqa.selenium.chrome.ChromeDriver
Command: [2bc0c1ebd6f8498ea2667c4693566db3, findElement {using=id, value=//input[@id=&apos;body_Button1&apos;]}]
Capabilities {acceptInsecureCerts: false, browserName: chrome, browserVersion: 112.0.5615.138, chrome: {chromedriverVersion: 112.0.5615.49 (bd2a7bcb881c..., userDataDir: C:\Users\YOGESH~1.CHA\AppDa...}, goog:chromeOptions: {debuggerAddress: localhost:58300}, networkConnectionEnabled: false, pageLoadStrategy: normal, platformName: WINDOWS, proxy: Proxy(), se:cdp: ws://localhost:58300/devtoo..., se:cdpVersion: 112.0.5615.138, setWindowRect: true, strictFileInteractability: false, timeouts: {implicit: 0, pageLoad: 300000, script: 30000}, unhandledPromptBehavior: dismiss and notify, webauthn:extension:credBlob: true, webauthn:extension:largeBlob: true, webauthn:extension:minPinLength: true, webauthn:extension:prf: true, webauthn:virtualAuthenticators: true}
Session ID: 2bc0c1ebd6f8498ea2667c4693566db3
	at java.base/jdk.internal.reflect.DirectConstructorHandleAccessor.newInstance(DirectConstructorHandleAccessor.java:67)
	at java.base/java.lang.reflect.Constructor.newInstanceWithCaller(Constructor.java:500)
	at java.base/java.lang.reflect.Constructor.newInstance(Constructor.java:484)
	at org.openqa.selenium.remote.codec.w3c.W3CHttpResponseCodec.createException(W3CHttpResponseCodec.java:200)
	at org.openqa.selenium.remote.codec.w3c.W3CHttpResponseCodec.decode(W3CHttpResponseCodec.java:133)
	at org.openqa.selenium.remote.codec.w3c.W3CHttpResponseCodec.decode(W3CHttpResponseCodec.java:53)
	at org.openqa.selenium.remote.HttpCommandExecutor.execute(HttpCommandExecutor.java:184)
	at org.openqa.selenium.remote.service.DriverCommandExecutor.invokeExecute(DriverCommandExecutor.java:167)
	at org.openqa.selenium.remote.service.DriverCommandExecutor.execute(DriverCommandExecutor.java:142)
	at org.openqa.selenium.remote.RemoteWebDriver.execute(RemoteWebDriver.java:547)
	at org.openqa.selenium.remote.ElementLocation$ElementFinder$2.findElement(ElementLocation.java:162)
	at org.openqa.selenium.remote.ElementLocation.findElement(ElementLocation.java:60)
	at org.openqa.selenium.remote.RemoteWebDriver.findElement(RemoteWebDriver.java:365)
	at org.openqa.selenium.remote.RemoteWebDriver.findElement(RemoteWebDriver.java:357)
	at org.openqa.selenium.support.pagefactory.DefaultElementLocator.findElement(DefaultElementLocator.java:70)
	at org.openqa.selenium.support.pagefactory.internal.LocatingElementHandler.invoke(LocatingElementHandler.java:39)
	at jdk.proxy2/jdk.proxy2.$Proxy13.click(Unknown Source)
	at pom.AdministrativeApproval.clickforBackafterAAApproval(AdministrativeApproval.java:332)
	at testpages.AdministrativeApprovalTest.BackbuttonisclickableforaainboxHOD(AdministrativeApprovalTest.java:248)
	at java.base/jdk.internal.reflect.DirectMethodHandleAccessor.invoke(DirectMethodHandleAccessor.java:104)
	at java.base/java.lang.reflect.Method.invoke(Method.java:578)
	at org.testng.internal.MethodInvocationHelper.invokeMethod(MethodInvocationHelper.java:133)
	at org.testng.internal.TestInvoker.invokeMethod(TestInvoker.java:598)
	at org.testng.internal.TestInvoker.invokeTestMethod(TestInvoker.java:173)
	at org.testng.internal.MethodRunner.runInSequence(MethodRunner.java:46)
	at org.testng.internal.TestInvoker$MethodInvocationAgent.invoke(TestInvoker.java:824)
	at org.testng.internal.TestInvoker.invokeTestMethods(TestInvoker.java:146)
	at org.testng.internal.TestMethodWorker.invokeTestMethods(TestMethodWorker.java:146)
	at org.testng.internal.TestMethodWorker.run(TestMethodWorker.java:128)
	at java.base/java.util.ArrayList.forEach(ArrayList.java:1511)
	at org.testng.TestRunner.privateRun(TestRunner.java:794)
	at org.testng.TestRunner.run(TestRunner.java:596)
	at org.testng.SuiteRunner.runTest(SuiteRunner.java:377)
	at org.testng.SuiteRunner.runSequentially(SuiteRunner.java:371)
	at org.testng.SuiteRunner.privateRun(SuiteRunner.java:332)
	at org.testng.SuiteRunner.run(SuiteRunner.java:276)
	at org.testng.SuiteRunnerWorker.runSuite(SuiteRunnerWorker.java:53)
	at org.testng.SuiteRunnerWorker.run(SuiteRunnerWorker.java:96)
	at org.testng.TestNG.runSuitesSequentially(TestNG.java:1212)
	at org.testng.TestNG.runSuitesLocally(TestNG.java:1134)
	at org.testng.TestNG.runSuites(TestNG.java:1063)
	at org.testng.TestNG.run(TestNG.java:1031)
	at org.testng.remote.AbstractRemoteTestNG.run(AbstractRemoteTestNG.java:115)
	at org.testng.remote.RemoteTestNG.initAndRun(RemoteTestNG.java:251)
	at org.testng.remote.RemoteTestNG.main(RemoteTestNG.java:77)
</pre></div></td>
<td>10</td>
<td>testpages.AdministrativeApprovalTest@7c6908d7</td></tr>
<tr>
<td title='testpages.AdministrativeApprovalTest.BackbuttonisclickableforaainboxDYCAFO()'><b>BackbuttonisclickableforaainboxDYCAFO</b><br>Test class: testpages.AdministrativeApprovalTest</td>
<td><div><pre>org.openqa.selenium.NoSuchElementException: no such element: Unable to locate element: {&quot;method&quot;:&quot;css selector&quot;,&quot;selector&quot;:&quot;#\/\/input\[\@id\=\&apos;body_Button1\&apos;\]&quot;}
  (Session info: chrome=112.0.5615.138)
For documentation on this error, please visit: https://selenium.dev/exceptions/#no_such_element
Build info: version: &apos;4.4.0&apos;, revision: &apos;e5c75ed026a&apos;
System info: host: &apos;DESKTOP-5G1UN2J&apos;, ip: &apos;192.168.0.113&apos;, os.name: &apos;Windows 11&apos;, os.arch: &apos;amd64&apos;, os.version: &apos;10.0&apos;, java.version: &apos;19.0.1&apos;
Driver info: org.openqa.selenium.chrome.ChromeDriver
Command: [2bc0c1ebd6f8498ea2667c4693566db3, findElement {using=id, value=//input[@id=&apos;body_Button1&apos;]}]
Capabilities {acceptInsecureCerts: false, browserName: chrome, browserVersion: 112.0.5615.138, chrome: {chromedriverVersion: 112.0.5615.49 (bd2a7bcb881c..., userDataDir: C:\Users\YOGESH~1.CHA\AppDa...}, goog:chromeOptions: {debuggerAddress: localhost:58300}, networkConnectionEnabled: false, pageLoadStrategy: normal, platformName: WINDOWS, proxy: Proxy(), se:cdp: ws://localhost:58300/devtoo..., se:cdpVersion: 112.0.5615.138, setWindowRect: true, strictFileInteractability: false, timeouts: {implicit: 0, pageLoad: 300000, script: 30000}, unhandledPromptBehavior: dismiss and notify, webauthn:extension:credBlob: true, webauthn:extension:largeBlob: true, webauthn:extension:minPinLength: true, webauthn:extension:prf: true, webauthn:virtualAuthenticators: true}
Session ID: 2bc0c1ebd6f8498ea2667c4693566db3
	at org.openqa.selenium.remote.codec.w3c.W3CHttpResponseCodec.createException(W3CHttpResponseCodec.java:200)
	at org.openqa.selenium.remote.codec.w3c.W3CHttpResponseCodec.decode(W3CHttpResponseCodec.java:133)
	at org.openqa.selenium.remote.codec.w3c.W3CHttpResponseCodec.decode(W3CHttpResponseCodec.java:53)
	at org.openqa.selenium.remote.HttpCommandExecutor.execute(HttpCommandExecutor.java:184)
	at org.openqa.selenium.remote.service.DriverCommandExecutor.invokeExecute(DriverCommandExecutor.java:167)
	at org.openqa.selenium.remote.service.DriverCommandExecutor.execute(DriverCommandExecutor.java:142)
	at org.openqa.selenium.remote.RemoteWebDriver.execute(RemoteWebDriver.java:547)
	at org.openqa.selenium.remote.ElementLocation$ElementFinder$2.findElement(ElementLocation.java:162)
	at org.openqa.selenium.remote.ElementLocation.findElement(ElementLocation.java:60)
	at org.openqa.selenium.remote.RemoteWebDriver.findElement(RemoteWebDriver.java:365)
	at org.openqa.selenium.remote.RemoteWebDriver.findElement(RemoteWebDriver.java:357)
	at org.openqa.selenium.support.pagefactory.DefaultElementLocator.findElement(DefaultElementLocator.java:70)
	at org.openqa.selenium.support.pagefactory.internal.LocatingElementHandler.invoke(LocatingElementHandler.java:39)
	at jdk.proxy2/jdk.proxy2.$Proxy13.click(Unknown Source)
	at pom.AdministrativeApproval.clickforBackafterAAApproval(AdministrativeApproval.java:332)
	at testpages.AdministrativeApprovalTest.BackbuttonisclickableforaainboxDYCAFO(AdministrativeApprovalTest.java:306)
	at java.base/java.util.ArrayList.forEach(ArrayList.java:1511)
... Removed 28 stack frames</pre></div><a href='#' onClick='toggleBox("stack-trace1583850640", this, "Click to show all stack frames", "Click to hide stack frames")'>Click to show all stack frames</a>
<div class='stack-trace' id='stack-trace1583850640'><pre>org.openqa.selenium.NoSuchElementException: no such element: Unable to locate element: {&quot;method&quot;:&quot;css selector&quot;,&quot;selector&quot;:&quot;#\/\/input\[\@id\=\&apos;body_Button1\&apos;\]&quot;}
  (Session info: chrome=112.0.5615.138)
For documentation on this error, please visit: https://selenium.dev/exceptions/#no_such_element
Build info: version: &apos;4.4.0&apos;, revision: &apos;e5c75ed026a&apos;
System info: host: &apos;DESKTOP-5G1UN2J&apos;, ip: &apos;192.168.0.113&apos;, os.name: &apos;Windows 11&apos;, os.arch: &apos;amd64&apos;, os.version: &apos;10.0&apos;, java.version: &apos;19.0.1&apos;
Driver info: org.openqa.selenium.chrome.ChromeDriver
Command: [2bc0c1ebd6f8498ea2667c4693566db3, findElement {using=id, value=//input[@id=&apos;body_Button1&apos;]}]
Capabilities {acceptInsecureCerts: false, browserName: chrome, browserVersion: 112.0.5615.138, chrome: {chromedriverVersion: 112.0.5615.49 (bd2a7bcb881c..., userDataDir: C:\Users\YOGESH~1.CHA\AppDa...}, goog:chromeOptions: {debuggerAddress: localhost:58300}, networkConnectionEnabled: false, pageLoadStrategy: normal, platformName: WINDOWS, proxy: Proxy(), se:cdp: ws://localhost:58300/devtoo..., se:cdpVersion: 112.0.5615.138, setWindowRect: true, strictFileInteractability: false, timeouts: {implicit: 0, pageLoad: 300000, script: 30000}, unhandledPromptBehavior: dismiss and notify, webauthn:extension:credBlob: true, webauthn:extension:largeBlob: true, webauthn:extension:minPinLength: true, webauthn:extension:prf: true, webauthn:virtualAuthenticators: true}
Session ID: 2bc0c1ebd6f8498ea2667c4693566db3
	at java.base/jdk.internal.reflect.DirectConstructorHandleAccessor.newInstance(DirectConstructorHandleAccessor.java:67)
	at java.base/java.lang.reflect.Constructor.newInstanceWithCaller(Constructor.java:500)
	at java.base/java.lang.reflect.Constructor.newInstance(Constructor.java:484)
	at org.openqa.selenium.remote.codec.w3c.W3CHttpResponseCodec.createException(W3CHttpResponseCodec.java:200)
	at org.openqa.selenium.remote.codec.w3c.W3CHttpResponseCodec.decode(W3CHttpResponseCodec.java:133)
	at org.openqa.selenium.remote.codec.w3c.W3CHttpResponseCodec.decode(W3CHttpResponseCodec.java:53)
	at org.openqa.selenium.remote.HttpCommandExecutor.execute(HttpCommandExecutor.java:184)
	at org.openqa.selenium.remote.service.DriverCommandExecutor.invokeExecute(DriverCommandExecutor.java:167)
	at org.openqa.selenium.remote.service.DriverCommandExecutor.execute(DriverCommandExecutor.java:142)
	at org.openqa.selenium.remote.RemoteWebDriver.execute(RemoteWebDriver.java:547)
	at org.openqa.selenium.remote.ElementLocation$ElementFinder$2.findElement(ElementLocation.java:162)
	at org.openqa.selenium.remote.ElementLocation.findElement(ElementLocation.java:60)
	at org.openqa.selenium.remote.RemoteWebDriver.findElement(RemoteWebDriver.java:365)
	at org.openqa.selenium.remote.RemoteWebDriver.findElement(RemoteWebDriver.java:357)
	at org.openqa.selenium.support.pagefactory.DefaultElementLocator.findElement(DefaultElementLocator.java:70)
	at org.openqa.selenium.support.pagefactory.internal.LocatingElementHandler.invoke(LocatingElementHandler.java:39)
	at jdk.proxy2/jdk.proxy2.$Proxy13.click(Unknown Source)
	at pom.AdministrativeApproval.clickforBackafterAAApproval(AdministrativeApproval.java:332)
	at testpages.AdministrativeApprovalTest.BackbuttonisclickableforaainboxDYCAFO(AdministrativeApprovalTest.java:306)
	at java.base/jdk.internal.reflect.DirectMethodHandleAccessor.invoke(DirectMethodHandleAccessor.java:104)
	at java.base/java.lang.reflect.Method.invoke(Method.java:578)
	at org.testng.internal.MethodInvocationHelper.invokeMethod(MethodInvocationHelper.java:133)
	at org.testng.internal.TestInvoker.invokeMethod(TestInvoker.java:598)
	at org.testng.internal.TestInvoker.invokeTestMethod(TestInvoker.java:173)
	at org.testng.internal.MethodRunner.runInSequence(MethodRunner.java:46)
	at org.testng.internal.TestInvoker$MethodInvocationAgent.invoke(TestInvoker.java:824)
	at org.testng.internal.TestInvoker.invokeTestMethods(TestInvoker.java:146)
	at org.testng.internal.TestMethodWorker.invokeTestMethods(TestMethodWorker.java:146)
	at org.testng.internal.TestMethodWorker.run(TestMethodWorker.java:128)
	at java.base/java.util.ArrayList.forEach(ArrayList.java:1511)
	at org.testng.TestRunner.privateRun(TestRunner.java:794)
	at org.testng.TestRunner.run(TestRunner.java:596)
	at org.testng.SuiteRunner.runTest(SuiteRunner.java:377)
	at org.testng.SuiteRunner.runSequentially(SuiteRunner.java:371)
	at org.testng.SuiteRunner.privateRun(SuiteRunner.java:332)
	at org.testng.SuiteRunner.run(SuiteRunner.java:276)
	at org.testng.SuiteRunnerWorker.runSuite(SuiteRunnerWorker.java:53)
	at org.testng.SuiteRunnerWorker.run(SuiteRunnerWorker.java:96)
	at org.testng.TestNG.runSuitesSequentially(TestNG.java:1212)
	at org.testng.TestNG.runSuitesLocally(TestNG.java:1134)
	at org.testng.TestNG.runSuites(TestNG.java:1063)
	at org.testng.TestNG.run(TestNG.java:1031)
	at org.testng.remote.AbstractRemoteTestNG.run(AbstractRemoteTestNG.java:115)
	at org.testng.remote.RemoteTestNG.initAndRun(RemoteTestNG.java:251)
	at org.testng.remote.RemoteTestNG.main(RemoteTestNG.java:77)
</pre></div></td>
<td>10</td>
<td>testpages.AdministrativeApprovalTest@7c6908d7</td></tr>
<tr>
<td title='testpages.AdministrativeApprovalTest.BackbuttonisclickableforaainboxCAFO()'><b>BackbuttonisclickableforaainboxCAFO</b><br>Test class: testpages.AdministrativeApprovalTest</td>
<td><div><pre>org.openqa.selenium.NoSuchElementException: no such element: Unable to locate element: {&quot;method&quot;:&quot;css selector&quot;,&quot;selector&quot;:&quot;#\/\/input\[\@id\=\&apos;body_Button1\&apos;\]&quot;}
  (Session info: chrome=112.0.5615.138)
For documentation on this error, please visit: https://selenium.dev/exceptions/#no_such_element
Build info: version: &apos;4.4.0&apos;, revision: &apos;e5c75ed026a&apos;
System info: host: &apos;DESKTOP-5G1UN2J&apos;, ip: &apos;192.168.0.113&apos;, os.name: &apos;Windows 11&apos;, os.arch: &apos;amd64&apos;, os.version: &apos;10.0&apos;, java.version: &apos;19.0.1&apos;
Driver info: org.openqa.selenium.chrome.ChromeDriver
Command: [2bc0c1ebd6f8498ea2667c4693566db3, findElement {using=id, value=//input[@id=&apos;body_Button1&apos;]}]
Capabilities {acceptInsecureCerts: false, browserName: chrome, browserVersion: 112.0.5615.138, chrome: {chromedriverVersion: 112.0.5615.49 (bd2a7bcb881c..., userDataDir: C:\Users\YOGESH~1.CHA\AppDa...}, goog:chromeOptions: {debuggerAddress: localhost:58300}, networkConnectionEnabled: false, pageLoadStrategy: normal, platformName: WINDOWS, proxy: Proxy(), se:cdp: ws://localhost:58300/devtoo..., se:cdpVersion: 112.0.5615.138, setWindowRect: true, strictFileInteractability: false, timeouts: {implicit: 0, pageLoad: 300000, script: 30000}, unhandledPromptBehavior: dismiss and notify, webauthn:extension:credBlob: true, webauthn:extension:largeBlob: true, webauthn:extension:minPinLength: true, webauthn:extension:prf: true, webauthn:virtualAuthenticators: true}
Session ID: 2bc0c1ebd6f8498ea2667c4693566db3
	at org.openqa.selenium.remote.codec.w3c.W3CHttpResponseCodec.createException(W3CHttpResponseCodec.java:200)
	at org.openqa.selenium.remote.codec.w3c.W3CHttpResponseCodec.decode(W3CHttpResponseCodec.java:133)
	at org.openqa.selenium.remote.codec.w3c.W3CHttpResponseCodec.decode(W3CHttpResponseCodec.java:53)
	at org.openqa.selenium.remote.HttpCommandExecutor.execute(HttpCommandExecutor.java:184)
	at org.openqa.selenium.remote.service.DriverCommandExecutor.invokeExecute(DriverCommandExecutor.java:167)
	at org.openqa.selenium.remote.service.DriverCommandExecutor.execute(DriverCommandExecutor.java:142)
	at org.openqa.selenium.remote.RemoteWebDriver.execute(RemoteWebDriver.java:547)
	at org.openqa.selenium.remote.ElementLocation$ElementFinder$2.findElement(ElementLocation.java:162)
	at org.openqa.selenium.remote.ElementLocation.findElement(ElementLocation.java:60)
	at org.openqa.selenium.remote.RemoteWebDriver.findElement(RemoteWebDriver.java:365)
	at org.openqa.selenium.remote.RemoteWebDriver.findElement(RemoteWebDriver.java:357)
	at org.openqa.selenium.support.pagefactory.DefaultElementLocator.findElement(DefaultElementLocator.java:70)
	at org.openqa.selenium.support.pagefactory.internal.LocatingElementHandler.invoke(LocatingElementHandler.java:39)
	at jdk.proxy2/jdk.proxy2.$Proxy13.click(Unknown Source)
	at pom.AdministrativeApproval.clickforBackafterAAApproval(AdministrativeApproval.java:332)
	at testpages.AdministrativeApprovalTest.BackbuttonisclickableforaainboxCAFO(AdministrativeApprovalTest.java:364)
	at java.base/java.util.ArrayList.forEach(ArrayList.java:1511)
... Removed 28 stack frames</pre></div><a href='#' onClick='toggleBox("stack-trace1152029154", this, "Click to show all stack frames", "Click to hide stack frames")'>Click to show all stack frames</a>
<div class='stack-trace' id='stack-trace1152029154'><pre>org.openqa.selenium.NoSuchElementException: no such element: Unable to locate element: {&quot;method&quot;:&quot;css selector&quot;,&quot;selector&quot;:&quot;#\/\/input\[\@id\=\&apos;body_Button1\&apos;\]&quot;}
  (Session info: chrome=112.0.5615.138)
For documentation on this error, please visit: https://selenium.dev/exceptions/#no_such_element
Build info: version: &apos;4.4.0&apos;, revision: &apos;e5c75ed026a&apos;
System info: host: &apos;DESKTOP-5G1UN2J&apos;, ip: &apos;192.168.0.113&apos;, os.name: &apos;Windows 11&apos;, os.arch: &apos;amd64&apos;, os.version: &apos;10.0&apos;, java.version: &apos;19.0.1&apos;
Driver info: org.openqa.selenium.chrome.ChromeDriver
Command: [2bc0c1ebd6f8498ea2667c4693566db3, findElement {using=id, value=//input[@id=&apos;body_Button1&apos;]}]
Capabilities {acceptInsecureCerts: false, browserName: chrome, browserVersion: 112.0.5615.138, chrome: {chromedriverVersion: 112.0.5615.49 (bd2a7bcb881c..., userDataDir: C:\Users\YOGESH~1.CHA\AppDa...}, goog:chromeOptions: {debuggerAddress: localhost:58300}, networkConnectionEnabled: false, pageLoadStrategy: normal, platformName: WINDOWS, proxy: Proxy(), se:cdp: ws://localhost:58300/devtoo..., se:cdpVersion: 112.0.5615.138, setWindowRect: true, strictFileInteractability: false, timeouts: {implicit: 0, pageLoad: 300000, script: 30000}, unhandledPromptBehavior: dismiss and notify, webauthn:extension:credBlob: true, webauthn:extension:largeBlob: true, webauthn:extension:minPinLength: true, webauthn:extension:prf: true, webauthn:virtualAuthenticators: true}
Session ID: 2bc0c1ebd6f8498ea2667c4693566db3
	at java.base/jdk.internal.reflect.DirectConstructorHandleAccessor.newInstance(DirectConstructorHandleAccessor.java:67)
	at java.base/java.lang.reflect.Constructor.newInstanceWithCaller(Constructor.java:500)
	at java.base/java.lang.reflect.Constructor.newInstance(Constructor.java:484)
	at org.openqa.selenium.remote.codec.w3c.W3CHttpResponseCodec.createException(W3CHttpResponseCodec.java:200)
	at org.openqa.selenium.remote.codec.w3c.W3CHttpResponseCodec.decode(W3CHttpResponseCodec.java:133)
	at org.openqa.selenium.remote.codec.w3c.W3CHttpResponseCodec.decode(W3CHttpResponseCodec.java:53)
	at org.openqa.selenium.remote.HttpCommandExecutor.execute(HttpCommandExecutor.java:184)
	at org.openqa.selenium.remote.service.DriverCommandExecutor.invokeExecute(DriverCommandExecutor.java:167)
	at org.openqa.selenium.remote.service.DriverCommandExecutor.execute(DriverCommandExecutor.java:142)
	at org.openqa.selenium.remote.RemoteWebDriver.execute(RemoteWebDriver.java:547)
	at org.openqa.selenium.remote.ElementLocation$ElementFinder$2.findElement(ElementLocation.java:162)
	at org.openqa.selenium.remote.ElementLocation.findElement(ElementLocation.java:60)
	at org.openqa.selenium.remote.RemoteWebDriver.findElement(RemoteWebDriver.java:365)
	at org.openqa.selenium.remote.RemoteWebDriver.findElement(RemoteWebDriver.java:357)
	at org.openqa.selenium.support.pagefactory.DefaultElementLocator.findElement(DefaultElementLocator.java:70)
	at org.openqa.selenium.support.pagefactory.internal.LocatingElementHandler.invoke(LocatingElementHandler.java:39)
	at jdk.proxy2/jdk.proxy2.$Proxy13.click(Unknown Source)
	at pom.AdministrativeApproval.clickforBackafterAAApproval(AdministrativeApproval.java:332)
	at testpages.AdministrativeApprovalTest.BackbuttonisclickableforaainboxCAFO(AdministrativeApprovalTest.java:364)
	at java.base/jdk.internal.reflect.DirectMethodHandleAccessor.invoke(DirectMethodHandleAccessor.java:104)
	at java.base/java.lang.reflect.Method.invoke(Method.java:578)
	at org.testng.internal.MethodInvocationHelper.invokeMethod(MethodInvocationHelper.java:133)
	at org.testng.internal.TestInvoker.invokeMethod(TestInvoker.java:598)
	at org.testng.internal.TestInvoker.invokeTestMethod(TestInvoker.java:173)
	at org.testng.internal.MethodRunner.runInSequence(MethodRunner.java:46)
	at org.testng.internal.TestInvoker$MethodInvocationAgent.invoke(TestInvoker.java:824)
	at org.testng.internal.TestInvoker.invokeTestMethods(TestInvoker.java:146)
	at org.testng.internal.TestMethodWorker.invokeTestMethods(TestMethodWorker.java:146)
	at org.testng.internal.TestMethodWorker.run(TestMethodWorker.java:128)
	at java.base/java.util.ArrayList.forEach(ArrayList.java:1511)
	at org.testng.TestRunner.privateRun(TestRunner.java:794)
	at org.testng.TestRunner.run(TestRunner.java:596)
	at org.testng.SuiteRunner.runTest(SuiteRunner.java:377)
	at org.testng.SuiteRunner.runSequentially(SuiteRunner.java:371)
	at org.testng.SuiteRunner.privateRun(SuiteRunner.java:332)
	at org.testng.SuiteRunner.run(SuiteRunner.java:276)
	at org.testng.SuiteRunnerWorker.runSuite(SuiteRunnerWorker.java:53)
	at org.testng.SuiteRunnerWorker.run(SuiteRunnerWorker.java:96)
	at org.testng.TestNG.runSuitesSequentially(TestNG.java:1212)
	at org.testng.TestNG.runSuitesLocally(TestNG.java:1134)
	at org.testng.TestNG.runSuites(TestNG.java:1063)
	at org.testng.TestNG.run(TestNG.java:1031)
	at org.testng.remote.AbstractRemoteTestNG.run(AbstractRemoteTestNG.java:115)
	at org.testng.remote.RemoteTestNG.initAndRun(RemoteTestNG.java:251)
	at org.testng.remote.RemoteTestNG.main(RemoteTestNG.java:77)
</pre></div></td>
<td>10</td>
<td>testpages.AdministrativeApprovalTest@7c6908d7</td></tr>
<tr>
<td title='testpages.BillEntryGeneralTest.InvoiceMenuButtonisClickableforcashier()'><b>InvoiceMenuButtonisClickableforcashier</b><br>Test class: testpages.BillEntryGeneralTest</td>
<td><div><pre>org.openqa.selenium.ElementNotInteractableException: element not interactable
  (Session info: chrome=112.0.5615.138)
Build info: version: &apos;4.4.0&apos;, revision: &apos;e5c75ed026a&apos;
System info: host: &apos;DESKTOP-5G1UN2J&apos;, ip: &apos;192.168.0.113&apos;, os.name: &apos;Windows 11&apos;, os.arch: &apos;amd64&apos;, os.version: &apos;10.0&apos;, java.version: &apos;19.0.1&apos;
Driver info: org.openqa.selenium.chrome.ChromeDriver
Command: [e9805e8d5f78c354029a3cf823070470, clickElement {id=c56c0484-d542-43cc-90bd-2b0f5a947f67}]
Capabilities {acceptInsecureCerts: false, browserName: chrome, browserVersion: 112.0.5615.138, chrome: {chromedriverVersion: 112.0.5615.49 (bd2a7bcb881c..., userDataDir: C:\Users\YOGESH~1.CHA\AppDa...}, goog:chromeOptions: {debuggerAddress: localhost:58529}, networkConnectionEnabled: false, pageLoadStrategy: normal, platformName: WINDOWS, proxy: Proxy(), se:cdp: ws://localhost:58529/devtoo..., se:cdpVersion: 112.0.5615.138, setWindowRect: true, strictFileInteractability: false, timeouts: {implicit: 0, pageLoad: 300000, script: 30000}, unhandledPromptBehavior: dismiss and notify, webauthn:extension:credBlob: true, webauthn:extension:largeBlob: true, webauthn:extension:minPinLength: true, webauthn:extension:prf: true, webauthn:virtualAuthenticators: true}
Element: [[ChromeDriver: chrome on WINDOWS (e9805e8d5f78c354029a3cf823070470)] -&gt; xpath: //a[normalize-space()=&apos;Invoice Generation&apos;]]
Session ID: e9805e8d5f78c354029a3cf823070470
	at org.openqa.selenium.remote.codec.w3c.W3CHttpResponseCodec.createException(W3CHttpResponseCodec.java:200)
	at org.openqa.selenium.remote.codec.w3c.W3CHttpResponseCodec.decode(W3CHttpResponseCodec.java:133)
	at org.openqa.selenium.remote.codec.w3c.W3CHttpResponseCodec.decode(W3CHttpResponseCodec.java:53)
	at org.openqa.selenium.remote.HttpCommandExecutor.execute(HttpCommandExecutor.java:184)
	at org.openqa.selenium.remote.service.DriverCommandExecutor.invokeExecute(DriverCommandExecutor.java:167)
	at org.openqa.selenium.remote.service.DriverCommandExecutor.execute(DriverCommandExecutor.java:142)
	at org.openqa.selenium.remote.RemoteWebDriver.execute(RemoteWebDriver.java:547)
	at org.openqa.selenium.remote.RemoteWebElement.execute(RemoteWebElement.java:257)
	at org.openqa.selenium.remote.RemoteWebElement.click(RemoteWebElement.java:78)
	at org.openqa.selenium.support.pagefactory.internal.LocatingElementHandler.invoke(LocatingElementHandler.java:52)
	at jdk.proxy2/jdk.proxy2.$Proxy13.click(Unknown Source)
	at pom.BillEntryGeneral.ClickforInvoicegeneration(BillEntryGeneral.java:417)
	at testpages.BillEntryGeneralTest.InvoiceMenuButtonisClickableforcashier(BillEntryGeneralTest.java:446)
	at java.base/java.util.ArrayList.forEach(ArrayList.java:1511)
... Removed 30 stack frames</pre></div><a href='#' onClick='toggleBox("stack-trace86938358", this, "Click to show all stack frames", "Click to hide stack frames")'>Click to show all stack frames</a>
<div class='stack-trace' id='stack-trace86938358'><pre>org.openqa.selenium.ElementNotInteractableException: element not interactable
  (Session info: chrome=112.0.5615.138)
Build info: version: &apos;4.4.0&apos;, revision: &apos;e5c75ed026a&apos;
System info: host: &apos;DESKTOP-5G1UN2J&apos;, ip: &apos;192.168.0.113&apos;, os.name: &apos;Windows 11&apos;, os.arch: &apos;amd64&apos;, os.version: &apos;10.0&apos;, java.version: &apos;19.0.1&apos;
Driver info: org.openqa.selenium.chrome.ChromeDriver
Command: [e9805e8d5f78c354029a3cf823070470, clickElement {id=c56c0484-d542-43cc-90bd-2b0f5a947f67}]
Capabilities {acceptInsecureCerts: false, browserName: chrome, browserVersion: 112.0.5615.138, chrome: {chromedriverVersion: 112.0.5615.49 (bd2a7bcb881c..., userDataDir: C:\Users\YOGESH~1.CHA\AppDa...}, goog:chromeOptions: {debuggerAddress: localhost:58529}, networkConnectionEnabled: false, pageLoadStrategy: normal, platformName: WINDOWS, proxy: Proxy(), se:cdp: ws://localhost:58529/devtoo..., se:cdpVersion: 112.0.5615.138, setWindowRect: true, strictFileInteractability: false, timeouts: {implicit: 0, pageLoad: 300000, script: 30000}, unhandledPromptBehavior: dismiss and notify, webauthn:extension:credBlob: true, webauthn:extension:largeBlob: true, webauthn:extension:minPinLength: true, webauthn:extension:prf: true, webauthn:virtualAuthenticators: true}
Element: [[ChromeDriver: chrome on WINDOWS (e9805e8d5f78c354029a3cf823070470)] -&gt; xpath: //a[normalize-space()=&apos;Invoice Generation&apos;]]
Session ID: e9805e8d5f78c354029a3cf823070470
	at java.base/jdk.internal.reflect.DirectConstructorHandleAccessor.newInstance(DirectConstructorHandleAccessor.java:67)
	at java.base/java.lang.reflect.Constructor.newInstanceWithCaller(Constructor.java:500)
	at java.base/java.lang.reflect.Constructor.newInstance(Constructor.java:484)
	at org.openqa.selenium.remote.codec.w3c.W3CHttpResponseCodec.createException(W3CHttpResponseCodec.java:200)
	at org.openqa.selenium.remote.codec.w3c.W3CHttpResponseCodec.decode(W3CHttpResponseCodec.java:133)
	at org.openqa.selenium.remote.codec.w3c.W3CHttpResponseCodec.decode(W3CHttpResponseCodec.java:53)
	at org.openqa.selenium.remote.HttpCommandExecutor.execute(HttpCommandExecutor.java:184)
	at org.openqa.selenium.remote.service.DriverCommandExecutor.invokeExecute(DriverCommandExecutor.java:167)
	at org.openqa.selenium.remote.service.DriverCommandExecutor.execute(DriverCommandExecutor.java:142)
	at org.openqa.selenium.remote.RemoteWebDriver.execute(RemoteWebDriver.java:547)
	at org.openqa.selenium.remote.RemoteWebElement.execute(RemoteWebElement.java:257)
	at org.openqa.selenium.remote.RemoteWebElement.click(RemoteWebElement.java:78)
	at java.base/jdk.internal.reflect.DirectMethodHandleAccessor.invoke(DirectMethodHandleAccessor.java:104)
	at java.base/java.lang.reflect.Method.invoke(Method.java:578)
	at org.openqa.selenium.support.pagefactory.internal.LocatingElementHandler.invoke(LocatingElementHandler.java:52)
	at jdk.proxy2/jdk.proxy2.$Proxy13.click(Unknown Source)
	at pom.BillEntryGeneral.ClickforInvoicegeneration(BillEntryGeneral.java:417)
	at testpages.BillEntryGeneralTest.InvoiceMenuButtonisClickableforcashier(BillEntryGeneralTest.java:446)
	at java.base/jdk.internal.reflect.DirectMethodHandleAccessor.invoke(DirectMethodHandleAccessor.java:104)
	at java.base/java.lang.reflect.Method.invoke(Method.java:578)
	at org.testng.internal.MethodInvocationHelper.invokeMethod(MethodInvocationHelper.java:133)
	at org.testng.internal.TestInvoker.invokeMethod(TestInvoker.java:598)
	at org.testng.internal.TestInvoker.invokeTestMethod(TestInvoker.java:173)
	at org.testng.internal.MethodRunner.runInSequence(MethodRunner.java:46)
	at org.testng.internal.TestInvoker$MethodInvocationAgent.invoke(TestInvoker.java:824)
	at org.testng.internal.TestInvoker.invokeTestMethods(TestInvoker.java:146)
	at org.testng.internal.TestMethodWorker.invokeTestMethods(TestMethodWorker.java:146)
	at org.testng.internal.TestMethodWorker.run(TestMethodWorker.java:128)
	at java.base/java.util.ArrayList.forEach(ArrayList.java:1511)
	at org.testng.TestRunner.privateRun(TestRunner.java:794)
	at org.testng.TestRunner.run(TestRunner.java:596)
	at org.testng.SuiteRunner.runTest(SuiteRunner.java:377)
	at org.testng.SuiteRunner.runSequentially(SuiteRunner.java:371)
	at org.testng.SuiteRunner.privateRun(SuiteRunner.java:332)
	at org.testng.SuiteRunner.run(SuiteRunner.java:276)
	at org.testng.SuiteRunnerWorker.runSuite(SuiteRunnerWorker.java:53)
	at org.testng.SuiteRunnerWorker.run(SuiteRunnerWorker.java:96)
	at org.testng.TestNG.runSuitesSequentially(TestNG.java:1212)
	at org.testng.TestNG.runSuitesLocally(TestNG.java:1134)
	at org.testng.TestNG.runSuites(TestNG.java:1063)
	at org.testng.TestNG.run(TestNG.java:1031)
	at org.testng.remote.AbstractRemoteTestNG.run(AbstractRemoteTestNG.java:115)
	at org.testng.remote.RemoteTestNG.initAndRun(RemoteTestNG.java:251)
	at org.testng.remote.RemoteTestNG.main(RemoteTestNG.java:77)
</pre></div></td>
<td>10</td>
<td>testpages.BillEntryGeneralTest@3bf7ca37</td></tr>
<tr>
<td title='testpages.BillEntryGeneralTest.massslipisclickableforcashier()'><b>massslipisclickableforcashier</b><br>Test class: testpages.BillEntryGeneralTest</td>
<td><div><pre>org.openqa.selenium.StaleElementReferenceException: stale element reference: element is not attached to the page document
  (Session info: chrome=112.0.5615.138)
For documentation on this error, please visit: https://selenium.dev/exceptions/#stale_element_reference
Build info: version: &apos;4.4.0&apos;, revision: &apos;e5c75ed026a&apos;
System info: host: &apos;DESKTOP-5G1UN2J&apos;, ip: &apos;192.168.0.113&apos;, os.name: &apos;Windows 11&apos;, os.arch: &apos;amd64&apos;, os.version: &apos;10.0&apos;, java.version: &apos;19.0.1&apos;
Driver info: org.openqa.selenium.chrome.ChromeDriver
Command: [e9805e8d5f78c354029a3cf823070470, clickElement {id=6b2fdadc-3856-484e-9437-0c7e9b8991a3}]
Capabilities {acceptInsecureCerts: false, browserName: chrome, browserVersion: 112.0.5615.138, chrome: {chromedriverVersion: 112.0.5615.49 (bd2a7bcb881c..., userDataDir: C:\Users\YOGESH~1.CHA\AppDa...}, goog:chromeOptions: {debuggerAddress: localhost:58529}, networkConnectionEnabled: false, pageLoadStrategy: normal, platformName: WINDOWS, proxy: Proxy(), se:cdp: ws://localhost:58529/devtoo..., se:cdpVersion: 112.0.5615.138, setWindowRect: true, strictFileInteractability: false, timeouts: {implicit: 0, pageLoad: 300000, script: 30000}, unhandledPromptBehavior: dismiss and notify, webauthn:extension:credBlob: true, webauthn:extension:largeBlob: true, webauthn:extension:minPinLength: true, webauthn:extension:prf: true, webauthn:virtualAuthenticators: true}
Element: [[ChromeDriver: chrome on WINDOWS (e9805e8d5f78c354029a3cf823070470)] -&gt; xpath: //div[@class=&apos;caption&apos;]]
Session ID: e9805e8d5f78c354029a3cf823070470
	at org.openqa.selenium.remote.codec.w3c.W3CHttpResponseCodec.createException(W3CHttpResponseCodec.java:200)
	at org.openqa.selenium.remote.codec.w3c.W3CHttpResponseCodec.decode(W3CHttpResponseCodec.java:133)
	at org.openqa.selenium.remote.codec.w3c.W3CHttpResponseCodec.decode(W3CHttpResponseCodec.java:53)
	at org.openqa.selenium.remote.HttpCommandExecutor.execute(HttpCommandExecutor.java:184)
	at org.openqa.selenium.remote.service.DriverCommandExecutor.invokeExecute(DriverCommandExecutor.java:167)
	at org.openqa.selenium.remote.service.DriverCommandExecutor.execute(DriverCommandExecutor.java:142)
	at org.openqa.selenium.remote.RemoteWebDriver.execute(RemoteWebDriver.java:547)
	at org.openqa.selenium.remote.RemoteWebElement.execute(RemoteWebElement.java:257)
	at org.openqa.selenium.remote.RemoteWebElement.click(RemoteWebElement.java:78)
	at org.openqa.selenium.support.pagefactory.internal.LocatingElementHandler.invoke(LocatingElementHandler.java:52)
	at jdk.proxy2/jdk.proxy2.$Proxy13.click(Unknown Source)
	at pom.BillEntryGeneral.clickonmasslip(BillEntryGeneral.java:346)
	at testpages.BillEntryGeneralTest.massslipisclickableforcashier(BillEntryGeneralTest.java:425)
	at java.base/java.util.ArrayList.forEach(ArrayList.java:1511)
... Removed 30 stack frames</pre></div><a href='#' onClick='toggleBox("stack-trace1215157782", this, "Click to show all stack frames", "Click to hide stack frames")'>Click to show all stack frames</a>
<div class='stack-trace' id='stack-trace1215157782'><pre>org.openqa.selenium.StaleElementReferenceException: stale element reference: element is not attached to the page document
  (Session info: chrome=112.0.5615.138)
For documentation on this error, please visit: https://selenium.dev/exceptions/#stale_element_reference
Build info: version: &apos;4.4.0&apos;, revision: &apos;e5c75ed026a&apos;
System info: host: &apos;DESKTOP-5G1UN2J&apos;, ip: &apos;192.168.0.113&apos;, os.name: &apos;Windows 11&apos;, os.arch: &apos;amd64&apos;, os.version: &apos;10.0&apos;, java.version: &apos;19.0.1&apos;
Driver info: org.openqa.selenium.chrome.ChromeDriver
Command: [e9805e8d5f78c354029a3cf823070470, clickElement {id=6b2fdadc-3856-484e-9437-0c7e9b8991a3}]
Capabilities {acceptInsecureCerts: false, browserName: chrome, browserVersion: 112.0.5615.138, chrome: {chromedriverVersion: 112.0.5615.49 (bd2a7bcb881c..., userDataDir: C:\Users\YOGESH~1.CHA\AppDa...}, goog:chromeOptions: {debuggerAddress: localhost:58529}, networkConnectionEnabled: false, pageLoadStrategy: normal, platformName: WINDOWS, proxy: Proxy(), se:cdp: ws://localhost:58529/devtoo..., se:cdpVersion: 112.0.5615.138, setWindowRect: true, strictFileInteractability: false, timeouts: {implicit: 0, pageLoad: 300000, script: 30000}, unhandledPromptBehavior: dismiss and notify, webauthn:extension:credBlob: true, webauthn:extension:largeBlob: true, webauthn:extension:minPinLength: true, webauthn:extension:prf: true, webauthn:virtualAuthenticators: true}
Element: [[ChromeDriver: chrome on WINDOWS (e9805e8d5f78c354029a3cf823070470)] -&gt; xpath: //div[@class=&apos;caption&apos;]]
Session ID: e9805e8d5f78c354029a3cf823070470
	at java.base/jdk.internal.reflect.DirectConstructorHandleAccessor.newInstance(DirectConstructorHandleAccessor.java:67)
	at java.base/java.lang.reflect.Constructor.newInstanceWithCaller(Constructor.java:500)
	at java.base/java.lang.reflect.Constructor.newInstance(Constructor.java:484)
	at org.openqa.selenium.remote.codec.w3c.W3CHttpResponseCodec.createException(W3CHttpResponseCodec.java:200)
	at org.openqa.selenium.remote.codec.w3c.W3CHttpResponseCodec.decode(W3CHttpResponseCodec.java:133)
	at org.openqa.selenium.remote.codec.w3c.W3CHttpResponseCodec.decode(W3CHttpResponseCodec.java:53)
	at org.openqa.selenium.remote.HttpCommandExecutor.execute(HttpCommandExecutor.java:184)
	at org.openqa.selenium.remote.service.DriverCommandExecutor.invokeExecute(DriverCommandExecutor.java:167)
	at org.openqa.selenium.remote.service.DriverCommandExecutor.execute(DriverCommandExecutor.java:142)
	at org.openqa.selenium.remote.RemoteWebDriver.execute(RemoteWebDriver.java:547)
	at org.openqa.selenium.remote.RemoteWebElement.execute(RemoteWebElement.java:257)
	at org.openqa.selenium.remote.RemoteWebElement.click(RemoteWebElement.java:78)
	at java.base/jdk.internal.reflect.DirectMethodHandleAccessor.invoke(DirectMethodHandleAccessor.java:104)
	at java.base/java.lang.reflect.Method.invoke(Method.java:578)
	at org.openqa.selenium.support.pagefactory.internal.LocatingElementHandler.invoke(LocatingElementHandler.java:52)
	at jdk.proxy2/jdk.proxy2.$Proxy13.click(Unknown Source)
	at pom.BillEntryGeneral.clickonmasslip(BillEntryGeneral.java:346)
	at testpages.BillEntryGeneralTest.massslipisclickableforcashier(BillEntryGeneralTest.java:425)
	at java.base/jdk.internal.reflect.DirectMethodHandleAccessor.invoke(DirectMethodHandleAccessor.java:104)
	at java.base/java.lang.reflect.Method.invoke(Method.java:578)
	at org.testng.internal.MethodInvocationHelper.invokeMethod(MethodInvocationHelper.java:133)
	at org.testng.internal.TestInvoker.invokeMethod(TestInvoker.java:598)
	at org.testng.internal.TestInvoker.invokeTestMethod(TestInvoker.java:173)
	at org.testng.internal.MethodRunner.runInSequence(MethodRunner.java:46)
	at org.testng.internal.TestInvoker$MethodInvocationAgent.invoke(TestInvoker.java:824)
	at org.testng.internal.TestInvoker.invokeTestMethods(TestInvoker.java:146)
	at org.testng.internal.TestMethodWorker.invokeTestMethods(TestMethodWorker.java:146)
	at org.testng.internal.TestMethodWorker.run(TestMethodWorker.java:128)
	at java.base/java.util.ArrayList.forEach(ArrayList.java:1511)
	at org.testng.TestRunner.privateRun(TestRunner.java:794)
	at org.testng.TestRunner.run(TestRunner.java:596)
	at org.testng.SuiteRunner.runTest(SuiteRunner.java:377)
	at org.testng.SuiteRunner.runSequentially(SuiteRunner.java:371)
	at org.testng.SuiteRunner.privateRun(SuiteRunner.java:332)
	at org.testng.SuiteRunner.run(SuiteRunner.java:276)
	at org.testng.SuiteRunnerWorker.runSuite(SuiteRunnerWorker.java:53)
	at org.testng.SuiteRunnerWorker.run(SuiteRunnerWorker.java:96)
	at org.testng.TestNG.runSuitesSequentially(TestNG.java:1212)
	at org.testng.TestNG.runSuitesLocally(TestNG.java:1134)
	at org.testng.TestNG.runSuites(TestNG.java:1063)
	at org.testng.TestNG.run(TestNG.java:1031)
	at org.testng.remote.AbstractRemoteTestNG.run(AbstractRemoteTestNG.java:115)
	at org.testng.remote.RemoteTestNG.initAndRun(RemoteTestNG.java:251)
	at org.testng.remote.RemoteTestNG.main(RemoteTestNG.java:77)
</pre></div></td>
<td>0</td>
<td>testpages.BillEntryGeneralTest@3bf7ca37</td></tr>
</table><p>
<table width='100%' border='1' class='invocation-passed'>
<tr><td colspan='4' align='center'><b>PASSED TESTS</b></td></tr>
<tr><td><b>Test method</b></td>
<td width="30%"><b>Exception</b></td>
<td width="10%"><b>Time (seconds)</b></td>
<td><b>Instance</b></td>
</tr>
<tr>
<td title='testpages.AdministrativeApprovalTest.loginWithHOD()'><b>loginWithHOD</b><br>Test class: testpages.AdministrativeApprovalTest</td>
<td></td>
<td>0</td>
<td>testpages.AdministrativeApprovalTest@7c6908d7</td></tr>
<tr>
<td title='testpages.TreasuryReceiptTest.yesbuttonisclickable()'><b>yesbuttonisclickable</b><br>Test class: testpages.TreasuryReceiptTest</td>
<td></td>
<td>1</td>
<td>testpages.TreasuryReceiptTest@7eac9008</td></tr>
<tr>
<td title='testpages.AdministrativeApprovalTest.MovetoAdministrativeApprovalDetailsDYCAFO()'><b>MovetoAdministrativeApprovalDetailsDYCAFO</b><br>Test class: testpages.AdministrativeApprovalTest</td>
<td></td>
<td>1</td>
<td>testpages.AdministrativeApprovalTest@7c6908d7</td></tr>
<tr>
<td title='testpages.WorkDetailsTest.Workdateshouldbeeditable()'><b>Workdateshouldbeeditable</b><br>Test class: testpages.WorkDetailsTest</td>
<td></td>
<td>1</td>
<td>testpages.WorkDetailsTest@3c9754d8</td></tr>
<tr>
<td title='testpages.TreasuryReceiptTest.Reeiptamountcanenter()'><b>Reeiptamountcanenter</b><br>Test class: testpages.TreasuryReceiptTest</td>
<td></td>
<td>1</td>
<td>testpages.TreasuryReceiptTest@7eac9008</td></tr>
<tr>
<td title='testpages.AdministrativeApprovalTest.PrmaDatefieldIsSelectable()'><b>PrmaDatefieldIsSelectable</b><br>Test class: testpages.AdministrativeApprovalTest</td>
<td></td>
<td>1</td>
<td>testpages.AdministrativeApprovalTest@7c6908d7</td></tr>
<tr>
<td title='testpages.BillEntryGeneralTest.newpramaisselectable()'><b>newpramaisselectable</b><br>Test class: testpages.BillEntryGeneralTest</td>
<td></td>
<td>1</td>
<td>testpages.BillEntryGeneralTest@3bf7ca37</td></tr>
<tr>
<td title='testpages.TreasuryReceiptTest.cashbookisselectable()'><b>cashbookisselectable</b><br>Test class: testpages.TreasuryReceiptTest</td>
<td></td>
<td>1</td>
<td>testpages.TreasuryReceiptTest@7eac9008</td></tr>
<tr>
<td title='testpages.WorkDetailsTest.Workenddateshouldbeeditable()'><b>Workenddateshouldbeeditable</b><br>Test class: testpages.WorkDetailsTest</td>
<td></td>
<td>1</td>
<td>testpages.WorkDetailsTest@3c9754d8</td></tr>
<tr>
<td title='testpages.WorkDetailsTest.yesbuttonisclickableforlogout()'><b>yesbuttonisclickableforlogout</b><br>Test class: testpages.WorkDetailsTest</td>
<td></td>
<td>1</td>
<td>testpages.WorkDetailsTest@3c9754d8</td></tr>
<tr>
<td title='testpages.TreasuryReceiptTest.namuna13Entryisclicakbale()'><b>namuna13Entryisclicakbale</b><br>Test class: testpages.TreasuryReceiptTest</td>
<td></td>
<td>1</td>
<td>testpages.TreasuryReceiptTest@7eac9008</td></tr>
<tr>
<td title='testpages.BillEntryGeneralTest.massslipisclickableHOD()'><b>massslipisclickableHOD</b><br>Test class: testpages.BillEntryGeneralTest</td>
<td></td>
<td>5</td>
<td>testpages.BillEntryGeneralTest@3bf7ca37</td></tr>
<tr>
<td title='testpages.AdministrativeApprovalTest.yesbuttonisclickableforlogoutasHOD()'><b>yesbuttonisclickableforlogoutasHOD</b><br>Test class: testpages.AdministrativeApprovalTest</td>
<td></td>
<td>1</td>
<td>testpages.AdministrativeApprovalTest@7c6908d7</td></tr>
<tr>
<td title='testpages.WorkDetailsTest.loginWithMaker()'><b>loginWithMaker</b><br>Test class: testpages.WorkDetailsTest</td>
<td></td>
<td>0</td>
<td>testpages.WorkDetailsTest@3c9754d8</td></tr>
<tr>
<td title='testpages.WorkDetailsTest.Backbuttonisclickable2()'><b>Backbuttonisclickable2</b><br>Test class: testpages.WorkDetailsTest</td>
<td></td>
<td>1</td>
<td>testpages.WorkDetailsTest@3c9754d8</td></tr>
<tr>
<td title='testpages.BillEntryGeneralTest.yesforlogoutButtonisClickableHOD()'><b>yesforlogoutButtonisClickableHOD</b><br>Test class: testpages.BillEntryGeneralTest</td>
<td></td>
<td>1</td>
<td>testpages.BillEntryGeneralTest@3bf7ca37</td></tr>
<tr>
<td title='testpages.TreasuryReceiptTest.FYYearisselectable()'><b>FYYearisselectable</b><br>Test class: testpages.TreasuryReceiptTest</td>
<td></td>
<td>1</td>
<td>testpages.TreasuryReceiptTest@7eac9008</td></tr>
<tr>
<td title='testpages.BillEntryGeneralTest.Billtypeisselectable()'><b>Billtypeisselectable</b><br>Test class: testpages.BillEntryGeneralTest</td>
<td></td>
<td>1</td>
<td>testpages.BillEntryGeneralTest@3bf7ca37</td></tr>
<tr>
<td title='testpages.BillEntryGeneralTest.loginWithcashier()'><b>loginWithcashier</b><br>Test class: testpages.BillEntryGeneralTest</td>
<td></td>
<td>0</td>
<td>testpages.BillEntryGeneralTest@3bf7ca37</td></tr>
<tr>
<td title='testpages.AdministrativeApprovalTest.canEnterpramanumber()'><b>canEnterpramanumber</b><br>Test class: testpages.AdministrativeApprovalTest</td>
<td></td>
<td>0</td>
<td>testpages.AdministrativeApprovalTest@7c6908d7</td></tr>
<tr>
<td title='testpages.BillEntryGeneralTest.canenterdocumentsdetail()'><b>canenterdocumentsdetail</b><br>Test class: testpages.BillEntryGeneralTest</td>
<td></td>
<td>1</td>
<td>testpages.BillEntryGeneralTest@3bf7ca37</td></tr>
<tr>
<td title='testpages.BillEntryGeneralTest.canenterdeductionamt3()'><b>canenterdeductionamt3</b><br>Test class: testpages.BillEntryGeneralTest</td>
<td></td>
<td>1</td>
<td>testpages.BillEntryGeneralTest@3bf7ca37</td></tr>
<tr>
<td title='testpages.AdministrativeApprovalTest.loginWithMaker()'><b>loginWithMaker</b><br>Test class: testpages.AdministrativeApprovalTest</td>
<td></td>
<td>0</td>
<td>testpages.AdministrativeApprovalTest@7c6908d7</td></tr>
<tr>
<td title='testpages.BillEntryGeneralTest.hardcopyyesbuttonisclickablefordycafo()'><b>hardcopyyesbuttonisclickablefordycafo</b><br>Test class: testpages.BillEntryGeneralTest</td>
<td></td>
<td>0</td>
<td>testpages.BillEntryGeneralTest@3bf7ca37</td></tr>
<tr>
<td title='testpages.AdministrativeApprovalTest.ApproveButtonisclickable()'><b>ApproveButtonisclickable</b><br>Test class: testpages.AdministrativeApprovalTest</td>
<td></td>
<td>1</td>
<td>testpages.AdministrativeApprovalTest@7c6908d7</td></tr>
<tr>
<td title='testpages.WorkDetailsTest.rokhvahiIsSelectable()'><b>rokhvahiIsSelectable</b><br>Test class: testpages.WorkDetailsTest</td>
<td></td>
<td>1</td>
<td>testpages.WorkDetailsTest@3c9754d8</td></tr>
<tr>
<td title='testpages.AdministrativeApprovalTest.yesbuttonisclickableforlogoutasCAFO()'><b>yesbuttonisclickableforlogoutasCAFO</b><br>Test class: testpages.AdministrativeApprovalTest</td>
<td></td>
<td>1</td>
<td>testpages.AdministrativeApprovalTest@7c6908d7</td></tr>
<tr>
<td title='testpages.BillEntryGeneralTest.loginWithdycafo()'><b>loginWithdycafo</b><br>Test class: testpages.BillEntryGeneralTest</td>
<td></td>
<td>0</td>
<td>testpages.BillEntryGeneralTest@3bf7ca37</td></tr>
<tr>
<td title='testpages.BillEntryGeneralTest.approvebuttonisclickableHOD()'><b>approvebuttonisclickableHOD</b><br>Test class: testpages.BillEntryGeneralTest</td>
<td></td>
<td>0</td>
<td>testpages.BillEntryGeneralTest@3bf7ca37</td></tr>
<tr>
<td title='testpages.AdministrativeApprovalTest.PrmaDateIsSelectable()'><b>PrmaDateIsSelectable</b><br>Test class: testpages.AdministrativeApprovalTest</td>
<td></td>
<td>1</td>
<td>testpages.AdministrativeApprovalTest@7c6908d7</td></tr>
<tr>
<td title='testpages.WorkDetailsTest.Backbuttonisclickable1()'><b>Backbuttonisclickable1</b><br>Test class: testpages.WorkDetailsTest</td>
<td></td>
<td>1</td>
<td>testpages.WorkDetailsTest@3c9754d8</td></tr>
<tr>
<td title='testpages.BillEntryGeneralTest.logoutButtonisClickablefordycafo()'><b>logoutButtonisClickablefordycafo</b><br>Test class: testpages.BillEntryGeneralTest</td>
<td></td>
<td>1</td>
<td>testpages.BillEntryGeneralTest@3bf7ca37</td></tr>
<tr>
<td title='testpages.AdministrativeApprovalTest.AdministrativeWorkIsClickable()'><b>AdministrativeWorkIsClickable</b><br>Test class: testpages.AdministrativeApprovalTest</td>
<td></td>
<td>1</td>
<td>testpages.AdministrativeApprovalTest@7c6908d7</td></tr>
<tr>
<td title='testpages.AdministrativeApprovalTest.SearchPramaforDYCAFOApproval()'><b>SearchPramaforDYCAFOApproval</b><br>Test class: testpages.AdministrativeApprovalTest</td>
<td></td>
<td>1</td>
<td>testpages.AdministrativeApprovalTest@7c6908d7</td></tr>
<tr>
<td title='testpages.WorkDetailsTest.canEnterworktenderamount()'><b>canEnterworktenderamount</b><br>Test class: testpages.WorkDetailsTest</td>
<td></td>
<td>1</td>
<td>testpages.WorkDetailsTest@3c9754d8</td></tr>
<tr>
<td title='testpages.TreasuryReceiptTest.loginWithCashier()'><b>loginWithCashier</b><br>Test class: testpages.TreasuryReceiptTest</td>
<td></td>
<td>1</td>
<td>testpages.TreasuryReceiptTest@7eac9008</td></tr>
<tr>
<td title='testpages.BillEntryGeneralTest.searchbydropdownisclickable()'><b>searchbydropdownisclickable</b><br>Test class: testpages.BillEntryGeneralTest</td>
<td></td>
<td>1</td>
<td>testpages.BillEntryGeneralTest@3bf7ca37</td></tr>
<tr>
<td title='testpages.BillEntryGeneralTest.billinboxIsClickablefordycafo()'><b>billinboxIsClickablefordycafo</b><br>Test class: testpages.BillEntryGeneralTest</td>
<td></td>
<td>1</td>
<td>testpages.BillEntryGeneralTest@3bf7ca37</td></tr>
<tr>
<td title='testpages.BillEntryGeneralTest.uploadfileOKButtonclickable()'><b>uploadfileOKButtonclickable</b><br>Test class: testpages.BillEntryGeneralTest</td>
<td></td>
<td>1</td>
<td>testpages.BillEntryGeneralTest@3bf7ca37</td></tr>
<tr>
<td title='testpages.AdministrativeApprovalTest.AAYearisSelectable()'><b>AAYearisSelectable</b><br>Test class: testpages.AdministrativeApprovalTest</td>
<td></td>
<td>1</td>
<td>testpages.AdministrativeApprovalTest@7c6908d7</td></tr>
<tr>
<td title='testpages.BillEntryGeneralTest.FinancialWorkIsClickablefordycafo()'><b>FinancialWorkIsClickablefordycafo</b><br>Test class: testpages.BillEntryGeneralTest</td>
<td></td>
<td>1</td>
<td>testpages.BillEntryGeneralTest@3bf7ca37</td></tr>
<tr>
<td title='testpages.WorkDetailsTest.WorkDetailCreationIsClickable()'><b>WorkDetailCreationIsClickable</b><br>Test class: testpages.WorkDetailsTest</td>
<td></td>
<td>1</td>
<td>testpages.WorkDetailsTest@3c9754d8</td></tr>
<tr>
<td title='testpages.BillEntryGeneralTest.saveyesbuttonisclickable()'><b>saveyesbuttonisclickable</b><br>Test class: testpages.BillEntryGeneralTest</td>
<td></td>
<td>1</td>
<td>testpages.BillEntryGeneralTest@3bf7ca37</td></tr>
<tr>
<td title='testpages.TreasuryReceiptTest.FinancialWorkIsClickable()'><b>FinancialWorkIsClickable</b><br>Test class: testpages.TreasuryReceiptTest</td>
<td></td>
<td>1</td>
<td>testpages.TreasuryReceiptTest@7eac9008</td></tr>
<tr>
<td title='testpages.BillEntryGeneralTest.beneficiaryselectionbutonisclickable()'><b>beneficiaryselectionbutonisclickable</b><br>Test class: testpages.BillEntryGeneralTest</td>
<td></td>
<td>1</td>
<td>testpages.BillEntryGeneralTest@3bf7ca37</td></tr>
<tr>
<td title='testpages.BillEntryGeneralTest.FinancialWorkIsClickable()'><b>FinancialWorkIsClickable</b><br>Test class: testpages.BillEntryGeneralTest</td>
<td></td>
<td>1</td>
<td>testpages.BillEntryGeneralTest@3bf7ca37</td></tr>
<tr>
<td title='testpages.AdministrativeApprovalTest.AdministrativeWorkIsClickable3()'><b>AdministrativeWorkIsClickable3</b><br>Test class: testpages.AdministrativeApprovalTest</td>
<td></td>
<td>1</td>
<td>testpages.AdministrativeApprovalTest@7c6908d7</td></tr>
<tr>
<td title='testpages.BillEntryGeneralTest.Headcodeisselectable()'><b>Headcodeisselectable</b><br>Test class: testpages.BillEntryGeneralTest</td>
<td></td>
<td>1</td>
<td>testpages.BillEntryGeneralTest@3bf7ca37</td></tr>
<tr>
<td title='testpages.WorkDetailsTest.Beneficiaryshouldbeclickable()'><b>Beneficiaryshouldbeclickable</b><br>Test class: testpages.WorkDetailsTest</td>
<td></td>
<td>2</td>
<td>testpages.WorkDetailsTest@3c9754d8</td></tr>
<tr>
<td title='testpages.AdministrativeApprovalTest.AAOutboxBackButtonisclickable()'><b>AAOutboxBackButtonisclickable</b><br>Test class: testpages.AdministrativeApprovalTest</td>
<td></td>
<td>1</td>
<td>testpages.AdministrativeApprovalTest@7c6908d7</td></tr>
<tr>
<td title='testpages.TreasuryReceiptTest.Checkboxisclickable()'><b>Checkboxisclickable</b><br>Test class: testpages.TreasuryReceiptTest</td>
<td></td>
<td>1</td>
<td>testpages.TreasuryReceiptTest@7eac9008</td></tr>
<tr>
<td title='testpages.WorkDetailsTest.AdministrativeWorkIsClickable()'><b>AdministrativeWorkIsClickable</b><br>Test class: testpages.WorkDetailsTest</td>
<td></td>
<td>1</td>
<td>testpages.WorkDetailsTest@3c9754d8</td></tr>
<tr>
<td title='testpages.BillEntryGeneralTest.Canuploadcopy()'><b>Canuploadcopy</b><br>Test class: testpages.BillEntryGeneralTest</td>
<td></td>
<td>4</td>
<td>testpages.BillEntryGeneralTest@3bf7ca37</td></tr>
<tr>
<td title='testpages.BillEntryGeneralTest.approvebuttonisclickableforcashier()'><b>approvebuttonisclickableforcashier</b><br>Test class: testpages.BillEntryGeneralTest</td>
<td></td>
<td>0</td>
<td>testpages.BillEntryGeneralTest@3bf7ca37</td></tr>
<tr>
<td title='testpages.BillEntryGeneralTest.loginWithMaker()'><b>loginWithMaker</b><br>Test class: testpages.BillEntryGeneralTest</td>
<td></td>
<td>0</td>
<td>testpages.BillEntryGeneralTest@3bf7ca37</td></tr>
<tr>
<td title='testpages.BillEntryGeneralTest.logoutButtonisClickable()'><b>logoutButtonisClickable</b><br>Test class: testpages.BillEntryGeneralTest</td>
<td></td>
<td>1</td>
<td>testpages.BillEntryGeneralTest@3bf7ca37</td></tr>
<tr>
<td title='testpages.BillEntryGeneralTest.canenterdeductionamt4()'><b>canenterdeductionamt4</b><br>Test class: testpages.BillEntryGeneralTest</td>
<td></td>
<td>1</td>
<td>testpages.BillEntryGeneralTest@3bf7ca37</td></tr>
<tr>
<td title='testpages.BillEntryGeneralTest.FinancialWorkIsClickableforHOD()'><b>FinancialWorkIsClickableforHOD</b><br>Test class: testpages.BillEntryGeneralTest</td>
<td></td>
<td>1</td>
<td>testpages.BillEntryGeneralTest@3bf7ca37</td></tr>
<tr>
<td title='testpages.WorkDetailsTest.WorkDetailsIsHovering()'><b>WorkDetailsIsHovering</b><br>Test class: testpages.WorkDetailsTest</td>
<td></td>
<td>1</td>
<td>testpages.WorkDetailsTest@3c9754d8</td></tr>
<tr>
<td title='testpages.WorkDetailsTest.ViewWorkSlipforApproval()'><b>ViewWorkSlipforApproval</b><br>Test class: testpages.WorkDetailsTest</td>
<td></td>
<td>1</td>
<td>testpages.WorkDetailsTest@3c9754d8</td></tr>
<tr>
<td title='testpages.TreasuryReceiptTest.entrytypeselectable()'><b>entrytypeselectable</b><br>Test class: testpages.TreasuryReceiptTest</td>
<td></td>
<td>1</td>
<td>testpages.TreasuryReceiptTest@7eac9008</td></tr>
<tr>
<td title='testpages.AdministrativeApprovalTest.yesbuttonisclickableforlogoutasDYCAFO()'><b>yesbuttonisclickableforlogoutasDYCAFO</b><br>Test class: testpages.AdministrativeApprovalTest</td>
<td></td>
<td>1</td>
<td>testpages.AdministrativeApprovalTest@7c6908d7</td></tr>
<tr>
<td title='testpages.WorkDetailsTest.Workissearchable()'><b>Workissearchable</b><br>Test class: testpages.WorkDetailsTest</td>
<td></td>
<td>1</td>
<td>testpages.WorkDetailsTest@3c9754d8</td></tr>
<tr>
<td title='testpages.BillEntryGeneralTest.generaalbillIsClickable()'><b>generaalbillIsClickable</b><br>Test class: testpages.BillEntryGeneralTest</td>
<td></td>
<td>1</td>
<td>testpages.BillEntryGeneralTest@3bf7ca37</td></tr>
<tr>
<td title='testpages.TreasuryReceiptTest.logoutButtonisClickable1()'><b>logoutButtonisClickable1</b><br>Test class: testpages.TreasuryReceiptTest</td>
<td></td>
<td>1</td>
<td>testpages.TreasuryReceiptTest@7eac9008</td></tr>
<tr>
<td title='testpages.AdministrativeApprovalTest.aaokbuttonisclickable()'><b>aaokbuttonisclickable</b><br>Test class: testpages.AdministrativeApprovalTest</td>
<td></td>
<td>1</td>
<td>testpages.AdministrativeApprovalTest@7c6908d7</td></tr>
<tr>
<td title='testpages.AdministrativeApprovalTest.SearchPramaforCAFOApproval()'><b>SearchPramaforCAFOApproval</b><br>Test class: testpages.AdministrativeApprovalTest</td>
<td></td>
<td>1</td>
<td>testpages.AdministrativeApprovalTest@7c6908d7</td></tr>
<tr>
<td title='testpages.WorkDetailsTest.workslipisdisplay()'><b>workslipisdisplay</b><br>Test class: testpages.WorkDetailsTest</td>
<td></td>
<td>1</td>
<td>testpages.WorkDetailsTest@3c9754d8</td></tr>
<tr>
<td title='testpages.TreasuryReceiptTest.treasuryapprovalsubmenuisClickable()'><b>treasuryapprovalsubmenuisClickable</b><br>Test class: testpages.TreasuryReceiptTest</td>
<td></td>
<td>1</td>
<td>testpages.TreasuryReceiptTest@7eac9008</td></tr>
<tr>
<td title='testpages.AdministrativeApprovalTest.VillageIsSelectable()'><b>VillageIsSelectable</b><br>Test class: testpages.AdministrativeApprovalTest</td>
<td></td>
<td>1</td>
<td>testpages.AdministrativeApprovalTest@7c6908d7</td></tr>
<tr>
<td title='testpages.BillEntryGeneralTest.CanenterHeadcode()'><b>CanenterHeadcode</b><br>Test class: testpages.BillEntryGeneralTest</td>
<td></td>
<td>1</td>
<td>testpages.BillEntryGeneralTest@3bf7ca37</td></tr>
<tr>
<td title='testpages.AdministrativeApprovalTest.fileuploadispossible()'><b>fileuploadispossible</b><br>Test class: testpages.AdministrativeApprovalTest</td>
<td></td>
<td>1</td>
<td>testpages.AdministrativeApprovalTest@7c6908d7</td></tr>
<tr>
<td title='testpages.WorkDetailsTest.BackbuttonisclickableforworkinboxHOD()'><b>BackbuttonisclickableforworkinboxHOD</b><br>Test class: testpages.WorkDetailsTest</td>
<td></td>
<td>1</td>
<td>testpages.WorkDetailsTest@3c9754d8</td></tr>
<tr>
<td title='testpages.BillEntryGeneralTest.hardcopyyesbuttonisclickableHOD()'><b>hardcopyyesbuttonisclickableHOD</b><br>Test class: testpages.BillEntryGeneralTest</td>
<td></td>
<td>0</td>
<td>testpages.BillEntryGeneralTest@3bf7ca37</td></tr>
<tr>
<td title='testpages.BillEntryGeneralTest.approveyesbuttonisclickablefordycafo()'><b>approveyesbuttonisclickablefordycafo</b><br>Test class: testpages.BillEntryGeneralTest</td>
<td></td>
<td>0</td>
<td>testpages.BillEntryGeneralTest@3bf7ca37</td></tr>
<tr>
<td title='testpages.AdministrativeApprovalTest.Backbuttonisclickable()'><b>Backbuttonisclickable</b><br>Test class: testpages.AdministrativeApprovalTest</td>
<td></td>
<td>1</td>
<td>testpages.AdministrativeApprovalTest@7c6908d7</td></tr>
<tr>
<td title='testpages.BillEntryGeneralTest.backButtonisClickablefordycafo()'><b>backButtonisClickablefordycafo</b><br>Test class: testpages.BillEntryGeneralTest</td>
<td></td>
<td>1</td>
<td>testpages.BillEntryGeneralTest@3bf7ca37</td></tr>
<tr>
<td title='testpages.AdministrativeApprovalTest.aasavebuttonisclickable()'><b>aasavebuttonisclickable</b><br>Test class: testpages.AdministrativeApprovalTest</td>
<td></td>
<td>1</td>
<td>testpages.AdministrativeApprovalTest@7c6908d7</td></tr>
<tr>
<td title='testpages.AdministrativeApprovalTest.Enterheadcode()'><b>Enterheadcode</b><br>Test class: testpages.AdministrativeApprovalTest</td>
<td></td>
<td>1</td>
<td>testpages.AdministrativeApprovalTest@7c6908d7</td></tr>
<tr>
<td title='testpages.AdministrativeApprovalTest.fileuploadbuttonisclicakble()'><b>fileuploadbuttonisclicakble</b><br>Test class: testpages.AdministrativeApprovalTest</td>
<td></td>
<td>1</td>
<td>testpages.AdministrativeApprovalTest@7c6908d7</td></tr>
<tr>
<td title='testpages.AdministrativeApprovalTest.AdministrativeApprovalCreationIsClickable()'><b>AdministrativeApprovalCreationIsClickable</b><br>Test class: testpages.AdministrativeApprovalTest</td>
<td></td>
<td>1</td>
<td>testpages.AdministrativeApprovalTest@7c6908d7</td></tr>
<tr>
<td title='testpages.WorkDetailsTest.Backbuttonisclickable()'><b>Backbuttonisclickable</b><br>Test class: testpages.WorkDetailsTest</td>
<td></td>
<td>1</td>
<td>testpages.WorkDetailsTest@3c9754d8</td></tr>
<tr>
<td title='testpages.BillEntryGeneralTest.viewslipbuttonisclickablefordycafo()'><b>viewslipbuttonisclickablefordycafo</b><br>Test class: testpages.BillEntryGeneralTest</td>
<td></td>
<td>1</td>
<td>testpages.BillEntryGeneralTest@3bf7ca37</td></tr>
<tr>
<td title='testpages.BillEntryGeneralTest.billtypeisSelectableforcashier()'><b>billtypeisSelectableforcashier</b><br>Test class: testpages.BillEntryGeneralTest</td>
<td></td>
<td>1</td>
<td>testpages.BillEntryGeneralTest@3bf7ca37</td></tr>
<tr>
<td title='testpages.AdministrativeApprovalTest.yesbuttonisclickableforaaapprovalCAFO()'><b>yesbuttonisclickableforaaapprovalCAFO</b><br>Test class: testpages.AdministrativeApprovalTest</td>
<td></td>
<td>1</td>
<td>testpages.AdministrativeApprovalTest@7c6908d7</td></tr>
<tr>
<td title='testpages.TreasuryReceiptTest.logoutButtonisClickable()'><b>logoutButtonisClickable</b><br>Test class: testpages.TreasuryReceiptTest</td>
<td></td>
<td>1</td>
<td>testpages.TreasuryReceiptTest@7eac9008</td></tr>
<tr>
<td title='testpages.AdministrativeApprovalTest.AdministrativeWorkIsClickable1()'><b>AdministrativeWorkIsClickable1</b><br>Test class: testpages.AdministrativeApprovalTest</td>
<td></td>
<td>1</td>
<td>testpages.AdministrativeApprovalTest@7c6908d7</td></tr>
<tr>
<td title='testpages.AdministrativeApprovalTest.LogoutbuttonisclickableforDYCAFO()'><b>LogoutbuttonisclickableforDYCAFO</b><br>Test class: testpages.AdministrativeApprovalTest</td>
<td></td>
<td>1</td>
<td>testpages.AdministrativeApprovalTest@7c6908d7</td></tr>
<tr>
<td title='testpages.AdministrativeApprovalTest.AdministrativeDeatilsIsHovering()'><b>AdministrativeDeatilsIsHovering</b><br>Test class: testpages.AdministrativeApprovalTest</td>
<td></td>
<td>1</td>
<td>testpages.AdministrativeApprovalTest@7c6908d7</td></tr>
<tr>
<td title='testpages.BillEntryGeneralTest.CanMovetobillacceptnaceforcashier()'><b>CanMovetobillacceptnaceforcashier</b><br>Test class: testpages.BillEntryGeneralTest</td>
<td></td>
<td>1</td>
<td>testpages.BillEntryGeneralTest@3bf7ca37</td></tr>
<tr>
<td title='testpages.WorkDetailsTest.SearchWorkforHODApproval()'><b>SearchWorkforHODApproval</b><br>Test class: testpages.WorkDetailsTest</td>
<td></td>
<td>1</td>
<td>testpages.WorkDetailsTest@3c9754d8</td></tr>
<tr>
<td title='testpages.BillEntryGeneralTest.canenterdeductionamt1()'><b>canenterdeductionamt1</b><br>Test class: testpages.BillEntryGeneralTest</td>
<td></td>
<td>1</td>
<td>testpages.BillEntryGeneralTest@3bf7ca37</td></tr>
<tr>
<td title='testpages.WorkDetailsTest.MakerWorkOutboxIsClickable()'><b>MakerWorkOutboxIsClickable</b><br>Test class: testpages.WorkDetailsTest</td>
<td></td>
<td>1</td>
<td>testpages.WorkDetailsTest@3c9754d8</td></tr>
<tr>
<td title='testpages.BillEntryGeneralTest.Canenterremark()'><b>Canenterremark</b><br>Test class: testpages.BillEntryGeneralTest</td>
<td></td>
<td>1</td>
<td>testpages.BillEntryGeneralTest@3bf7ca37</td></tr>
<tr>
<td title='testpages.BillEntryGeneralTest.billtypeisSelectable()'><b>billtypeisSelectable</b><br>Test class: testpages.BillEntryGeneralTest</td>
<td></td>
<td>1</td>
<td>testpages.BillEntryGeneralTest@3bf7ca37</td></tr>
<tr>
<td title='testpages.BillEntryGeneralTest.hardcopyyesbuttonisclickableforcashier()'><b>hardcopyyesbuttonisclickableforcashier</b><br>Test class: testpages.BillEntryGeneralTest</td>
<td></td>
<td>0</td>
<td>testpages.BillEntryGeneralTest@3bf7ca37</td></tr>
<tr>
<td title='testpages.BillEntryGeneralTest.CanenterBillamount()'><b>CanenterBillamount</b><br>Test class: testpages.BillEntryGeneralTest</td>
<td></td>
<td>1</td>
<td>testpages.BillEntryGeneralTest@3bf7ca37</td></tr>
<tr>
<td title='testpages.TreasuryReceiptTest.chllandatecanenter()'><b>chllandatecanenter</b><br>Test class: testpages.TreasuryReceiptTest</td>
<td></td>
<td>1</td>
<td>testpages.TreasuryReceiptTest@7eac9008</td></tr>
<tr>
<td title='testpages.AdministrativeApprovalTest.AdministrativeWorkIsClickable2()'><b>AdministrativeWorkIsClickable2</b><br>Test class: testpages.AdministrativeApprovalTest</td>
<td></td>
<td>1</td>
<td>testpages.AdministrativeApprovalTest@7c6908d7</td></tr>
<tr>
<td title='testpages.WorkDetailsTest.AdministrativeWorkIsClickable1()'><b>AdministrativeWorkIsClickable1</b><br>Test class: testpages.WorkDetailsTest</td>
<td></td>
<td>1</td>
<td>testpages.WorkDetailsTest@3c9754d8</td></tr>
<tr>
<td title='testpages.TreasuryReceiptTest.HeadcodecanSelectbyscrolling()'><b>HeadcodecanSelectbyscrolling</b><br>Test class: testpages.TreasuryReceiptTest</td>
<td></td>
<td>7</td>
<td>testpages.TreasuryReceiptTest@7eac9008</td></tr>
<tr>
<td title='testpages.BillEntryGeneralTest.searchbuttonisclickale()'><b>searchbuttonisclickale</b><br>Test class: testpages.BillEntryGeneralTest</td>
<td></td>
<td>1</td>
<td>testpages.BillEntryGeneralTest@3bf7ca37</td></tr>
<tr>
<td title='testpages.BillEntryGeneralTest.clickonbuttonforselectionofbeneficary1()'><b>clickonbuttonforselectionofbeneficary1</b><br>Test class: testpages.BillEntryGeneralTest</td>
<td></td>
<td>1</td>
<td>testpages.BillEntryGeneralTest@3bf7ca37</td></tr>
<tr>
<td title='testpages.WorkDetailsTest.worksavebuttonisclickable()'><b>worksavebuttonisclickable</b><br>Test class: testpages.WorkDetailsTest</td>
<td></td>
<td>1</td>
<td>testpages.WorkDetailsTest@3c9754d8</td></tr>
<tr>
<td title='testpages.AdministrativeApprovalTest.loginWithDYCAFO()'><b>loginWithDYCAFO</b><br>Test class: testpages.AdministrativeApprovalTest</td>
<td></td>
<td>0</td>
<td>testpages.AdministrativeApprovalTest@7c6908d7</td></tr>
<tr>
<td title='testpages.AdministrativeApprovalTest.AAInboxIsclickableforDYCAFO()'><b>AAInboxIsclickableforDYCAFO</b><br>Test class: testpages.AdministrativeApprovalTest</td>
<td></td>
<td>1</td>
<td>testpages.AdministrativeApprovalTest@7c6908d7</td></tr>
<tr>
<td title='testpages.BillEntryGeneralTest.yesforlogoutButtonisClickablefordycafo()'><b>yesforlogoutButtonisClickablefordycafo</b><br>Test class: testpages.BillEntryGeneralTest</td>
<td></td>
<td>1</td>
<td>testpages.BillEntryGeneralTest@3bf7ca37</td></tr>
<tr>
<td title='testpages.TreasuryReceiptTest.loginWithDycafo()'><b>loginWithDycafo</b><br>Test class: testpages.TreasuryReceiptTest</td>
<td></td>
<td>0</td>
<td>testpages.TreasuryReceiptTest@7eac9008</td></tr>
<tr>
<td title='testpages.BillEntryGeneralTest.cashbookisselectable()'><b>cashbookisselectable</b><br>Test class: testpages.BillEntryGeneralTest</td>
<td></td>
<td>1</td>
<td>testpages.BillEntryGeneralTest@3bf7ca37</td></tr>
<tr>
<td title='testpages.AdministrativeApprovalTest.AAInboxIsclickable()'><b>AAInboxIsclickable</b><br>Test class: testpages.AdministrativeApprovalTest</td>
<td></td>
<td>1</td>
<td>testpages.AdministrativeApprovalTest@7c6908d7</td></tr>
<tr>
<td title='testpages.BillEntryGeneralTest.BillsaveButtonclickable()'><b>BillsaveButtonclickable</b><br>Test class: testpages.BillEntryGeneralTest</td>
<td></td>
<td>1</td>
<td>testpages.BillEntryGeneralTest@3bf7ca37</td></tr>
<tr>
<td title='testpages.BillEntryGeneralTest.approveyesbuttonisclickableforcashier()'><b>approveyesbuttonisclickableforcashier</b><br>Test class: testpages.BillEntryGeneralTest</td>
<td></td>
<td>0</td>
<td>testpages.BillEntryGeneralTest@3bf7ca37</td></tr>
<tr>
<td title='testpages.AdministrativeApprovalTest.MovetoAADetails()'><b>MovetoAADetails</b><br>Test class: testpages.AdministrativeApprovalTest</td>
<td></td>
<td>1</td>
<td>testpages.AdministrativeApprovalTest@7c6908d7</td></tr>
<tr>
<td title='testpages.WorkDetailsTest.PANNumbercanenter()'><b>PANNumbercanenter</b><br>Test class: testpages.WorkDetailsTest</td>
<td></td>
<td>2</td>
<td>testpages.WorkDetailsTest@3c9754d8</td></tr>
<tr>
<td title='testpages.WorkDetailsTest.WorkDetailsIsHovering2()'><b>WorkDetailsIsHovering2</b><br>Test class: testpages.WorkDetailsTest</td>
<td></td>
<td>1</td>
<td>testpages.WorkDetailsTest@3c9754d8</td></tr>
<tr>
<td title='testpages.BillEntryGeneralTest.backButtonisClickableforcashier()'><b>backButtonisClickableforcashier</b><br>Test class: testpages.BillEntryGeneralTest</td>
<td></td>
<td>1</td>
<td>testpages.BillEntryGeneralTest@3bf7ca37</td></tr>
<tr>
<td title='testpages.BillEntryGeneralTest.FinancialWorkIsClickableforcashier()'><b>FinancialWorkIsClickableforcashier</b><br>Test class: testpages.BillEntryGeneralTest</td>
<td></td>
<td>1</td>
<td>testpages.BillEntryGeneralTest@3bf7ca37</td></tr>
<tr>
<td title='testpages.AdministrativeApprovalTest.loginWithCAFO()'><b>loginWithCAFO</b><br>Test class: testpages.AdministrativeApprovalTest</td>
<td></td>
<td>0</td>
<td>testpages.AdministrativeApprovalTest@7c6908d7</td></tr>
<tr>
<td title='testpages.BillEntryGeneralTest.backButtonisClickableHOD()'><b>backButtonisClickableHOD</b><br>Test class: testpages.BillEntryGeneralTest</td>
<td></td>
<td>1</td>
<td>testpages.BillEntryGeneralTest@3bf7ca37</td></tr>
<tr>
<td title='testpages.WorkDetailsTest.Workdateshouldbeselectable()'><b>Workdateshouldbeselectable</b><br>Test class: testpages.WorkDetailsTest</td>
<td></td>
<td>1</td>
<td>testpages.WorkDetailsTest@3c9754d8</td></tr>
<tr>
<td title='testpages.WorkDetailsTest.WorkDetailsIsHovering1()'><b>WorkDetailsIsHovering1</b><br>Test class: testpages.WorkDetailsTest</td>
<td></td>
<td>1</td>
<td>testpages.WorkDetailsTest@3c9754d8</td></tr>
<tr>
<td title='testpages.WorkDetailsTest.ApproveButtonisclickable()'><b>ApproveButtonisclickable</b><br>Test class: testpages.WorkDetailsTest</td>
<td></td>
<td>1</td>
<td>testpages.WorkDetailsTest@3c9754d8</td></tr>
<tr>
<td title='testpages.BillEntryGeneralTest.CanMovetobillacceptnace()'><b>CanMovetobillacceptnace</b><br>Test class: testpages.BillEntryGeneralTest</td>
<td></td>
<td>1</td>
<td>testpages.BillEntryGeneralTest@3bf7ca37</td></tr>
<tr>
<td title='testpages.AdministrativeApprovalTest.AAInboxIsclickableforCAFO()'><b>AAInboxIsclickableforCAFO</b><br>Test class: testpages.AdministrativeApprovalTest</td>
<td></td>
<td>1</td>
<td>testpages.AdministrativeApprovalTest@7c6908d7</td></tr>
<tr>
<td title='testpages.TreasuryReceiptTest.yesforlogoutButtonisClickable1()'><b>yesforlogoutButtonisClickable1</b><br>Test class: testpages.TreasuryReceiptTest</td>
<td></td>
<td>1</td>
<td>testpages.TreasuryReceiptTest@7eac9008</td></tr>
<tr>
<td title='testpages.AdministrativeApprovalTest.ApproveButtonisclickableCAFO()'><b>ApproveButtonisclickableCAFO</b><br>Test class: testpages.AdministrativeApprovalTest</td>
<td></td>
<td>1</td>
<td>testpages.AdministrativeApprovalTest@7c6908d7</td></tr>
<tr>
<td title='testpages.WorkDetailsTest.canEnterpramaamount()'><b>canEnterpramaamount</b><br>Test class: testpages.WorkDetailsTest</td>
<td></td>
<td>1</td>
<td>testpages.WorkDetailsTest@3c9754d8</td></tr>
<tr>
<td title='testpages.WorkDetailsTest.LogoutbuttonisclickableforHOD()'><b>LogoutbuttonisclickableforHOD</b><br>Test class: testpages.WorkDetailsTest</td>
<td></td>
<td>1</td>
<td>testpages.WorkDetailsTest@3c9754d8</td></tr>
<tr>
<td title='testpages.WorkDetailsTest.fileuploadbuttonisclicakble()'><b>fileuploadbuttonisclicakble</b><br>Test class: testpages.WorkDetailsTest</td>
<td></td>
<td>1</td>
<td>testpages.WorkDetailsTest@3c9754d8</td></tr>
<tr>
<td title='testpages.TreasuryReceiptTest.OKButtonisClickable()'><b>OKButtonisClickable</b><br>Test class: testpages.TreasuryReceiptTest</td>
<td></td>
<td>1</td>
<td>testpages.TreasuryReceiptTest@7eac9008</td></tr>
<tr>
<td title='testpages.BillEntryGeneralTest.saveokbuttonisclickable()'><b>saveokbuttonisclickable</b><br>Test class: testpages.BillEntryGeneralTest</td>
<td></td>
<td>1</td>
<td>testpages.BillEntryGeneralTest@3bf7ca37</td></tr>
<tr>
<td title='testpages.AdministrativeApprovalTest.AdministrativeWorkIsClickable4()'><b>AdministrativeWorkIsClickable4</b><br>Test class: testpages.AdministrativeApprovalTest</td>
<td></td>
<td>1</td>
<td>testpages.AdministrativeApprovalTest@7c6908d7</td></tr>
<tr>
<td title='testpages.BillEntryGeneralTest.Canenterpaymenttypeamount()'><b>Canenterpaymenttypeamount</b><br>Test class: testpages.BillEntryGeneralTest</td>
<td></td>
<td>1</td>
<td>testpages.BillEntryGeneralTest@3bf7ca37</td></tr>
<tr>
<td title='testpages.AdministrativeApprovalTest.MovetoAdministrativeApprovalDetailsCAFO()'><b>MovetoAdministrativeApprovalDetailsCAFO</b><br>Test class: testpages.AdministrativeApprovalTest</td>
<td></td>
<td>1</td>
<td>testpages.AdministrativeApprovalTest@7c6908d7</td></tr>
<tr>
<td title='testpages.AdministrativeApprovalTest.ViewAASlipforApproval()'><b>ViewAASlipforApproval</b><br>Test class: testpages.AdministrativeApprovalTest</td>
<td></td>
<td>1</td>
<td>testpages.AdministrativeApprovalTest@7c6908d7</td></tr>
<tr>
<td title='testpages.AdministrativeApprovalTest.rokhvahigatIsSelectable()'><b>rokhvahigatIsSelectable</b><br>Test class: testpages.AdministrativeApprovalTest</td>
<td></td>
<td>1</td>
<td>testpages.AdministrativeApprovalTest@7c6908d7</td></tr>
<tr>
<td title='testpages.BillEntryGeneralTest.viewslipbuttonisclickableforcashier()'><b>viewslipbuttonisclickableforcashier</b><br>Test class: testpages.BillEntryGeneralTest</td>
<td></td>
<td>1</td>
<td>testpages.BillEntryGeneralTest@3bf7ca37</td></tr>
<tr>
<td title='testpages.BillEntryGeneralTest.approvebuttonisclickablefordycafo()'><b>approvebuttonisclickablefordycafo</b><br>Test class: testpages.BillEntryGeneralTest</td>
<td></td>
<td>0</td>
<td>testpages.BillEntryGeneralTest@3bf7ca37</td></tr>
<tr>
<td title='testpages.BillEntryGeneralTest.cansearchbillforapproval()'><b>cansearchbillforapproval</b><br>Test class: testpages.BillEntryGeneralTest</td>
<td></td>
<td>1</td>
<td>testpages.BillEntryGeneralTest@3bf7ca37</td></tr>
<tr>
<td title='testpages.AdministrativeApprovalTest.ClickonAAoutbox()'><b>ClickonAAoutbox</b><br>Test class: testpages.AdministrativeApprovalTest</td>
<td></td>
<td>1</td>
<td>testpages.AdministrativeApprovalTest@7c6908d7</td></tr>
<tr>
<td title='testpages.BillEntryGeneralTest.logoutButtonisClickableHOD()'><b>logoutButtonisClickableHOD</b><br>Test class: testpages.BillEntryGeneralTest</td>
<td></td>
<td>1</td>
<td>testpages.BillEntryGeneralTest@3bf7ca37</td></tr>
<tr>
<td title='testpages.AdministrativeApprovalTest.LogoutbuttonisclickableforHOD()'><b>LogoutbuttonisclickableforHOD</b><br>Test class: testpages.AdministrativeApprovalTest</td>
<td></td>
<td>1</td>
<td>testpages.AdministrativeApprovalTest@7c6908d7</td></tr>
<tr>
<td title='testpages.WorkDetailsTest.HeadcodeisSelectable()'><b>HeadcodeisSelectable</b><br>Test class: testpages.WorkDetailsTest</td>
<td></td>
<td>1</td>
<td>testpages.WorkDetailsTest@3c9754d8</td></tr>
<tr>
<td title='testpages.TreasuryReceiptTest.HeadcodecanSelectbyselect()'><b>HeadcodecanSelectbyselect</b><br>Test class: testpages.TreasuryReceiptTest</td>
<td></td>
<td>1</td>
<td>testpages.TreasuryReceiptTest@7eac9008</td></tr>
<tr>
<td title='testpages.AdministrativeApprovalTest.SearchTextboxacceptcharacters()'><b>SearchTextboxacceptcharacters</b><br>Test class: testpages.AdministrativeApprovalTest</td>
<td></td>
<td>1</td>
<td>testpages.AdministrativeApprovalTest@7c6908d7</td></tr>
<tr>
<td title='testpages.WorkDetailsTest.yesbuttonisclickableforworkapproval()'><b>yesbuttonisclickableforworkapproval</b><br>Test class: testpages.WorkDetailsTest</td>
<td></td>
<td>1</td>
<td>testpages.WorkDetailsTest@3c9754d8</td></tr>
<tr>
<td title='testpages.WorkDetailsTest.rokhvahigatIsSelectable()'><b>rokhvahigatIsSelectable</b><br>Test class: testpages.WorkDetailsTest</td>
<td></td>
<td>1</td>
<td>testpages.WorkDetailsTest@3c9754d8</td></tr>
<tr>
<td title='testpages.BillEntryGeneralTest.cansearchbillforapprovalfordycafo()'><b>cansearchbillforapprovalfordycafo</b><br>Test class: testpages.BillEntryGeneralTest</td>
<td></td>
<td>1</td>
<td>testpages.BillEntryGeneralTest@3bf7ca37</td></tr>
<tr>
<td title='testpages.WorkDetailsTest.Logoutbuttonisclickable()'><b>Logoutbuttonisclickable</b><br>Test class: testpages.WorkDetailsTest</td>
<td></td>
<td>1</td>
<td>testpages.WorkDetailsTest@3c9754d8</td></tr>
<tr>
<td title='testpages.BillEntryGeneralTest.CanMovetobillacceptnacefordycafo()'><b>CanMovetobillacceptnacefordycafo</b><br>Test class: testpages.BillEntryGeneralTest</td>
<td></td>
<td>1</td>
<td>testpages.BillEntryGeneralTest@3bf7ca37</td></tr>
<tr>
<td title='testpages.BillEntryGeneralTest.billtypeisSelectableHOD()'><b>billtypeisSelectableHOD</b><br>Test class: testpages.BillEntryGeneralTest</td>
<td></td>
<td>1</td>
<td>testpages.BillEntryGeneralTest@3bf7ca37</td></tr>
<tr>
<td title='testpages.BillEntryGeneralTest.approveyesbuttonisclickable()'><b>approveyesbuttonisclickable</b><br>Test class: testpages.BillEntryGeneralTest</td>
<td></td>
<td>0</td>
<td>testpages.BillEntryGeneralTest@3bf7ca37</td></tr>
<tr>
<td title='testpages.AdministrativeApprovalTest.yesbuttonisclickableforlogout()'><b>yesbuttonisclickableforlogout</b><br>Test class: testpages.AdministrativeApprovalTest</td>
<td></td>
<td>1</td>
<td>testpages.AdministrativeApprovalTest@7c6908d7</td></tr>
<tr>
<td title='testpages.BillEntryGeneralTest.Groupcashbookisselectable()'><b>Groupcashbookisselectable</b><br>Test class: testpages.BillEntryGeneralTest</td>
<td></td>
<td>1</td>
<td>testpages.BillEntryGeneralTest@3bf7ca37</td></tr>
<tr>
<td title='testpages.TreasuryReceiptTest.RTGSDDnumbercanenter()'><b>RTGSDDnumbercanenter</b><br>Test class: testpages.TreasuryReceiptTest</td>
<td></td>
<td>1</td>
<td>testpages.TreasuryReceiptTest@7eac9008</td></tr>
<tr>
<td title='testpages.AdministrativeApprovalTest.aaslipdisplay()'><b>aaslipdisplay</b><br>Test class: testpages.AdministrativeApprovalTest</td>
<td></td>
<td>1</td>
<td>testpages.AdministrativeApprovalTest@7c6908d7</td></tr>
<tr>
<td title='testpages.WorkDetailsTest.AdministrativeWorkIsClickable2()'><b>AdministrativeWorkIsClickable2</b><br>Test class: testpages.WorkDetailsTest</td>
<td></td>
<td>1</td>
<td>testpages.WorkDetailsTest@3c9754d8</td></tr>
<tr>
<td title='testpages.AdministrativeApprovalTest.Logoutbuttonisclickable()'><b>Logoutbuttonisclickable</b><br>Test class: testpages.AdministrativeApprovalTest</td>
<td></td>
<td>1</td>
<td>testpages.AdministrativeApprovalTest@7c6908d7</td></tr>
<tr>
<td title='testpages.AdministrativeApprovalTest.MovetoAdministrativeApprovalDetails()'><b>MovetoAdministrativeApprovalDetails</b><br>Test class: testpages.AdministrativeApprovalTest</td>
<td></td>
<td>1</td>
<td>testpages.AdministrativeApprovalTest@7c6908d7</td></tr>
<tr>
<td title='testpages.WorkDetailsTest.loginWithHOD()'><b>loginWithHOD</b><br>Test class: testpages.WorkDetailsTest</td>
<td></td>
<td>0</td>
<td>testpages.WorkDetailsTest@3c9754d8</td></tr>
<tr>
<td title='testpages.BillEntryGeneralTest.yesforlogoutButtonisClickable()'><b>yesforlogoutButtonisClickable</b><br>Test class: testpages.BillEntryGeneralTest</td>
<td></td>
<td>1</td>
<td>testpages.BillEntryGeneralTest@3bf7ca37</td></tr>
<tr>
<td title='testpages.TreasuryReceiptTest.Approvebuttonisclickable()'><b>Approvebuttonisclickable</b><br>Test class: testpages.TreasuryReceiptTest</td>
<td></td>
<td>1</td>
<td>testpages.TreasuryReceiptTest@7eac9008</td></tr>
<tr>
<td title='testpages.BillEntryGeneralTest.clickonbuttonforsearchofwork()'><b>clickonbuttonforsearchofwork</b><br>Test class: testpages.BillEntryGeneralTest</td>
<td></td>
<td>1</td>
<td>testpages.BillEntryGeneralTest@3bf7ca37</td></tr>
<tr>
<td title='testpages.TreasuryReceiptTest.DepartmentcanSelect()'><b>DepartmentcanSelect</b><br>Test class: testpages.TreasuryReceiptTest</td>
<td></td>
<td>1</td>
<td>testpages.TreasuryReceiptTest@7eac9008</td></tr>
<tr>
<td title='testpages.BillEntryGeneralTest.massslipisclickablefordycafo()'><b>massslipisclickablefordycafo</b><br>Test class: testpages.BillEntryGeneralTest</td>
<td></td>
<td>5</td>
<td>testpages.BillEntryGeneralTest@3bf7ca37</td></tr>
<tr>
<td title='testpages.AdministrativeApprovalTest.SearchPramaforHODApproval()'><b>SearchPramaforHODApproval</b><br>Test class: testpages.AdministrativeApprovalTest</td>
<td></td>
<td>1</td>
<td>testpages.AdministrativeApprovalTest@7c6908d7</td></tr>
<tr>
<td title='testpages.TreasuryReceiptTest.YesButtonisClickable()'><b>YesButtonisClickable</b><br>Test class: testpages.TreasuryReceiptTest</td>
<td></td>
<td>1</td>
<td>testpages.TreasuryReceiptTest@7eac9008</td></tr>
<tr>
<td title='testpages.WorkDetailsTest.AdminApprovalNumbercanSelect()'><b>AdminApprovalNumbercanSelect</b><br>Test class: testpages.WorkDetailsTest</td>
<td></td>
<td>1</td>
<td>testpages.WorkDetailsTest@3c9754d8</td></tr>
<tr>
<td title='testpages.AdministrativeApprovalTest.canEnterpramaamount()'><b>canEnterpramaamount</b><br>Test class: testpages.AdministrativeApprovalTest</td>
<td></td>
<td>1</td>
<td>testpages.AdministrativeApprovalTest@7c6908d7</td></tr>
<tr>
<td title='testpages.AdministrativeApprovalTest.ApproveButtonisclickableDYCAFO()'><b>ApproveButtonisclickableDYCAFO</b><br>Test class: testpages.AdministrativeApprovalTest</td>
<td></td>
<td>1</td>
<td>testpages.AdministrativeApprovalTest@7c6908d7</td></tr>
<tr>
<td title='testpages.WorkDetailsTest.Worknametextboxshouldbeeditable()'><b>Worknametextboxshouldbeeditable</b><br>Test class: testpages.WorkDetailsTest</td>
<td></td>
<td>2</td>
<td>testpages.WorkDetailsTest@3c9754d8</td></tr>
<tr>
<td title='testpages.WorkDetailsTest.workstatusdropdownIsClickable()'><b>workstatusdropdownIsClickable</b><br>Test class: testpages.WorkDetailsTest</td>
<td></td>
<td>1</td>
<td>testpages.WorkDetailsTest@3c9754d8</td></tr>
<tr>
<td title='testpages.WorkDetailsTest.Worknumbercanenter()'><b>Worknumbercanenter</b><br>Test class: testpages.WorkDetailsTest</td>
<td></td>
<td>1</td>
<td>testpages.WorkDetailsTest@3c9754d8</td></tr>
<tr>
<td title='testpages.AdministrativeApprovalTest.Backbuttonisclickable1()'><b>Backbuttonisclickable1</b><br>Test class: testpages.AdministrativeApprovalTest</td>
<td></td>
<td>1</td>
<td>testpages.AdministrativeApprovalTest@7c6908d7</td></tr>
<tr>
<td title='testpages.WorkDetailsTest.WorkInboxIsclickable()'><b>WorkInboxIsclickable</b><br>Test class: testpages.WorkDetailsTest</td>
<td></td>
<td>1</td>
<td>testpages.WorkDetailsTest@3c9754d8</td></tr>
<tr>
<td title='testpages.BillEntryGeneralTest.clickonbuttonforselectionofbeneficary()'><b>clickonbuttonforselectionofbeneficary</b><br>Test class: testpages.BillEntryGeneralTest</td>
<td></td>
<td>1</td>
<td>testpages.BillEntryGeneralTest@3bf7ca37</td></tr>
<tr>
<td title='testpages.AdministrativeApprovalTest.rokhvahiIsSelectable()'><b>rokhvahiIsSelectable</b><br>Test class: testpages.AdministrativeApprovalTest</td>
<td></td>
<td>1</td>
<td>testpages.AdministrativeApprovalTest@7c6908d7</td></tr>
<tr>
<td title='testpages.BillEntryGeneralTest.billinboxIsClickableforcashier()'><b>billinboxIsClickableforcashier</b><br>Test class: testpages.BillEntryGeneralTest</td>
<td></td>
<td>1</td>
<td>testpages.BillEntryGeneralTest@3bf7ca37</td></tr>
<tr>
<td title='testpages.WorkDetailsTest.Workenddateshouldbeselectable()'><b>Workenddateshouldbeselectable</b><br>Test class: testpages.WorkDetailsTest</td>
<td></td>
<td>1</td>
<td>testpages.WorkDetailsTest@3c9754d8</td></tr>
<tr>
<td title='testpages.WorkDetailsTest.workokbuttonisclickable()'><b>workokbuttonisclickable</b><br>Test class: testpages.WorkDetailsTest</td>
<td></td>
<td>0</td>
<td>testpages.WorkDetailsTest@3c9754d8</td></tr>
<tr>
<td title='testpages.AdministrativeApprovalTest.ViewAASlipforDYCAFOApproval()'><b>ViewAASlipforDYCAFOApproval</b><br>Test class: testpages.AdministrativeApprovalTest</td>
<td></td>
<td>1</td>
<td>testpages.AdministrativeApprovalTest@7c6908d7</td></tr>
<tr>
<td title='testpages.BillEntryGeneralTest.canenterdeductionamt2()'><b>canenterdeductionamt2</b><br>Test class: testpages.BillEntryGeneralTest</td>
<td></td>
<td>1</td>
<td>testpages.BillEntryGeneralTest@3bf7ca37</td></tr>
<tr>
<td title='testpages.TreasuryReceiptTest.yesforlogoutButtonisClickable()'><b>yesforlogoutButtonisClickable</b><br>Test class: testpages.TreasuryReceiptTest</td>
<td></td>
<td>1</td>
<td>testpages.TreasuryReceiptTest@7eac9008</td></tr>
<tr>
<td title='testpages.AdministrativeApprovalTest.LogoutbuttonisclickableforCAFO()'><b>LogoutbuttonisclickableforCAFO</b><br>Test class: testpages.AdministrativeApprovalTest</td>
<td></td>
<td>1</td>
<td>testpages.AdministrativeApprovalTest@7c6908d7</td></tr>
<tr>
<td title='testpages.TreasuryReceiptTest.mastermenutabisClickable()'><b>mastermenutabisClickable</b><br>Test class: testpages.TreasuryReceiptTest</td>
<td></td>
<td>1</td>
<td>testpages.TreasuryReceiptTest@7eac9008</td></tr>
<tr>
<td title='testpages.AdministrativeApprovalTest.aayesbuttonisclickable()'><b>aayesbuttonisclickable</b><br>Test class: testpages.AdministrativeApprovalTest</td>
<td></td>
<td>1</td>
<td>testpages.AdministrativeApprovalTest@7c6908d7</td></tr>
<tr>
<td title='testpages.AdministrativeApprovalTest.StatusIsSelectable()'><b>StatusIsSelectable</b><br>Test class: testpages.AdministrativeApprovalTest</td>
<td></td>
<td>1</td>
<td>testpages.AdministrativeApprovalTest@7c6908d7</td></tr>
<tr>
<td title='testpages.TreasuryReceiptTest.okbuttonisclickable()'><b>okbuttonisclickable</b><br>Test class: testpages.TreasuryReceiptTest</td>
<td></td>
<td>1</td>
<td>testpages.TreasuryReceiptTest@7eac9008</td></tr>
<tr>
<td title='testpages.BillEntryGeneralTest.backButtonisClickable()'><b>backButtonisClickable</b><br>Test class: testpages.BillEntryGeneralTest</td>
<td></td>
<td>1</td>
<td>testpages.BillEntryGeneralTest@3bf7ca37</td></tr>
<tr>
<td title='testpages.TreasuryReceiptTest.HeadcodecanSelect()'><b>HeadcodecanSelect</b><br>Test class: testpages.TreasuryReceiptTest</td>
<td></td>
<td>1</td>
<td>testpages.TreasuryReceiptTest@7eac9008</td></tr>
<tr>
<td title='testpages.BillEntryGeneralTest.clickonbuttonforselectionofprmaandwork()'><b>clickonbuttonforselectionofprmaandwork</b><br>Test class: testpages.BillEntryGeneralTest</td>
<td></td>
<td>1</td>
<td>testpages.BillEntryGeneralTest@3bf7ca37</td></tr>
<tr>
<td title='testpages.BillEntryGeneralTest.loginWithHOD()'><b>loginWithHOD</b><br>Test class: testpages.BillEntryGeneralTest</td>
<td></td>
<td>0</td>
<td>testpages.BillEntryGeneralTest@3bf7ca37</td></tr>
<tr>
<td title='testpages.BillEntryGeneralTest.hardcopyyesbuttonisclickable()'><b>hardcopyyesbuttonisclickable</b><br>Test class: testpages.BillEntryGeneralTest</td>
<td></td>
<td>0</td>
<td>testpages.BillEntryGeneralTest@3bf7ca37</td></tr>
<tr>
<td title='testpages.TreasuryReceiptTest.backButtonisClickable()'><b>backButtonisClickable</b><br>Test class: testpages.TreasuryReceiptTest</td>
<td></td>
<td>1</td>
<td>testpages.TreasuryReceiptTest@7eac9008</td></tr>
<tr>
<td title='testpages.BillEntryGeneralTest.viewslipbuttonisclickable()'><b>viewslipbuttonisclickable</b><br>Test class: testpages.BillEntryGeneralTest</td>
<td></td>
<td>1</td>
<td>testpages.BillEntryGeneralTest@3bf7ca37</td></tr>
<tr>
<td title='testpages.TreasuryReceiptTest.SaveButtonisClickable()'><b>SaveButtonisClickable</b><br>Test class: testpages.TreasuryReceiptTest</td>
<td></td>
<td>1</td>
<td>testpages.TreasuryReceiptTest@7eac9008</td></tr>
<tr>
<td title='testpages.WorkDetailsTest.Enterheadcode()'><b>Enterheadcode</b><br>Test class: testpages.WorkDetailsTest</td>
<td></td>
<td>1</td>
<td>testpages.WorkDetailsTest@3c9754d8</td></tr>
<tr>
<td title='testpages.AdministrativeApprovalTest.ViewAASlipforCAFOApproval()'><b>ViewAASlipforCAFOApproval</b><br>Test class: testpages.AdministrativeApprovalTest</td>
<td></td>
<td>1</td>
<td>testpages.AdministrativeApprovalTest@7c6908d7</td></tr>
<tr>
<td title='testpages.TreasuryReceiptTest.canselectapprovedby()'><b>canselectapprovedby</b><br>Test class: testpages.TreasuryReceiptTest</td>
<td></td>
<td>1</td>
<td>testpages.TreasuryReceiptTest@7eac9008</td></tr>
<tr>
<td title='testpages.AdministrativeApprovalTest.TalukaIsSelectable()'><b>TalukaIsSelectable</b><br>Test class: testpages.AdministrativeApprovalTest</td>
<td></td>
<td>1</td>
<td>testpages.AdministrativeApprovalTest@7c6908d7</td></tr>
<tr>
<td title='testpages.BillEntryGeneralTest.approvebuttonisclickable()'><b>approvebuttonisclickable</b><br>Test class: testpages.BillEntryGeneralTest</td>
<td></td>
<td>0</td>
<td>testpages.BillEntryGeneralTest@3bf7ca37</td></tr>
<tr>
<td title='testpages.WorkDetailsTest.workyesbuttonisclickable()'><b>workyesbuttonisclickable</b><br>Test class: testpages.WorkDetailsTest</td>
<td></td>
<td>1</td>
<td>testpages.WorkDetailsTest@3c9754d8</td></tr>
<tr>
<td title='testpages.AdministrativeApprovalTest.HeadcodeisSelectable()'><b>HeadcodeisSelectable</b><br>Test class: testpages.AdministrativeApprovalTest</td>
<td></td>
<td>1</td>
<td>testpages.AdministrativeApprovalTest@7c6908d7</td></tr>
<tr>
<td title='testpages.TreasuryReceiptTest.chllannumbercanenter()'><b>chllannumbercanenter</b><br>Test class: testpages.TreasuryReceiptTest</td>
<td></td>
<td>1</td>
<td>testpages.TreasuryReceiptTest@7eac9008</td></tr>
<tr>
<td title='testpages.BillEntryGeneralTest.approveyesbuttonisclickableHOD()'><b>approveyesbuttonisclickableHOD</b><br>Test class: testpages.BillEntryGeneralTest</td>
<td></td>
<td>0</td>
<td>testpages.BillEntryGeneralTest@3bf7ca37</td></tr>
<tr>
<td title='testpages.WorkDetailsTest.yesbuttonisclickableforlogoutasHOD()'><b>yesbuttonisclickableforlogoutasHOD</b><br>Test class: testpages.WorkDetailsTest</td>
<td></td>
<td>1</td>
<td>testpages.WorkDetailsTest@3c9754d8</td></tr>
<tr>
<td title='testpages.TreasuryReceiptTest.groupcashbookisselectable()'><b>groupcashbookisselectable</b><br>Test class: testpages.TreasuryReceiptTest</td>
<td></td>
<td>1</td>
<td>testpages.TreasuryReceiptTest@7eac9008</td></tr>
<tr>
<td title='testpages.BillEntryGeneralTest.cansearchbillforapprovalforcashier()'><b>cansearchbillforapprovalforcashier</b><br>Test class: testpages.BillEntryGeneralTest</td>
<td></td>
<td>1</td>
<td>testpages.BillEntryGeneralTest@3bf7ca37</td></tr>
<tr>
<td title='testpages.BillEntryGeneralTest.billtypeisSelectablefordycafo()'><b>billtypeisSelectablefordycafo</b><br>Test class: testpages.BillEntryGeneralTest</td>
<td></td>
<td>1</td>
<td>testpages.BillEntryGeneralTest@3bf7ca37</td></tr>
<tr>
<td title='testpages.AdministrativeApprovalTest.yesbuttonisclickableforaaapproval()'><b>yesbuttonisclickableforaaapproval</b><br>Test class: testpages.AdministrativeApprovalTest</td>
<td></td>
<td>1</td>
<td>testpages.AdministrativeApprovalTest@7c6908d7</td></tr>
<tr>
<td title='testpages.TreasuryReceiptTest.backButtonisClickable1()'><b>backButtonisClickable1</b><br>Test class: testpages.TreasuryReceiptTest</td>
<td></td>
<td>1</td>
<td>testpages.TreasuryReceiptTest@7eac9008</td></tr>
<tr>
<td title='testpages.TreasuryReceiptTest.enterdetailsforReceipt()'><b>enterdetailsforReceipt</b><br>Test class: testpages.TreasuryReceiptTest</td>
<td></td>
<td>1</td>
<td>testpages.TreasuryReceiptTest@7eac9008</td></tr>
<tr>
<td title='testpages.BillEntryGeneralTest.CanMovetobillcrearion()'><b>CanMovetobillcrearion</b><br>Test class: testpages.BillEntryGeneralTest</td>
<td></td>
<td>1</td>
<td>testpages.BillEntryGeneralTest@3bf7ca37</td></tr>
<tr>
<td title='testpages.BillEntryGeneralTest.billinboxIsClickable()'><b>billinboxIsClickable</b><br>Test class: testpages.BillEntryGeneralTest</td>
<td></td>
<td>1</td>
<td>testpages.BillEntryGeneralTest@3bf7ca37</td></tr>
<tr>
<td title='testpages.AdministrativeApprovalTest.CanEnterConstiuency()'><b>CanEnterConstiuency</b><br>Test class: testpages.AdministrativeApprovalTest</td>
<td></td>
<td>1</td>
<td>testpages.AdministrativeApprovalTest@7c6908d7</td></tr>
<tr>
<td title='testpages.AdministrativeApprovalTest.yesbuttonisclickableforaaapprovalDYCAFO()'><b>yesbuttonisclickableforaaapprovalDYCAFO</b><br>Test class: testpages.AdministrativeApprovalTest</td>
<td></td>
<td>1</td>
<td>testpages.AdministrativeApprovalTest@7c6908d7</td></tr>
<tr>
<td title='testpages.BillEntryGeneralTest.cansearchbillforapprovalHOD()'><b>cansearchbillforapprovalHOD</b><br>Test class: testpages.BillEntryGeneralTest</td>
<td></td>
<td>1</td>
<td>testpages.BillEntryGeneralTest@3bf7ca37</td></tr>
<tr>
<td title='testpages.BillEntryGeneralTest.viewslipbuttonisclickableHOD()'><b>viewslipbuttonisclickableHOD</b><br>Test class: testpages.BillEntryGeneralTest</td>
<td></td>
<td>1</td>
<td>testpages.BillEntryGeneralTest@3bf7ca37</td></tr>
<tr>
<td title='testpages.WorkDetailsTest.fileuploadispossible()'><b>fileuploadispossible</b><br>Test class: testpages.WorkDetailsTest</td>
<td></td>
<td>1</td>
<td>testpages.WorkDetailsTest@3c9754d8</td></tr>
</table><p>
</body>
</html>