<?xml version="1.0" encoding="UTF-8"?>
<!-- Generated by org.testng.reporters.JUnitReportReporter -->
<testsuite hostname="DESKTOP-5G1UN2J" failures="0" tests="107" name="testpages.BillEntryGeneralTest" time="0.170" errors="1" timestamp="2025-03-04T12:32:59 IST" skipped="106">
  <testcase classname="testpages.BillEntryGeneralTest" name="openBrowser" time="0.170">
    <error message="Could not start a new session. Possible causes are invalid address of the remote server or browser start-up failure. 
Host info: host: &#039;DESKTOP-5G1UN2J&#039;, ip: &#039;192.168.0.90&#039;
Build info: version: &#039;4.29.0&#039;, revision: &#039;5fc1ec94cb&#039;
System info: os.name: &#039;Windows 11&#039;, os.arch: &#039;amd64&#039;, os.version: &#039;10.0&#039;, java.version: &#039;22.0.1&#039;
Driver info: org.openqa.selenium.chrome.ChromeDriver
Command: [null, newSession {capabilities=[Capabilities {browserName: chrome, goog:chromeOptions: {args: [], extensions: []}}]}]" type="org.openqa.selenium.SessionNotCreatedException">
      <![CDATA[org.openqa.selenium.SessionNotCreatedException: Could not start a new session. Possible causes are invalid address of the remote server or browser start-up failure. 
Host info: host: 'DESKTOP-5G1UN2J', ip: '192.168.0.90'
Build info: version: '4.29.0', revision: '5fc1ec94cb'
System info: os.name: 'Windows 11', os.arch: 'amd64', os.version: '10.0', java.version: '22.0.1'
Driver info: org.openqa.selenium.chrome.ChromeDriver
Command: [null, newSession {capabilities=[Capabilities {browserName: chrome, goog:chromeOptions: {args: [], extensions: []}}]}]
at org.openqa.selenium.remote.RemoteWebDriver.execute(RemoteWebDriver.java:563)
at org.openqa.selenium.remote.RemoteWebDriver.startSession(RemoteWebDriver.java:245)
at org.openqa.selenium.remote.RemoteWebDriver.<init>(RemoteWebDriver.java:174)
at org.openqa.selenium.chromium.ChromiumDriver.<init>(ChromiumDriver.java:110)
at org.openqa.selenium.chrome.ChromeDriver.<init>(ChromeDriver.java:88)
at org.openqa.selenium.chrome.ChromeDriver.<init>(ChromeDriver.java:83)
at org.openqa.selenium.chrome.ChromeDriver.<init>(ChromeDriver.java:51)
at baseclasses.BaseClass.initializeBrowser(BaseClass.java:22)
at testpages.BillEntryGeneralTest.openBrowser(BillEntryGeneralTest.java:21)
at java.base/jdk.internal.reflect.DirectMethodHandleAccessor.invoke(DirectMethodHandleAccessor.java:103)
at java.base/java.lang.reflect.Method.invoke(Method.java:580)
at org.testng.internal.MethodInvocationHelper.invokeMethod(MethodInvocationHelper.java:133)
at org.testng.internal.MethodInvocationHelper.invokeMethodConsideringTimeout(MethodInvocationHelper.java:62)
at org.testng.internal.ConfigInvoker.invokeConfigurationMethod(ConfigInvoker.java:385)
at org.testng.internal.ConfigInvoker.invokeConfigurations(ConfigInvoker.java:321)
at org.testng.internal.TestMethodWorker.invokeBeforeClassMethods(TestMethodWorker.java:176)
at org.testng.internal.TestMethodWorker.run(TestMethodWorker.java:122)
at java.base/java.util.ArrayList.forEach(ArrayList.java:1597)
at org.testng.TestRunner.privateRun(TestRunner.java:794)
at org.testng.TestRunner.run(TestRunner.java:596)
at org.testng.SuiteRunner.runTest(SuiteRunner.java:377)
at org.testng.SuiteRunner.runSequentially(SuiteRunner.java:371)
at org.testng.SuiteRunner.privateRun(SuiteRunner.java:332)
at org.testng.SuiteRunner.run(SuiteRunner.java:276)
at org.testng.SuiteRunnerWorker.runSuite(SuiteRunnerWorker.java:53)
at org.testng.SuiteRunnerWorker.run(SuiteRunnerWorker.java:96)
at org.testng.TestNG.runSuitesSequentially(TestNG.java:1212)
at org.testng.TestNG.runSuitesLocally(TestNG.java:1134)
at org.testng.TestNG.runSuites(TestNG.java:1063)
at org.testng.TestNG.run(TestNG.java:1031)
at org.testng.remote.AbstractRemoteTestNG.run(AbstractRemoteTestNG.java:115)
at org.testng.remote.RemoteTestNG.initAndRun(RemoteTestNG.java:293)
at org.testng.remote.RemoteTestNG.main(RemoteTestNG.java:91)
Caused by: java.lang.NoSuchMethodError: 'org.openqa.selenium.remote.http.Contents$Supplier org.openqa.selenium.remote.http.Contents.asJson(java.lang.Object)'
at org.openqa.selenium.remote.NewSessionPayload.create(NewSessionPayload.java:99)
at org.openqa.selenium.remote.NewSessionPayload.create(NewSessionPayload.java:84)
at org.openqa.selenium.remote.ProtocolHandshake.createSession(ProtocolHandshake.java:60)
at org.openqa.selenium.remote.HttpCommandExecutor.execute(HttpCommandExecutor.java:187)
at org.openqa.selenium.remote.service.DriverCommandExecutor.invokeExecute(DriverCommandExecutor.java:216)
at org.openqa.selenium.remote.service.DriverCommandExecutor.execute(DriverCommandExecutor.java:174)
at org.openqa.selenium.remote.RemoteWebDriver.execute(RemoteWebDriver.java:545)
... 32 more
]]>
    </error>
  </testcase> <!-- openBrowser -->
  <system-out/>
  <testcase classname="testpages.BillEntryGeneralTest" name="loginWithMaker" time="0.000">
    <skipped/>
  </testcase> <!-- loginWithMaker -->
  <system-out/>
  <testcase classname="testpages.BillEntryGeneralTest" name="FinancialWorkIsClickable" time="0.000">
    <skipped/>
  </testcase> <!-- FinancialWorkIsClickable -->
  <system-out/>
  <testcase classname="testpages.BillEntryGeneralTest" name="CanMovetobillcrearion" time="0.000">
    <skipped/>
  </testcase> <!-- CanMovetobillcrearion -->
  <system-out/>
  <testcase classname="testpages.BillEntryGeneralTest" name="generaalbillIsClickable" time="0.000">
    <skipped/>
  </testcase> <!-- generaalbillIsClickable -->
  <system-out/>
  <testcase classname="testpages.BillEntryGeneralTest" name="Billtypeisselectable" time="0.000">
    <skipped/>
  </testcase> <!-- Billtypeisselectable -->
  <system-out/>
  <testcase classname="testpages.BillEntryGeneralTest" name="Groupcashbookisselectable" time="0.000">
    <skipped/>
  </testcase> <!-- Groupcashbookisselectable -->
  <system-out/>
  <testcase classname="testpages.BillEntryGeneralTest" name="cashbookisselectable" time="0.000">
    <skipped/>
  </testcase> <!-- cashbookisselectable -->
  <system-out/>
  <testcase classname="testpages.BillEntryGeneralTest" name="CanenterHeadcode" time="0.000">
    <skipped/>
  </testcase> <!-- CanenterHeadcode -->
  <system-out/>
  <testcase classname="testpages.BillEntryGeneralTest" name="Headcodeisselectable" time="0.000">
    <skipped/>
  </testcase> <!-- Headcodeisselectable -->
  <system-out/>
  <testcase classname="testpages.BillEntryGeneralTest" name="beneficiaryselectionbutonisclickable" time="0.000">
    <skipped/>
  </testcase> <!-- beneficiaryselectionbutonisclickable -->
  <system-out/>
  <testcase classname="testpages.BillEntryGeneralTest" name="searchbydropdownisclickable" time="0.000">
    <skipped/>
  </testcase> <!-- searchbydropdownisclickable -->
  <system-out/>
  <testcase classname="testpages.BillEntryGeneralTest" name="canenterdocumentsdetail" time="0.000">
    <skipped/>
  </testcase> <!-- canenterdocumentsdetail -->
  <system-out/>
  <testcase classname="testpages.BillEntryGeneralTest" name="searchbuttonisclickale" time="0.000">
    <skipped/>
  </testcase> <!-- searchbuttonisclickale -->
  <system-out/>
  <testcase classname="testpages.BillEntryGeneralTest" name="clickonbuttonforselectionofbeneficary" time="0.000">
    <skipped/>
  </testcase> <!-- clickonbuttonforselectionofbeneficary -->
  <system-out/>
  <testcase classname="testpages.BillEntryGeneralTest" name="clickonbuttonforselectionofprmaandwork" time="0.000">
    <skipped/>
  </testcase> <!-- clickonbuttonforselectionofprmaandwork -->
  <system-out/>
  <testcase classname="testpages.BillEntryGeneralTest" name="newpramaisselectable" time="0.000">
    <skipped/>
  </testcase> <!-- newpramaisselectable -->
  <system-out/>
  <testcase classname="testpages.BillEntryGeneralTest" name="clickonbuttonforsearchofwork" time="0.000">
    <skipped/>
  </testcase> <!-- clickonbuttonforsearchofwork -->
  <system-out/>
  <testcase classname="testpages.BillEntryGeneralTest" name="clickonbuttonforselectionofbeneficary1" time="0.000">
    <skipped/>
  </testcase> <!-- clickonbuttonforselectionofbeneficary1 -->
  <system-out/>
  <testcase classname="testpages.BillEntryGeneralTest" name="CanenterBillamount" time="0.000">
    <skipped/>
  </testcase> <!-- CanenterBillamount -->
  <system-out/>
  <testcase classname="testpages.BillEntryGeneralTest" name="Canenterpaymenttypeamount" time="0.000">
    <skipped/>
  </testcase> <!-- Canenterpaymenttypeamount -->
  <system-out/>
  <testcase classname="testpages.BillEntryGeneralTest" name="Canenterremark" time="0.000">
    <skipped/>
  </testcase> <!-- Canenterremark -->
  <system-out/>
  <testcase classname="testpages.BillEntryGeneralTest" name="Canuploadcopy" time="0.000">
    <skipped/>
  </testcase> <!-- Canuploadcopy -->
  <system-out/>
  <testcase classname="testpages.BillEntryGeneralTest" name="uploadfileOKButtonclickable" time="0.000">
    <skipped/>
  </testcase> <!-- uploadfileOKButtonclickable -->
  <system-out/>
  <testcase classname="testpages.BillEntryGeneralTest" name="canenterdeductionamt1" time="0.000">
    <skipped/>
  </testcase> <!-- canenterdeductionamt1 -->
  <system-out/>
  <testcase classname="testpages.BillEntryGeneralTest" name="canenterdeductionamt2" time="0.000">
    <skipped/>
  </testcase> <!-- canenterdeductionamt2 -->
  <system-out/>
  <testcase classname="testpages.BillEntryGeneralTest" name="canenterdeductionamt3" time="0.000">
    <skipped/>
  </testcase> <!-- canenterdeductionamt3 -->
  <system-out/>
  <testcase classname="testpages.BillEntryGeneralTest" name="canenterdeductionamt4" time="0.000">
    <skipped/>
  </testcase> <!-- canenterdeductionamt4 -->
  <system-out/>
  <testcase classname="testpages.BillEntryGeneralTest" name="BillsaveButtonclickable" time="0.000">
    <skipped/>
  </testcase> <!-- BillsaveButtonclickable -->
  <system-out/>
  <testcase classname="testpages.BillEntryGeneralTest" name="saveyesbuttonisclickable" time="0.000">
    <skipped/>
  </testcase> <!-- saveyesbuttonisclickable -->
  <system-out/>
  <testcase classname="testpages.BillEntryGeneralTest" name="saveokbuttonisclickable" time="0.000">
    <skipped/>
  </testcase> <!-- saveokbuttonisclickable -->
  <system-out/>
  <testcase classname="testpages.BillEntryGeneralTest" name="billtypeisSelectable" time="0.000">
    <skipped/>
  </testcase> <!-- billtypeisSelectable -->
  <system-out/>
  <testcase classname="testpages.BillEntryGeneralTest" name="cansearchbillforapproval" time="0.000">
    <skipped/>
  </testcase> <!-- cansearchbillforapproval -->
  <system-out/>
  <testcase classname="testpages.BillEntryGeneralTest" name="viewslipbuttonisclickable" time="0.000">
    <skipped/>
  </testcase> <!-- viewslipbuttonisclickable -->
  <system-out/>
  <testcase classname="testpages.BillEntryGeneralTest" name="hardcopyyesbuttonisclickable" time="0.000">
    <skipped/>
  </testcase> <!-- hardcopyyesbuttonisclickable -->
  <system-out/>
  <testcase classname="testpages.BillEntryGeneralTest" name="approvebuttonisclickable" time="0.000">
    <skipped/>
  </testcase> <!-- approvebuttonisclickable -->
  <system-out/>
  <testcase classname="testpages.BillEntryGeneralTest" name="approveyesbuttonisclickable" time="0.000">
    <skipped/>
  </testcase> <!-- approveyesbuttonisclickable -->
  <system-out/>
  <testcase classname="testpages.BillEntryGeneralTest" name="backButtonisClickable" time="0.000">
    <skipped/>
  </testcase> <!-- backButtonisClickable -->
  <system-out/>
  <testcase classname="testpages.BillEntryGeneralTest" name="logoutButtonisClickable" time="0.000">
    <skipped/>
  </testcase> <!-- logoutButtonisClickable -->
  <system-out/>
  <testcase classname="testpages.BillEntryGeneralTest" name="yesforlogoutButtonisClickable" time="0.000">
    <skipped/>
  </testcase> <!-- yesforlogoutButtonisClickable -->
  <system-out/>
  <testcase classname="testpages.BillEntryGeneralTest" name="loginWithHOD" time="0.000">
    <skipped/>
  </testcase> <!-- loginWithHOD -->
  <system-out/>
  <testcase classname="testpages.BillEntryGeneralTest" name="FinancialWorkIsClickableforHOD" time="0.000">
    <skipped/>
  </testcase> <!-- FinancialWorkIsClickableforHOD -->
  <system-out/>
  <testcase classname="testpages.BillEntryGeneralTest" name="CanMovetobillacceptnace" time="0.000">
    <skipped/>
  </testcase> <!-- CanMovetobillacceptnace -->
  <system-out/>
  <testcase classname="testpages.BillEntryGeneralTest" name="billinboxIsClickable" time="0.000">
    <skipped/>
  </testcase> <!-- billinboxIsClickable -->
  <system-out/>
  <testcase classname="testpages.BillEntryGeneralTest" name="billtypeisSelectableHOD" time="0.000">
    <skipped/>
  </testcase> <!-- billtypeisSelectableHOD -->
  <system-out/>
  <testcase classname="testpages.BillEntryGeneralTest" name="cansearchbillforapprovalHOD" time="0.000">
    <skipped/>
  </testcase> <!-- cansearchbillforapprovalHOD -->
  <system-out/>
  <testcase classname="testpages.BillEntryGeneralTest" name="viewslipbuttonisclickableHOD" time="0.000">
    <skipped/>
  </testcase> <!-- viewslipbuttonisclickableHOD -->
  <system-out/>
  <testcase classname="testpages.BillEntryGeneralTest" name="hardcopyyesbuttonisclickableHOD" time="0.000">
    <skipped/>
  </testcase> <!-- hardcopyyesbuttonisclickableHOD -->
  <system-out/>
  <testcase classname="testpages.BillEntryGeneralTest" name="approvebuttonisclickableHOD" time="0.000">
    <skipped/>
  </testcase> <!-- approvebuttonisclickableHOD -->
  <system-out/>
  <testcase classname="testpages.BillEntryGeneralTest" name="approveyesbuttonisclickableHOD" time="0.000">
    <skipped/>
  </testcase> <!-- approveyesbuttonisclickableHOD -->
  <system-out/>
  <testcase classname="testpages.BillEntryGeneralTest" name="backButtonisClickableHOD" time="0.000">
    <skipped/>
  </testcase> <!-- backButtonisClickableHOD -->
  <system-out/>
  <testcase classname="testpages.BillEntryGeneralTest" name="logoutButtonisClickableHOD" time="0.000">
    <skipped/>
  </testcase> <!-- logoutButtonisClickableHOD -->
  <system-out/>
  <testcase classname="testpages.BillEntryGeneralTest" name="yesforlogoutButtonisClickableHOD" time="0.000">
    <skipped/>
  </testcase> <!-- yesforlogoutButtonisClickableHOD -->
  <system-out/>
  <testcase classname="testpages.BillEntryGeneralTest" name="loginWithdycafo" time="0.000">
    <skipped/>
  </testcase> <!-- loginWithdycafo -->
  <system-out/>
  <testcase classname="testpages.BillEntryGeneralTest" name="FinancialWorkIsClickablefordycafo" time="0.000">
    <skipped/>
  </testcase> <!-- FinancialWorkIsClickablefordycafo -->
  <system-out/>
  <testcase classname="testpages.BillEntryGeneralTest" name="CanMovetobillacceptnacefordycafo" time="0.000">
    <skipped/>
  </testcase> <!-- CanMovetobillacceptnacefordycafo -->
  <system-out/>
  <testcase classname="testpages.BillEntryGeneralTest" name="billinboxIsClickablefordycafo" time="0.000">
    <skipped/>
  </testcase> <!-- billinboxIsClickablefordycafo -->
  <system-out/>
  <testcase classname="testpages.BillEntryGeneralTest" name="billtypeisSelectablefordycafo" time="0.000">
    <skipped/>
  </testcase> <!-- billtypeisSelectablefordycafo -->
  <system-out/>
  <testcase classname="testpages.BillEntryGeneralTest" name="cansearchbillforapprovalfordycafo" time="0.000">
    <skipped/>
  </testcase> <!-- cansearchbillforapprovalfordycafo -->
  <system-out/>
  <testcase classname="testpages.BillEntryGeneralTest" name="viewslipbuttonisclickablefordycafo" time="0.000">
    <skipped/>
  </testcase> <!-- viewslipbuttonisclickablefordycafo -->
  <system-out/>
  <testcase classname="testpages.BillEntryGeneralTest" name="hardcopyyesbuttonisclickablefordycafo" time="0.000">
    <skipped/>
  </testcase> <!-- hardcopyyesbuttonisclickablefordycafo -->
  <system-out/>
  <testcase classname="testpages.BillEntryGeneralTest" name="approvebuttonisclickablefordycafo" time="0.000">
    <skipped/>
  </testcase> <!-- approvebuttonisclickablefordycafo -->
  <system-out/>
  <testcase classname="testpages.BillEntryGeneralTest" name="approveyesbuttonisclickablefordycafo" time="0.000">
    <skipped/>
  </testcase> <!-- approveyesbuttonisclickablefordycafo -->
  <system-out/>
  <testcase classname="testpages.BillEntryGeneralTest" name="backButtonisClickablefordycafo" time="0.000">
    <skipped/>
  </testcase> <!-- backButtonisClickablefordycafo -->
  <system-out/>
  <testcase classname="testpages.BillEntryGeneralTest" name="logoutButtonisClickablefordycafo" time="0.000">
    <skipped/>
  </testcase> <!-- logoutButtonisClickablefordycafo -->
  <system-out/>
  <testcase classname="testpages.BillEntryGeneralTest" name="yesforlogoutButtonisClickablefordycafo" time="0.000">
    <skipped/>
  </testcase> <!-- yesforlogoutButtonisClickablefordycafo -->
  <system-out/>
  <testcase classname="testpages.BillEntryGeneralTest" name="loginWithcashier" time="0.000">
    <skipped/>
  </testcase> <!-- loginWithcashier -->
  <system-out/>
  <testcase classname="testpages.BillEntryGeneralTest" name="FinancialWorkIsClickableforcashier" time="0.000">
    <skipped/>
  </testcase> <!-- FinancialWorkIsClickableforcashier -->
  <system-out/>
  <testcase classname="testpages.BillEntryGeneralTest" name="CanMovetobillacceptnaceforcashier" time="0.000">
    <skipped/>
  </testcase> <!-- CanMovetobillacceptnaceforcashier -->
  <system-out/>
  <testcase classname="testpages.BillEntryGeneralTest" name="billinboxIsClickableforcashier" time="0.000">
    <skipped/>
  </testcase> <!-- billinboxIsClickableforcashier -->
  <system-out/>
  <testcase classname="testpages.BillEntryGeneralTest" name="billtypeisSelectableforcashier" time="0.000">
    <skipped/>
  </testcase> <!-- billtypeisSelectableforcashier -->
  <system-out/>
  <testcase classname="testpages.BillEntryGeneralTest" name="cansearchbillforapprovalforcashier" time="0.000">
    <skipped/>
  </testcase> <!-- cansearchbillforapprovalforcashier -->
  <system-out/>
  <testcase classname="testpages.BillEntryGeneralTest" name="viewslipbuttonisclickableforcashier" time="0.000">
    <skipped/>
  </testcase> <!-- viewslipbuttonisclickableforcashier -->
  <system-out/>
  <testcase classname="testpages.BillEntryGeneralTest" name="hardcopyyesbuttonisclickableforcashier" time="0.000">
    <skipped/>
  </testcase> <!-- hardcopyyesbuttonisclickableforcashier -->
  <system-out/>
  <testcase classname="testpages.BillEntryGeneralTest" name="approvebuttonisclickableforcashier" time="0.000">
    <skipped/>
  </testcase> <!-- approvebuttonisclickableforcashier -->
  <system-out/>
  <testcase classname="testpages.BillEntryGeneralTest" name="approveyesbuttonisclickableforcashier" time="0.000">
    <skipped/>
  </testcase> <!-- approveyesbuttonisclickableforcashier -->
  <system-out/>
  <testcase classname="testpages.BillEntryGeneralTest" name="backButtonisClickableforcashier" time="0.000">
    <skipped/>
  </testcase> <!-- backButtonisClickableforcashier -->
  <system-out/>
  <testcase classname="testpages.BillEntryGeneralTest" name="FinancialWorkIsClickableforInvoice" time="0.000">
    <skipped/>
  </testcase> <!-- FinancialWorkIsClickableforInvoice -->
  <system-out/>
  <testcase classname="testpages.BillEntryGeneralTest" name="InvoicegenerationmenuIsClickable" time="0.000">
    <skipped/>
  </testcase> <!-- InvoicegenerationmenuIsClickable -->
  <system-out/>
  <testcase classname="testpages.BillEntryGeneralTest" name="OKIsClickable" time="0.000">
    <skipped/>
  </testcase> <!-- OKIsClickable -->
  <system-out/>
  <testcase classname="testpages.BillEntryGeneralTest" name="GroupCashbookdropdownIsselectable" time="0.000">
    <skipped/>
  </testcase> <!-- GroupCashbookdropdownIsselectable -->
  <system-out/>
  <testcase classname="testpages.BillEntryGeneralTest" name="CashbookdropdownIsselectable" time="0.000">
    <skipped/>
  </testcase> <!-- CashbookdropdownIsselectable -->
  <system-out/>
  <testcase classname="testpages.BillEntryGeneralTest" name="designationdropdownIsselectable" time="0.000">
    <skipped/>
  </testcase> <!-- designationdropdownIsselectable -->
  <system-out/>
  <testcase classname="testpages.BillEntryGeneralTest" name="cansearchInvoicebillforapprovalfordycafo" time="0.000">
    <skipped/>
  </testcase> <!-- cansearchInvoicebillforapprovalfordycafo -->
  <system-out/>
  <testcase classname="testpages.BillEntryGeneralTest" name="canselectbillsforinforinvoicegenration" time="0.000">
    <skipped/>
  </testcase> <!-- canselectbillsforinforinvoicegenration -->
  <system-out/>
  <testcase classname="testpages.BillEntryGeneralTest" name="clickongenerateinvoiceforinvoicegenration" time="0.000">
    <skipped/>
  </testcase> <!-- clickongenerateinvoiceforinvoicegenration -->
  <system-out/>
  <testcase classname="testpages.BillEntryGeneralTest" name="clickonyesforinvoicegenration" time="0.000">
    <skipped/>
  </testcase> <!-- clickonyesforinvoicegenration -->
  <system-out/>
  <testcase classname="testpages.BillEntryGeneralTest" name="okbuttonisclickableforinvoicegenration" time="0.000">
    <skipped/>
  </testcase> <!-- okbuttonisclickableforinvoicegenration -->
  <system-out/>
  <testcase classname="testpages.BillEntryGeneralTest" name="backbuttonisclickableforinvoicegenration" time="0.000">
    <skipped/>
  </testcase> <!-- backbuttonisclickableforinvoicegenration -->
  <system-out/>
  <testcase classname="testpages.BillEntryGeneralTest" name="logoutButtonisClickableforcashier" time="0.000">
    <skipped/>
  </testcase> <!-- logoutButtonisClickableforcashier -->
  <system-out/>
  <testcase classname="testpages.BillEntryGeneralTest" name="yesforlogoutButtonisClickableforcashier" time="0.000">
    <skipped/>
  </testcase> <!-- yesforlogoutButtonisClickableforcashier -->
  <system-out/>
  <testcase classname="testpages.BillEntryGeneralTest" name="loginWithdycafoforfinalpayment" time="0.000">
    <skipped/>
  </testcase> <!-- loginWithdycafoforfinalpayment -->
  <system-out/>
  <testcase classname="testpages.BillEntryGeneralTest" name="mastermenubuttonisclickableforfinalpayment" time="0.000">
    <skipped/>
  </testcase> <!-- mastermenubuttonisclickableforfinalpayment -->
  <system-out/>
  <testcase classname="testpages.BillEntryGeneralTest" name="FinalPaymentapprovalmenubuttonisclickableforfinalpayment" time="0.000">
    <skipped/>
  </testcase> <!-- FinalPaymentapprovalmenubuttonisclickableforfinalpayment -->
  <system-out/>
  <testcase classname="testpages.BillEntryGeneralTest" name="cansearchInvoiceforfinalpaymentapproval" time="0.000">
    <skipped/>
  </testcase> <!-- cansearchInvoiceforfinalpaymentapproval -->
  <system-out/>
  <testcase classname="testpages.BillEntryGeneralTest" name="viewslipbuttonisclickableforinvoice" time="0.000">
    <skipped/>
  </testcase> <!-- viewslipbuttonisclickableforinvoice -->
  <system-out/>
  <testcase classname="testpages.BillEntryGeneralTest" name="FinalPaymentapprovalbuttonisclickableforfinalpayment" time="0.000">
    <skipped/>
  </testcase> <!-- FinalPaymentapprovalbuttonisclickableforfinalpayment -->
  <system-out/>
  <testcase classname="testpages.BillEntryGeneralTest" name="FinalPaymentapprovalyesbuttonisclickableforfinalpayment" time="0.000">
    <skipped/>
  </testcase> <!-- FinalPaymentapprovalyesbuttonisclickableforfinalpayment -->
  <system-out/>
  <testcase classname="testpages.BillEntryGeneralTest" name="FinalPaymentapprovalokbuttonisclickableforfinalpayment" time="0.000">
    <skipped/>
  </testcase> <!-- FinalPaymentapprovalokbuttonisclickableforfinalpayment -->
  <system-out/>
  <testcase classname="testpages.BillEntryGeneralTest" name="backButtonisClickablefordycafo1" time="0.000">
    <skipped/>
  </testcase> <!-- backButtonisClickablefordycafo1 -->
  <system-out/>
  <testcase classname="testpages.BillEntryGeneralTest" name="backButtonisClickablefordycafo2" time="0.000">
    <skipped/>
  </testcase> <!-- backButtonisClickablefordycafo2 -->
  <system-out/>
  <testcase classname="testpages.BillEntryGeneralTest" name="logoutButtonisClickablefordycafo1" time="0.000">
    <skipped/>
  </testcase> <!-- logoutButtonisClickablefordycafo1 -->
  <system-out/>
  <testcase classname="testpages.BillEntryGeneralTest" name="yesforlogoutButtonisClickablefordycafo1" time="0.000">
    <skipped/>
  </testcase> <!-- yesforlogoutButtonisClickablefordycafo1 -->
  <system-out/>
  <testcase classname="testpages.BillEntryGeneralTest" name="massslipisclickablefordycafo">
    <skipped/>
  </testcase> <!-- massslipisclickablefordycafo -->
  <system-out/>
  <testcase classname="testpages.BillEntryGeneralTest" name="massslipisclickableforcashier">
    <skipped/>
  </testcase> <!-- massslipisclickableforcashier -->
  <system-out/>
  <testcase classname="testpages.BillEntryGeneralTest" name="massslipisclickable">
    <skipped/>
  </testcase> <!-- massslipisclickable -->
  <system-out/>
  <testcase classname="testpages.BillEntryGeneralTest" name="massslipisclickableHOD">
    <skipped/>
  </testcase> <!-- massslipisclickableHOD -->
  <system-out/>
</testsuite> <!-- testpages.BillEntryGeneralTest -->
