<?xml version="1.0" encoding="UTF-8"?>
<!-- Generated by org.testng.reporters.JUnitReportReporter -->
<testsuite hostname="DESKTOP-5G1UN2J" failures="0" tests="34" name="testpages.TreasuryReceiptTest" time="0.699" errors="1" timestamp="2025-03-04T12:32:59 IST" skipped="33">
  <testcase classname="testpages.TreasuryReceiptTest" name="openBrowser" time="0.699">
    <error message="Could not start a new session. Possible causes are invalid address of the remote server or browser start-up failure. 
Host info: host: &#039;DESKTOP-5G1UN2J&#039;, ip: &#039;192.168.0.90&#039;
Build info: version: &#039;4.29.0&#039;, revision: &#039;5fc1ec94cb&#039;
System info: os.name: &#039;Windows 11&#039;, os.arch: &#039;amd64&#039;, os.version: &#039;10.0&#039;, java.version: &#039;22.0.1&#039;
Driver info: org.openqa.selenium.chrome.ChromeDriver
Command: [null, newSession {capabilities=[Capabilities {browserName: chrome, goog:chromeOptions: {args: [], extensions: []}}]}]" type="org.openqa.selenium.SessionNotCreatedException">
      <![CDATA[org.openqa.selenium.SessionNotCreatedException: Could not start a new session. Possible causes are invalid address of the remote server or browser start-up failure. 
Host info: host: 'DESKTOP-5G1UN2J', ip: '192.168.0.90'
Build info: version: '4.29.0', revision: '5fc1ec94cb'
System info: os.name: 'Windows 11', os.arch: 'amd64', os.version: '10.0', java.version: '22.0.1'
Driver info: org.openqa.selenium.chrome.ChromeDriver
Command: [null, newSession {capabilities=[Capabilities {browserName: chrome, goog:chromeOptions: {args: [], extensions: []}}]}]
at org.openqa.selenium.remote.RemoteWebDriver.execute(RemoteWebDriver.java:563)
at org.openqa.selenium.remote.RemoteWebDriver.startSession(RemoteWebDriver.java:245)
at org.openqa.selenium.remote.RemoteWebDriver.<init>(RemoteWebDriver.java:174)
at org.openqa.selenium.chromium.ChromiumDriver.<init>(ChromiumDriver.java:110)
at org.openqa.selenium.chrome.ChromeDriver.<init>(ChromeDriver.java:88)
at org.openqa.selenium.chrome.ChromeDriver.<init>(ChromeDriver.java:83)
at org.openqa.selenium.chrome.ChromeDriver.<init>(ChromeDriver.java:51)
at baseclasses.BaseClass.initializeBrowser(BaseClass.java:22)
at testpages.TreasuryReceiptTest.openBrowser(TreasuryReceiptTest.java:21)
at java.base/jdk.internal.reflect.DirectMethodHandleAccessor.invoke(DirectMethodHandleAccessor.java:103)
at java.base/java.lang.reflect.Method.invoke(Method.java:580)
at org.testng.internal.MethodInvocationHelper.invokeMethod(MethodInvocationHelper.java:133)
at org.testng.internal.MethodInvocationHelper.invokeMethodConsideringTimeout(MethodInvocationHelper.java:62)
at org.testng.internal.ConfigInvoker.invokeConfigurationMethod(ConfigInvoker.java:385)
at org.testng.internal.ConfigInvoker.invokeConfigurations(ConfigInvoker.java:321)
at org.testng.internal.TestMethodWorker.invokeBeforeClassMethods(TestMethodWorker.java:176)
at org.testng.internal.TestMethodWorker.run(TestMethodWorker.java:122)
at java.base/java.util.ArrayList.forEach(ArrayList.java:1597)
at org.testng.TestRunner.privateRun(TestRunner.java:794)
at org.testng.TestRunner.run(TestRunner.java:596)
at org.testng.SuiteRunner.runTest(SuiteRunner.java:377)
at org.testng.SuiteRunner.runSequentially(SuiteRunner.java:371)
at org.testng.SuiteRunner.privateRun(SuiteRunner.java:332)
at org.testng.SuiteRunner.run(SuiteRunner.java:276)
at org.testng.SuiteRunnerWorker.runSuite(SuiteRunnerWorker.java:53)
at org.testng.SuiteRunnerWorker.run(SuiteRunnerWorker.java:96)
at org.testng.TestNG.runSuitesSequentially(TestNG.java:1212)
at org.testng.TestNG.runSuitesLocally(TestNG.java:1134)
at org.testng.TestNG.runSuites(TestNG.java:1063)
at org.testng.TestNG.run(TestNG.java:1031)
at org.testng.remote.AbstractRemoteTestNG.run(AbstractRemoteTestNG.java:115)
at org.testng.remote.RemoteTestNG.initAndRun(RemoteTestNG.java:293)
at org.testng.remote.RemoteTestNG.main(RemoteTestNG.java:91)
Caused by: java.lang.NoSuchMethodError: 'org.openqa.selenium.remote.http.Contents$Supplier org.openqa.selenium.remote.http.Contents.asJson(java.lang.Object)'
at org.openqa.selenium.remote.NewSessionPayload.create(NewSessionPayload.java:99)
at org.openqa.selenium.remote.NewSessionPayload.create(NewSessionPayload.java:84)
at org.openqa.selenium.remote.ProtocolHandshake.createSession(ProtocolHandshake.java:60)
at org.openqa.selenium.remote.HttpCommandExecutor.execute(HttpCommandExecutor.java:187)
at org.openqa.selenium.remote.service.DriverCommandExecutor.invokeExecute(DriverCommandExecutor.java:216)
at org.openqa.selenium.remote.service.DriverCommandExecutor.execute(DriverCommandExecutor.java:174)
at org.openqa.selenium.remote.RemoteWebDriver.execute(RemoteWebDriver.java:545)
... 32 more
]]>
    </error>
  </testcase> <!-- openBrowser -->
  <system-out/>
  <testcase classname="testpages.TreasuryReceiptTest" name="loginWithCashier" time="0.000">
    <skipped/>
  </testcase> <!-- loginWithCashier -->
  <system-out/>
  <testcase classname="testpages.TreasuryReceiptTest" name="FinancialWorkIsClickable" time="0.000">
    <skipped/>
  </testcase> <!-- FinancialWorkIsClickable -->
  <system-out/>
  <testcase classname="testpages.TreasuryReceiptTest" name="namuna13Entryisclicakbale" time="0.000">
    <skipped/>
  </testcase> <!-- namuna13Entryisclicakbale -->
  <system-out/>
  <testcase classname="testpages.TreasuryReceiptTest" name="FYYearisselectable" time="0.000">
    <skipped/>
  </testcase> <!-- FYYearisselectable -->
  <system-out/>
  <testcase classname="testpages.TreasuryReceiptTest" name="entrytypeselectable" time="0.000">
    <skipped/>
  </testcase> <!-- entrytypeselectable -->
  <system-out/>
  <testcase classname="testpages.TreasuryReceiptTest" name="groupcashbookisselectable" time="0.000">
    <skipped/>
  </testcase> <!-- groupcashbookisselectable -->
  <system-out/>
  <testcase classname="testpages.TreasuryReceiptTest" name="cashbookisselectable" time="0.000">
    <skipped/>
  </testcase> <!-- cashbookisselectable -->
  <system-out/>
  <testcase classname="testpages.TreasuryReceiptTest" name="chllandatecanenter" time="0.000">
    <skipped/>
  </testcase> <!-- chllandatecanenter -->
  <system-out/>
  <testcase classname="testpages.TreasuryReceiptTest" name="chllannumbercanenter" time="0.000">
    <skipped/>
  </testcase> <!-- chllannumbercanenter -->
  <system-out/>
  <testcase classname="testpages.TreasuryReceiptTest" name="RTGSDDnumbercanenter" time="0.000">
    <skipped/>
  </testcase> <!-- RTGSDDnumbercanenter -->
  <system-out/>
  <testcase classname="testpages.TreasuryReceiptTest" name="DepartmentcanSelect" time="0.000">
    <skipped/>
  </testcase> <!-- DepartmentcanSelect -->
  <system-out/>
  <testcase classname="testpages.TreasuryReceiptTest" name="HeadcodecanSelect" time="0.000">
    <skipped/>
  </testcase> <!-- HeadcodecanSelect -->
  <system-out/>
  <testcase classname="testpages.TreasuryReceiptTest" name="HeadcodecanSelectbyscrolling" time="0.000">
    <skipped/>
  </testcase> <!-- HeadcodecanSelectbyscrolling -->
  <system-out/>
  <testcase classname="testpages.TreasuryReceiptTest" name="HeadcodecanSelectbyselect" time="0.000">
    <skipped/>
  </testcase> <!-- HeadcodecanSelectbyselect -->
  <system-out/>
  <testcase classname="testpages.TreasuryReceiptTest" name="Reeiptamountcanenter" time="0.000">
    <skipped/>
  </testcase> <!-- Reeiptamountcanenter -->
  <system-out/>
  <testcase classname="testpages.TreasuryReceiptTest" name="canselectapprovedby" time="0.000">
    <skipped/>
  </testcase> <!-- canselectapprovedby -->
  <system-out/>
  <testcase classname="testpages.TreasuryReceiptTest" name="enterdetailsforReceipt" time="0.000">
    <skipped/>
  </testcase> <!-- enterdetailsforReceipt -->
  <system-out/>
  <testcase classname="testpages.TreasuryReceiptTest" name="SaveButtonisClickable" time="0.000">
    <skipped/>
  </testcase> <!-- SaveButtonisClickable -->
  <system-out/>
  <testcase classname="testpages.TreasuryReceiptTest" name="YesButtonisClickable" time="0.000">
    <skipped/>
  </testcase> <!-- YesButtonisClickable -->
  <system-out/>
  <testcase classname="testpages.TreasuryReceiptTest" name="OKButtonisClickable" time="0.000">
    <skipped/>
  </testcase> <!-- OKButtonisClickable -->
  <system-out/>
  <testcase classname="testpages.TreasuryReceiptTest" name="backButtonisClickable" time="0.000">
    <skipped/>
  </testcase> <!-- backButtonisClickable -->
  <system-out/>
  <testcase classname="testpages.TreasuryReceiptTest" name="logoutButtonisClickable" time="0.000">
    <skipped/>
  </testcase> <!-- logoutButtonisClickable -->
  <system-out/>
  <testcase classname="testpages.TreasuryReceiptTest" name="yesforlogoutButtonisClickable" time="0.000">
    <skipped/>
  </testcase> <!-- yesforlogoutButtonisClickable -->
  <system-out/>
  <testcase classname="testpages.TreasuryReceiptTest" name="loginWithDycafo" time="0.000">
    <skipped/>
  </testcase> <!-- loginWithDycafo -->
  <system-out/>
  <testcase classname="testpages.TreasuryReceiptTest" name="mastermenutabisClickable" time="0.000">
    <skipped/>
  </testcase> <!-- mastermenutabisClickable -->
  <system-out/>
  <testcase classname="testpages.TreasuryReceiptTest" name="treasuryapprovalsubmenuisClickable" time="0.000">
    <skipped/>
  </testcase> <!-- treasuryapprovalsubmenuisClickable -->
  <system-out/>
  <testcase classname="testpages.TreasuryReceiptTest" name="Checkboxisclickable" time="0.000">
    <skipped/>
  </testcase> <!-- Checkboxisclickable -->
  <system-out/>
  <testcase classname="testpages.TreasuryReceiptTest" name="Approvebuttonisclickable" time="0.000">
    <skipped/>
  </testcase> <!-- Approvebuttonisclickable -->
  <system-out/>
  <testcase classname="testpages.TreasuryReceiptTest" name="yesbuttonisclickable" time="0.000">
    <skipped/>
  </testcase> <!-- yesbuttonisclickable -->
  <system-out/>
  <testcase classname="testpages.TreasuryReceiptTest" name="okbuttonisclickable" time="0.000">
    <skipped/>
  </testcase> <!-- okbuttonisclickable -->
  <system-out/>
  <testcase classname="testpages.TreasuryReceiptTest" name="backButtonisClickable1" time="0.000">
    <skipped/>
  </testcase> <!-- backButtonisClickable1 -->
  <system-out/>
  <testcase classname="testpages.TreasuryReceiptTest" name="logoutButtonisClickable1" time="0.000">
    <skipped/>
  </testcase> <!-- logoutButtonisClickable1 -->
  <system-out/>
  <testcase classname="testpages.TreasuryReceiptTest" name="yesforlogoutButtonisClickable1" time="0.000">
    <skipped/>
  </testcase> <!-- yesforlogoutButtonisClickable1 -->
  <system-out/>
</testsuite> <!-- testpages.TreasuryReceiptTest -->
