<?xml version="1.0" encoding="UTF-8"?>
<!-- Generated by org.testng.reporters.JUnitReportReporter -->
<testsuite hostname="DESKTOP-5G1UN2J" failures="0" tests="39" name="testpages.DeductionMappingTest" time="0.133" errors="1" timestamp="2025-03-04T12:32:59 IST" skipped="38">
  <testcase classname="testpages.DeductionMappingTest" name="openBrowser" time="0.133">
    <error message="Could not start a new session. Possible causes are invalid address of the remote server or browser start-up failure. 
Host info: host: &#039;DESKTOP-5G1UN2J&#039;, ip: &#039;192.168.0.90&#039;
Build info: version: &#039;4.29.0&#039;, revision: &#039;5fc1ec94cb&#039;
System info: os.name: &#039;Windows 11&#039;, os.arch: &#039;amd64&#039;, os.version: &#039;10.0&#039;, java.version: &#039;22.0.1&#039;
Driver info: org.openqa.selenium.chrome.ChromeDriver
Command: [null, newSession {capabilities=[Capabilities {browserName: chrome, goog:chromeOptions: {args: [], extensions: []}}]}]" type="org.openqa.selenium.SessionNotCreatedException">
      <![CDATA[org.openqa.selenium.SessionNotCreatedException: Could not start a new session. Possible causes are invalid address of the remote server or browser start-up failure. 
Host info: host: 'DESKTOP-5G1UN2J', ip: '192.168.0.90'
Build info: version: '4.29.0', revision: '5fc1ec94cb'
System info: os.name: 'Windows 11', os.arch: 'amd64', os.version: '10.0', java.version: '22.0.1'
Driver info: org.openqa.selenium.chrome.ChromeDriver
Command: [null, newSession {capabilities=[Capabilities {browserName: chrome, goog:chromeOptions: {args: [], extensions: []}}]}]
at org.openqa.selenium.remote.RemoteWebDriver.execute(RemoteWebDriver.java:563)
at org.openqa.selenium.remote.RemoteWebDriver.startSession(RemoteWebDriver.java:245)
at org.openqa.selenium.remote.RemoteWebDriver.<init>(RemoteWebDriver.java:174)
at org.openqa.selenium.chromium.ChromiumDriver.<init>(ChromiumDriver.java:110)
at org.openqa.selenium.chrome.ChromeDriver.<init>(ChromeDriver.java:88)
at org.openqa.selenium.chrome.ChromeDriver.<init>(ChromeDriver.java:83)
at org.openqa.selenium.chrome.ChromeDriver.<init>(ChromeDriver.java:51)
at baseclasses.BaseClass.initializeBrowser(BaseClass.java:22)
at testpages.DeductionMappingTest.openBrowser(DeductionMappingTest.java:23)
at java.base/jdk.internal.reflect.DirectMethodHandleAccessor.invoke(DirectMethodHandleAccessor.java:103)
at java.base/java.lang.reflect.Method.invoke(Method.java:580)
at org.testng.internal.MethodInvocationHelper.invokeMethod(MethodInvocationHelper.java:133)
at org.testng.internal.MethodInvocationHelper.invokeMethodConsideringTimeout(MethodInvocationHelper.java:62)
at org.testng.internal.ConfigInvoker.invokeConfigurationMethod(ConfigInvoker.java:385)
at org.testng.internal.ConfigInvoker.invokeConfigurations(ConfigInvoker.java:321)
at org.testng.internal.TestMethodWorker.invokeBeforeClassMethods(TestMethodWorker.java:176)
at org.testng.internal.TestMethodWorker.run(TestMethodWorker.java:122)
at java.base/java.util.ArrayList.forEach(ArrayList.java:1597)
at org.testng.TestRunner.privateRun(TestRunner.java:794)
at org.testng.TestRunner.run(TestRunner.java:596)
at org.testng.SuiteRunner.runTest(SuiteRunner.java:377)
at org.testng.SuiteRunner.runSequentially(SuiteRunner.java:371)
at org.testng.SuiteRunner.privateRun(SuiteRunner.java:332)
at org.testng.SuiteRunner.run(SuiteRunner.java:276)
at org.testng.SuiteRunnerWorker.runSuite(SuiteRunnerWorker.java:53)
at org.testng.SuiteRunnerWorker.run(SuiteRunnerWorker.java:96)
at org.testng.TestNG.runSuitesSequentially(TestNG.java:1212)
at org.testng.TestNG.runSuitesLocally(TestNG.java:1134)
at org.testng.TestNG.runSuites(TestNG.java:1063)
at org.testng.TestNG.run(TestNG.java:1031)
at org.testng.remote.AbstractRemoteTestNG.run(AbstractRemoteTestNG.java:115)
at org.testng.remote.RemoteTestNG.initAndRun(RemoteTestNG.java:293)
at org.testng.remote.RemoteTestNG.main(RemoteTestNG.java:91)
Caused by: java.lang.NoSuchMethodError: 'org.openqa.selenium.remote.http.Contents$Supplier org.openqa.selenium.remote.http.Contents.asJson(java.lang.Object)'
at org.openqa.selenium.remote.NewSessionPayload.create(NewSessionPayload.java:99)
at org.openqa.selenium.remote.NewSessionPayload.create(NewSessionPayload.java:84)
at org.openqa.selenium.remote.ProtocolHandshake.createSession(ProtocolHandshake.java:60)
at org.openqa.selenium.remote.HttpCommandExecutor.execute(HttpCommandExecutor.java:187)
at org.openqa.selenium.remote.service.DriverCommandExecutor.invokeExecute(DriverCommandExecutor.java:216)
at org.openqa.selenium.remote.service.DriverCommandExecutor.execute(DriverCommandExecutor.java:174)
at org.openqa.selenium.remote.RemoteWebDriver.execute(RemoteWebDriver.java:545)
... 32 more
]]>
    </error>
  </testcase> <!-- openBrowser -->
  <system-out/>
  <testcase classname="testpages.DeductionMappingTest" name="loginWithMaker" time="0.000">
    <skipped/>
  </testcase> <!-- loginWithMaker -->
  <system-out/>
  <testcase classname="testpages.DeductionMappingTest" name="MasterMenuisClickable" time="0.000">
    <skipped/>
  </testcase> <!-- MasterMenuisClickable -->
  <system-out/>
  <testcase classname="testpages.DeductionMappingTest" name="deductionmappingmenuisClickable" time="0.000">
    <skipped/>
  </testcase> <!-- deductionmappingmenuisClickable -->
  <system-out/>
  <testcase classname="testpages.DeductionMappingTest" name="Biitypeisslecatble" time="0.000">
    <skipped/>
  </testcase> <!-- Biitypeisslecatble -->
  <system-out/>
  <testcase classname="testpages.DeductionMappingTest" name="adddetailsforsurchargeaccpayee" time="0.000">
    <skipped/>
  </testcase> <!-- adddetailsforsurchargeaccpayee -->
  <system-out/>
  <testcase classname="testpages.DeductionMappingTest" name="canadddetailsforbnkname" time="0.000">
    <skipped/>
  </testcase> <!-- canadddetailsforbnkname -->
  <system-out/>
  <testcase classname="testpages.DeductionMappingTest" name="Brnachnameisacceptable" time="0.000">
    <skipped/>
  </testcase> <!-- Brnachnameisacceptable -->
  <system-out/>
  <testcase classname="testpages.DeductionMappingTest" name="canaddaccountnumber" time="0.000">
    <skipped/>
  </testcase> <!-- canaddaccountnumber -->
  <system-out/>
  <testcase classname="testpages.DeductionMappingTest" name="TextfieldacceptIFSCCode" time="0.000">
    <skipped/>
  </testcase> <!-- TextfieldacceptIFSCCode -->
  <system-out/>
  <testcase classname="testpages.DeductionMappingTest" name="TextfieldacceptMICRCode" time="0.000">
    <skipped/>
  </testcase> <!-- TextfieldacceptMICRCode -->
  <system-out/>
  <testcase classname="testpages.DeductionMappingTest" name="Textfieldacceptaddress" time="0.000">
    <skipped/>
  </testcase> <!-- Textfieldacceptaddress -->
  <system-out/>
  <testcase classname="testpages.DeductionMappingTest" name="CanEnterPlacedetails" time="0.000">
    <skipped/>
  </testcase> <!-- CanEnterPlacedetails -->
  <system-out/>
  <testcase classname="testpages.DeductionMappingTest" name="Textfieldacceptdistrict" time="0.000">
    <skipped/>
  </testcase> <!-- Textfieldacceptdistrict -->
  <system-out/>
  <testcase classname="testpages.DeductionMappingTest" name="Canadddetailsforsaletaxaccpayee" time="0.000">
    <skipped/>
  </testcase> <!-- Canadddetailsforsaletaxaccpayee -->
  <system-out/>
  <testcase classname="testpages.DeductionMappingTest" name="canadddetailsforsaletaxBankname" time="0.000">
    <skipped/>
  </testcase> <!-- canadddetailsforsaletaxBankname -->
  <system-out/>
  <testcase classname="testpages.DeductionMappingTest" name="Brnachnameisacceptableforsaletax" time="0.000">
    <skipped/>
  </testcase> <!-- Brnachnameisacceptableforsaletax -->
  <system-out/>
  <testcase classname="testpages.DeductionMappingTest" name="canaddsaletaxaccountnumber" time="0.000">
    <skipped/>
  </testcase> <!-- canaddsaletaxaccountnumber -->
  <system-out/>
  <testcase classname="testpages.DeductionMappingTest" name="canaddTextfieldacceptIFSCCode" time="0.000">
    <skipped/>
  </testcase> <!-- canaddTextfieldacceptIFSCCode -->
  <system-out/>
  <testcase classname="testpages.DeductionMappingTest" name="canaddTextfieldsaletaxMICR" time="0.000">
    <skipped/>
  </testcase> <!-- canaddTextfieldsaletaxMICR -->
  <system-out/>
  <testcase classname="testpages.DeductionMappingTest" name="Textfieldacceptandcanentertheaddressfordsaletax" time="0.000">
    <skipped/>
  </testcase> <!-- Textfieldacceptandcanentertheaddressfordsaletax -->
  <system-out/>
  <testcase classname="testpages.DeductionMappingTest" name="CanEnterPlacedetailsfosaletax" time="0.000">
    <skipped/>
  </testcase> <!-- CanEnterPlacedetailsfosaletax -->
  <system-out/>
  <testcase classname="testpages.DeductionMappingTest" name="Textfieldacceptsaletaxdistrict" time="0.000">
    <skipped/>
  </testcase> <!-- Textfieldacceptsaletaxdistrict -->
  <system-out/>
  <testcase classname="testpages.DeductionMappingTest" name="Savebuttonisclickable" time="0.000">
    <skipped/>
  </testcase> <!-- Savebuttonisclickable -->
  <system-out/>
  <testcase classname="testpages.DeductionMappingTest" name="yesbuttonisclickable" time="0.000">
    <skipped/>
  </testcase> <!-- yesbuttonisclickable -->
  <system-out/>
  <testcase classname="testpages.DeductionMappingTest" name="printbuttonisclickable" time="0.000">
    <skipped/>
  </testcase> <!-- printbuttonisclickable -->
  <system-out/>
  <testcase classname="testpages.DeductionMappingTest" name="Backbuttonisclickable" time="0.000">
    <skipped/>
  </testcase> <!-- Backbuttonisclickable -->
  <system-out/>
  <testcase classname="testpages.DeductionMappingTest" name="logoutbuttonisclickable" time="0.000">
    <skipped/>
  </testcase> <!-- logoutbuttonisclickable -->
  <system-out/>
  <testcase classname="testpages.DeductionMappingTest" name="yesbuttonclickableforlogout" time="0.000">
    <skipped/>
  </testcase> <!-- yesbuttonclickableforlogout -->
  <system-out/>
  <testcase classname="testpages.DeductionMappingTest" name="loginWithHOD" time="0.000">
    <skipped/>
  </testcase> <!-- loginWithHOD -->
  <system-out/>
  <testcase classname="testpages.DeductionMappingTest" name="MasterMenuisClickableforHOD" time="0.000">
    <skipped/>
  </testcase> <!-- MasterMenuisClickableforHOD -->
  <system-out/>
  <testcase classname="testpages.DeductionMappingTest" name="ductionapprovalmenumenuIsClickable" time="0.000">
    <skipped/>
  </testcase> <!-- ductionapprovalmenumenuIsClickable -->
  <system-out/>
  <testcase classname="testpages.DeductionMappingTest" name="Checkboxisclickable" time="0.000">
    <skipped/>
  </testcase> <!-- Checkboxisclickable -->
  <system-out/>
  <testcase classname="testpages.DeductionMappingTest" name="Approvebuttonisclickable" time="0.000">
    <skipped/>
  </testcase> <!-- Approvebuttonisclickable -->
  <system-out/>
  <testcase classname="testpages.DeductionMappingTest" name="yesbuttonisclickableforHOD" time="0.000">
    <skipped/>
  </testcase> <!-- yesbuttonisclickableforHOD -->
  <system-out/>
  <testcase classname="testpages.DeductionMappingTest" name="okbuttonisclickable" time="0.000">
    <skipped/>
  </testcase> <!-- okbuttonisclickable -->
  <system-out/>
  <testcase classname="testpages.DeductionMappingTest" name="backButtonisClickable5" time="0.000">
    <skipped/>
  </testcase> <!-- backButtonisClickable5 -->
  <system-out/>
  <testcase classname="testpages.DeductionMappingTest" name="logoutButtonisClickable1" time="0.000">
    <skipped/>
  </testcase> <!-- logoutButtonisClickable1 -->
  <system-out/>
  <testcase classname="testpages.DeductionMappingTest" name="yesbuttonclickableforlogoutforHOD" time="0.000">
    <skipped/>
  </testcase> <!-- yesbuttonclickableforlogoutforHOD -->
  <system-out/>
</testsuite> <!-- testpages.DeductionMappingTest -->
