<?xml version="1.0" encoding="UTF-8"?>
<!-- Generated by org.testng.reporters.JUnitReportReporter -->
<testsuite hostname="DESKTOP-5G1UN2J" failures="0" tests="47" name="testpages.WorkDetailsTest" time="0.142" errors="1" timestamp="2025-03-04T12:32:59 IST" skipped="46">
  <testcase classname="testpages.WorkDetailsTest" name="loginWithMaker" time="0.000">
    <skipped/>
  </testcase> <!-- loginWithMaker -->
  <system-out/>
  <testcase classname="testpages.WorkDetailsTest" name="openBrowser" time="0.142">
    <error message="Could not start a new session. Possible causes are invalid address of the remote server or browser start-up failure. 
Host info: host: &#039;DESKTOP-5G1UN2J&#039;, ip: &#039;192.168.0.90&#039;
Build info: version: &#039;4.29.0&#039;, revision: &#039;5fc1ec94cb&#039;
System info: os.name: &#039;Windows 11&#039;, os.arch: &#039;amd64&#039;, os.version: &#039;10.0&#039;, java.version: &#039;22.0.1&#039;
Driver info: org.openqa.selenium.chrome.ChromeDriver
Command: [null, newSession {capabilities=[Capabilities {browserName: chrome, goog:chromeOptions: {args: [], extensions: []}}]}]" type="org.openqa.selenium.SessionNotCreatedException">
      <![CDATA[org.openqa.selenium.SessionNotCreatedException: Could not start a new session. Possible causes are invalid address of the remote server or browser start-up failure. 
Host info: host: 'DESKTOP-5G1UN2J', ip: '192.168.0.90'
Build info: version: '4.29.0', revision: '5fc1ec94cb'
System info: os.name: 'Windows 11', os.arch: 'amd64', os.version: '10.0', java.version: '22.0.1'
Driver info: org.openqa.selenium.chrome.ChromeDriver
Command: [null, newSession {capabilities=[Capabilities {browserName: chrome, goog:chromeOptions: {args: [], extensions: []}}]}]
at org.openqa.selenium.remote.RemoteWebDriver.execute(RemoteWebDriver.java:563)
at org.openqa.selenium.remote.RemoteWebDriver.startSession(RemoteWebDriver.java:245)
at org.openqa.selenium.remote.RemoteWebDriver.<init>(RemoteWebDriver.java:174)
at org.openqa.selenium.chromium.ChromiumDriver.<init>(ChromiumDriver.java:110)
at org.openqa.selenium.chrome.ChromeDriver.<init>(ChromeDriver.java:88)
at org.openqa.selenium.chrome.ChromeDriver.<init>(ChromeDriver.java:83)
at org.openqa.selenium.chrome.ChromeDriver.<init>(ChromeDriver.java:51)
at baseclasses.BaseClass.initializeBrowser(BaseClass.java:22)
at testpages.WorkDetailsTest.openBrowser(WorkDetailsTest.java:19)
at java.base/jdk.internal.reflect.DirectMethodHandleAccessor.invoke(DirectMethodHandleAccessor.java:103)
at java.base/java.lang.reflect.Method.invoke(Method.java:580)
at org.testng.internal.MethodInvocationHelper.invokeMethod(MethodInvocationHelper.java:133)
at org.testng.internal.MethodInvocationHelper.invokeMethodConsideringTimeout(MethodInvocationHelper.java:62)
at org.testng.internal.ConfigInvoker.invokeConfigurationMethod(ConfigInvoker.java:385)
at org.testng.internal.ConfigInvoker.invokeConfigurations(ConfigInvoker.java:321)
at org.testng.internal.TestMethodWorker.invokeBeforeClassMethods(TestMethodWorker.java:176)
at org.testng.internal.TestMethodWorker.run(TestMethodWorker.java:122)
at java.base/java.util.ArrayList.forEach(ArrayList.java:1597)
at org.testng.TestRunner.privateRun(TestRunner.java:794)
at org.testng.TestRunner.run(TestRunner.java:596)
at org.testng.SuiteRunner.runTest(SuiteRunner.java:377)
at org.testng.SuiteRunner.runSequentially(SuiteRunner.java:371)
at org.testng.SuiteRunner.privateRun(SuiteRunner.java:332)
at org.testng.SuiteRunner.run(SuiteRunner.java:276)
at org.testng.SuiteRunnerWorker.runSuite(SuiteRunnerWorker.java:53)
at org.testng.SuiteRunnerWorker.run(SuiteRunnerWorker.java:96)
at org.testng.TestNG.runSuitesSequentially(TestNG.java:1212)
at org.testng.TestNG.runSuitesLocally(TestNG.java:1134)
at org.testng.TestNG.runSuites(TestNG.java:1063)
at org.testng.TestNG.run(TestNG.java:1031)
at org.testng.remote.AbstractRemoteTestNG.run(AbstractRemoteTestNG.java:115)
at org.testng.remote.RemoteTestNG.initAndRun(RemoteTestNG.java:293)
at org.testng.remote.RemoteTestNG.main(RemoteTestNG.java:91)
Caused by: java.lang.NoSuchMethodError: 'org.openqa.selenium.remote.http.Contents$Supplier org.openqa.selenium.remote.http.Contents.asJson(java.lang.Object)'
at org.openqa.selenium.remote.NewSessionPayload.create(NewSessionPayload.java:99)
at org.openqa.selenium.remote.NewSessionPayload.create(NewSessionPayload.java:84)
at org.openqa.selenium.remote.ProtocolHandshake.createSession(ProtocolHandshake.java:60)
at org.openqa.selenium.remote.HttpCommandExecutor.execute(HttpCommandExecutor.java:187)
at org.openqa.selenium.remote.service.DriverCommandExecutor.invokeExecute(DriverCommandExecutor.java:216)
at org.openqa.selenium.remote.service.DriverCommandExecutor.execute(DriverCommandExecutor.java:174)
at org.openqa.selenium.remote.RemoteWebDriver.execute(RemoteWebDriver.java:545)
... 32 more
]]>
    </error>
  </testcase> <!-- openBrowser -->
  <system-out/>
  <testcase classname="testpages.WorkDetailsTest" name="AdministrativeWorkIsClickable" time="0.000">
    <skipped/>
  </testcase> <!-- AdministrativeWorkIsClickable -->
  <system-out/>
  <testcase classname="testpages.WorkDetailsTest" name="WorkDetailsIsHovering" time="0.000">
    <skipped/>
  </testcase> <!-- WorkDetailsIsHovering -->
  <system-out/>
  <testcase classname="testpages.WorkDetailsTest" name="WorkDetailCreationIsClickable" time="0.000">
    <skipped/>
  </testcase> <!-- WorkDetailCreationIsClickable -->
  <system-out/>
  <testcase classname="testpages.WorkDetailsTest" name="rokhvahigatIsSelectable" time="0.000">
    <skipped/>
  </testcase> <!-- rokhvahigatIsSelectable -->
  <system-out/>
  <testcase classname="testpages.WorkDetailsTest" name="rokhvahiIsSelectable" time="0.000">
    <skipped/>
  </testcase> <!-- rokhvahiIsSelectable -->
  <system-out/>
  <testcase classname="testpages.WorkDetailsTest" name="Enterheadcode" time="0.000">
    <skipped/>
  </testcase> <!-- Enterheadcode -->
  <system-out/>
  <testcase classname="testpages.WorkDetailsTest" name="HeadcodeisSelectable" time="0.000">
    <skipped/>
  </testcase> <!-- HeadcodeisSelectable -->
  <system-out/>
  <testcase classname="testpages.WorkDetailsTest" name="AdminApprovalNumbercanSelect" time="0.000">
    <skipped/>
  </testcase> <!-- AdminApprovalNumbercanSelect -->
  <system-out/>
  <testcase classname="testpages.WorkDetailsTest" name="PANNumbercanenter" time="0.000">
    <skipped/>
  </testcase> <!-- PANNumbercanenter -->
  <system-out/>
  <testcase classname="testpages.WorkDetailsTest" name="Worknametextboxshouldbeeditable" time="0.000">
    <skipped/>
  </testcase> <!-- Worknametextboxshouldbeeditable -->
  <system-out/>
  <testcase classname="testpages.WorkDetailsTest" name="Worknumbercanenter" time="0.000">
    <skipped/>
  </testcase> <!-- Worknumbercanenter -->
  <system-out/>
  <testcase classname="testpages.WorkDetailsTest" name="Workdateshouldbeeditable" time="0.000">
    <skipped/>
  </testcase> <!-- Workdateshouldbeeditable -->
  <system-out/>
  <testcase classname="testpages.WorkDetailsTest" name="Workdateshouldbeselectable" time="0.000">
    <skipped/>
  </testcase> <!-- Workdateshouldbeselectable -->
  <system-out/>
  <testcase classname="testpages.WorkDetailsTest" name="Workenddateshouldbeeditable" time="0.000">
    <skipped/>
  </testcase> <!-- Workenddateshouldbeeditable -->
  <system-out/>
  <testcase classname="testpages.WorkDetailsTest" name="Workenddateshouldbeselectable" time="0.000">
    <skipped/>
  </testcase> <!-- Workenddateshouldbeselectable -->
  <system-out/>
  <testcase classname="testpages.WorkDetailsTest" name="canEnterworktenderamount" time="0.000">
    <skipped/>
  </testcase> <!-- canEnterworktenderamount -->
  <system-out/>
  <testcase classname="testpages.WorkDetailsTest" name="canEnterpramaamount" time="0.000">
    <skipped/>
  </testcase> <!-- canEnterpramaamount -->
  <system-out/>
  <testcase classname="testpages.WorkDetailsTest" name="fileuploadispossible" time="0.000">
    <skipped/>
  </testcase> <!-- fileuploadispossible -->
  <system-out/>
  <testcase classname="testpages.WorkDetailsTest" name="fileuploadbuttonisclicakble" time="0.000">
    <skipped/>
  </testcase> <!-- fileuploadbuttonisclicakble -->
  <system-out/>
  <testcase classname="testpages.WorkDetailsTest" name="Beneficiaryshouldbeclickable" time="0.000">
    <skipped/>
  </testcase> <!-- Beneficiaryshouldbeclickable -->
  <system-out/>
  <testcase classname="testpages.WorkDetailsTest" name="worksavebuttonisclickable" time="0.000">
    <skipped/>
  </testcase> <!-- worksavebuttonisclickable -->
  <system-out/>
  <testcase classname="testpages.WorkDetailsTest" name="workyesbuttonisclickable" time="0.000">
    <skipped/>
  </testcase> <!-- workyesbuttonisclickable -->
  <system-out/>
  <testcase classname="testpages.WorkDetailsTest" name="workokbuttonisclickable" time="0.000">
    <skipped/>
  </testcase> <!-- workokbuttonisclickable -->
  <system-out/>
  <testcase classname="testpages.WorkDetailsTest" name="Backbuttonisclickable" time="0.000">
    <skipped/>
  </testcase> <!-- Backbuttonisclickable -->
  <system-out/>
  <testcase classname="testpages.WorkDetailsTest" name="AdministrativeWorkIsClickable1" time="0.000">
    <skipped/>
  </testcase> <!-- AdministrativeWorkIsClickable1 -->
  <system-out/>
  <testcase classname="testpages.WorkDetailsTest" name="WorkDetailsIsHovering1" time="0.000">
    <skipped/>
  </testcase> <!-- WorkDetailsIsHovering1 -->
  <system-out/>
  <testcase classname="testpages.WorkDetailsTest" name="MakerWorkOutboxIsClickable" time="0.000">
    <skipped/>
  </testcase> <!-- MakerWorkOutboxIsClickable -->
  <system-out/>
  <testcase classname="testpages.WorkDetailsTest" name="workstatusdropdownIsClickable" time="0.000">
    <skipped/>
  </testcase> <!-- workstatusdropdownIsClickable -->
  <system-out/>
  <testcase classname="testpages.WorkDetailsTest" name="Workissearchable" time="0.000">
    <skipped/>
  </testcase> <!-- Workissearchable -->
  <system-out/>
  <testcase classname="testpages.WorkDetailsTest" name="workslipisdisplay" time="0.000">
    <skipped/>
  </testcase> <!-- workslipisdisplay -->
  <system-out/>
  <testcase classname="testpages.WorkDetailsTest" name="Backbuttonisclickable1" time="0.000">
    <skipped/>
  </testcase> <!-- Backbuttonisclickable1 -->
  <system-out/>
  <testcase classname="testpages.WorkDetailsTest" name="Backbuttonisclickable2" time="0.000">
    <skipped/>
  </testcase> <!-- Backbuttonisclickable2 -->
  <system-out/>
  <testcase classname="testpages.WorkDetailsTest" name="Logoutbuttonisclickable" time="0.000">
    <skipped/>
  </testcase> <!-- Logoutbuttonisclickable -->
  <system-out/>
  <testcase classname="testpages.WorkDetailsTest" name="yesbuttonisclickableforlogout" time="0.000">
    <skipped/>
  </testcase> <!-- yesbuttonisclickableforlogout -->
  <system-out/>
  <testcase classname="testpages.WorkDetailsTest" name="loginWithHOD" time="0.000">
    <skipped/>
  </testcase> <!-- loginWithHOD -->
  <system-out/>
  <testcase classname="testpages.WorkDetailsTest" name="AdministrativeWorkIsClickable2" time="0.000">
    <skipped/>
  </testcase> <!-- AdministrativeWorkIsClickable2 -->
  <system-out/>
  <testcase classname="testpages.WorkDetailsTest" name="WorkDetailsIsHovering2" time="0.000">
    <skipped/>
  </testcase> <!-- WorkDetailsIsHovering2 -->
  <system-out/>
  <testcase classname="testpages.WorkDetailsTest" name="WorkInboxIsclickable" time="0.000">
    <skipped/>
  </testcase> <!-- WorkInboxIsclickable -->
  <system-out/>
  <testcase classname="testpages.WorkDetailsTest" name="SearchWorkforHODApproval" time="0.000">
    <skipped/>
  </testcase> <!-- SearchWorkforHODApproval -->
  <system-out/>
  <testcase classname="testpages.WorkDetailsTest" name="ViewWorkSlipforApproval" time="0.000">
    <skipped/>
  </testcase> <!-- ViewWorkSlipforApproval -->
  <system-out/>
  <testcase classname="testpages.WorkDetailsTest" name="ApproveButtonisclickable" time="0.000">
    <skipped/>
  </testcase> <!-- ApproveButtonisclickable -->
  <system-out/>
  <testcase classname="testpages.WorkDetailsTest" name="yesbuttonisclickableforworkapproval" time="0.000">
    <skipped/>
  </testcase> <!-- yesbuttonisclickableforworkapproval -->
  <system-out/>
  <testcase classname="testpages.WorkDetailsTest" name="BackbuttonisclickableforworkinboxHOD" time="0.000">
    <skipped/>
  </testcase> <!-- BackbuttonisclickableforworkinboxHOD -->
  <system-out/>
  <testcase classname="testpages.WorkDetailsTest" name="LogoutbuttonisclickableforHOD" time="0.000">
    <skipped/>
  </testcase> <!-- LogoutbuttonisclickableforHOD -->
  <system-out/>
  <testcase classname="testpages.WorkDetailsTest" name="yesbuttonisclickableforlogoutasHOD" time="0.000">
    <skipped/>
  </testcase> <!-- yesbuttonisclickableforlogoutasHOD -->
  <system-out/>
</testsuite> <!-- testpages.WorkDetailsTest -->
